TN:
SF:server\app.js
FN:59,(anonymous_0)
FN:64,(anonymous_1)
FN:74,(anonymous_2)
FNF:3
FNH:0
FNDA:0,(anonymous_0)
FNDA:0,(anonymous_1)
FNDA:0,(anonymous_2)
DA:1,2
DA:2,2
DA:3,2
DA:4,2
DA:5,2
DA:6,2
DA:7,2
DA:8,2
DA:9,2
DA:10,2
DA:11,2
DA:12,2
DA:13,2
DA:14,2
DA:17,2
DA:20,2
DA:21,2
DA:22,2
DA:28,2
DA:29,2
DA:33,2
DA:34,2
DA:38,2
DA:39,2
DA:43,2
DA:44,2
DA:48,2
DA:49,2
DA:53,2
DA:56,2
DA:59,2
DA:60,0
DA:64,2
DA:65,0
DA:69,2
DA:72,2
DA:73,0
DA:74,0
DA:75,0
DA:79,2
LF:40
LH:35
BRDA:23,0,0,2
BRDA:23,0,1,0
BRDA:28,1,0,2
BRDA:28,1,1,0
BRDA:33,2,0,2
BRDA:33,2,1,0
BRDA:38,3,0,2
BRDA:38,3,1,0
BRDA:43,4,0,2
BRDA:43,4,1,0
BRDA:48,5,0,2
BRDA:48,5,1,0
BRDA:72,6,0,0
BRDA:72,6,1,2
BRDA:73,7,0,0
BRDA:73,7,1,0
BRF:16
BRH:7
end_of_record
TN:
SF:server\check-server.js
FN:43,checkPortInUse
FN:44,(anonymous_1)
FN:47,(anonymous_2)
FN:55,(anonymous_3)
FN:68,checkDatabaseConnection
FN:82,(anonymous_5)
FN:125,checkEnvironment
FN:139,(anonymous_7)
FN:151,checkPorts
FN:178,checkCriticalFiles
FN:191,(anonymous_10)
FN:204,testLogin
FN:229,main
FN:288,(anonymous_13)
FNF:14
FNH:0
FNDA:0,checkPortInUse
FNDA:0,(anonymous_1)
FNDA:0,(anonymous_2)
FNDA:0,(anonymous_3)
FNDA:0,checkDatabaseConnection
FNDA:0,(anonymous_5)
FNDA:0,checkEnvironment
FNDA:0,(anonymous_7)
FNDA:0,checkPorts
FNDA:0,checkCriticalFiles
FNDA:0,(anonymous_10)
FNDA:0,testLogin
FNDA:0,main
FNDA:0,(anonymous_13)
DA:5,0
DA:6,0
DA:7,0
DA:8,0
DA:9,0
DA:10,0
DA:13,0
DA:27,0
DA:44,0
DA:45,0
DA:47,0
DA:48,0
DA:49,0
DA:51,0
DA:55,0
DA:56,0
DA:57,0
DA:60,0
DA:69,0
DA:70,0
DA:71,0
DA:72,0
DA:73,0
DA:75,0
DA:77,0
DA:78,0
DA:81,0
DA:82,0
DA:84,0
DA:85,0
DA:88,0
DA:89,0
DA:91,0
DA:92,0
DA:95,0
DA:97,0
DA:98,0
DA:99,0
DA:100,0
DA:101,0
DA:103,0
DA:106,0
DA:109,0
DA:113,0
DA:114,0
DA:116,0
DA:117,0
DA:118,0
DA:126,0
DA:129,0
DA:130,0
DA:131,0
DA:133,0
DA:137,0
DA:139,0
DA:140,0
DA:141,0
DA:143,0
DA:152,0
DA:154,0
DA:156,0
DA:157,0
DA:159,0
DA:160,0
DA:161,0
DA:163,0
DA:166,0
DA:167,0
DA:169,0
DA:179,0
DA:181,0
DA:191,0
DA:192,0
DA:193,0
DA:194,0
DA:196,0
DA:205,0
DA:207,0
DA:208,0
DA:209,0
DA:211,0
DA:212,0
DA:213,0
DA:214,0
DA:216,0
DA:219,0
DA:221,0
DA:222,0
DA:230,0
DA:231,0
DA:232,0
DA:233,0
DA:234,0
DA:237,0
DA:240,0
DA:241,0
DA:244,0
DA:245,0
DA:248,0
DA:249,0
DA:252,0
DA:253,0
DA:256,0
DA:257,0
DA:260,0
DA:261,0
DA:262,0
DA:263,0
DA:264,0
DA:267,0
DA:269,0
DA:270,0
DA:271,0
DA:272,0
DA:273,0
DA:274,0
DA:276,0
DA:277,0
DA:280,0
DA:281,0
DA:282,0
DA:284,0
DA:288,0
DA:289,0
DA:290,0
LF:125
LH:0
BRDA:28,0,0,0
BRDA:28,0,1,0
BRDA:29,1,0,0
BRDA:29,1,1,0
BRDA:30,2,0,0
BRDA:30,2,1,0
BRDA:32,3,0,0
BRDA:32,3,1,0
BRDA:48,4,0,0
BRDA:48,4,1,0
BRDA:84,5,0,0
BRDA:84,5,1,0
BRDA:91,6,0,0
BRDA:91,6,1,0
BRDA:97,7,0,0
BRDA:97,7,1,0
BRDA:114,8,0,0
BRDA:114,8,1,0
BRDA:130,9,0,0
BRDA:130,9,1,0
BRDA:140,10,0,0
BRDA:140,10,1,0
BRDA:159,11,0,0
BRDA:159,11,1,0
BRDA:160,12,0,0
BRDA:160,12,1,0
BRDA:166,13,0,0
BRDA:166,13,1,0
BRDA:193,14,0,0
BRDA:193,14,1,0
BRDA:211,15,0,0
BRDA:211,15,1,0
BRDA:256,16,0,0
BRDA:256,16,1,0
BRDA:256,17,0,0
BRDA:256,17,1,0
BRDA:256,17,2,0
BRDA:269,18,0,0
BRDA:269,18,1,0
BRDA:272,19,0,0
BRDA:272,19,1,0
BRDA:272,20,0,0
BRDA:272,20,1,0
BRDA:272,20,2,0
BRF:44
BRH:0
end_of_record
TN:
SF:server\checkDB.js
FN:8,main
FN:15,(anonymous_1)
FN:34,(anonymous_2)
FNF:3
FNH:0
FNDA:0,main
FNDA:0,(anonymous_1)
FNDA:0,(anonymous_2)
DA:5,0
DA:6,0
DA:9,0
DA:10,0
DA:13,0
DA:14,0
DA:15,0
DA:16,0
DA:20,0
DA:21,0
DA:22,0
DA:23,0
DA:24,0
DA:25,0
DA:26,0
DA:28,0
DA:32,0
DA:33,0
DA:34,0
DA:35,0
DA:38,0
DA:40,0
DA:44,0
LF:23
LH:0
BRDA:21,0,0,0
BRDA:21,0,1,0
BRDA:35,1,0,0
BRDA:35,1,1,0
BRF:4
BRH:0
end_of_record
TN:
SF:server\dev.js
FN:19,displayServerInfo
FN:36,checkDatabase
FN:58,main
FN:79,(anonymous_3)
FNF:4
FNH:0
FNDA:0,displayServerInfo
FNDA:0,checkDatabase
FNDA:0,main
FNDA:0,(anonymous_3)
DA:7,0
DA:8,0
DA:11,0
DA:12,0
DA:15,0
DA:16,0
DA:20,0
DA:21,0
DA:22,0
DA:23,0
DA:25,0
DA:26,0
DA:27,0
DA:28,0
DA:29,0
DA:30,0
DA:31,0
DA:32,0
DA:37,0
DA:38,0
DA:46,0
DA:47,0
DA:48,0
DA:49,0
DA:50,0
DA:52,0
DA:53,0
DA:59,0
DA:62,0
DA:63,0
DA:64,0
DA:65,0
DA:69,0
DA:70,0
DA:71,0
DA:73,0
DA:74,0
DA:79,0
DA:80,0
DA:81,0
LF:40
LH:0
BRDA:8,0,0,0
BRDA:8,0,1,0
BRDA:20,1,0,0
BRDA:20,1,1,0
BRDA:21,2,0,0
BRDA:21,2,1,0
BRDA:22,3,0,0
BRDA:22,3,1,0
BRDA:23,4,0,0
BRDA:23,4,1,0
BRDA:39,5,0,0
BRDA:39,5,1,0
BRDA:40,6,0,0
BRDA:40,6,1,0
BRDA:41,7,0,0
BRDA:41,7,1,0
BRDA:42,8,0,0
BRDA:42,8,1,0
BRDA:43,9,0,0
BRDA:43,9,1,0
BRDA:63,10,0,0
BRDA:63,10,1,0
BRF:22
BRH:0
end_of_record
TN:
SF:server\endpoint-implementation.js
FN:304,(anonymous_0)
FN:307,(anonymous_1)
FN:310,(anonymous_2)
FN:313,(anonymous_3)
FN:316,(anonymous_4)
FN:331,(anonymous_5)
FN:334,(anonymous_6)
FN:337,(anonymous_7)
FNF:8
FNH:0
FNDA:0,(anonymous_0)
FNDA:0,(anonymous_1)
FNDA:0,(anonymous_2)
FNDA:0,(anonymous_3)
FNDA:0,(anonymous_4)
FNDA:0,(anonymous_5)
FNDA:0,(anonymous_6)
FNDA:0,(anonymous_7)
DA:7,0
DA:8,0
DA:11,0
DA:12,0
DA:13,0
DA:14,0
DA:15,0
DA:16,0
DA:17,0
DA:18,0
DA:19,0
DA:22,0
DA:23,0
DA:24,0
DA:25,0
DA:28,0
DA:40,0
DA:50,0
DA:51,0
DA:52,0
DA:53,0
DA:58,0
DA:59,0
DA:60,0
DA:61,0
DA:62,0
DA:63,0
DA:68,0
DA:69,0
DA:70,0
DA:71,0
DA:72,0
DA:77,0
DA:78,0
DA:79,0
DA:80,0
DA:81,0
DA:82,0
DA:87,0
DA:88,0
DA:89,0
DA:95,0
DA:101,0
DA:102,0
DA:103,0
DA:108,0
DA:114,0
DA:120,0
DA:126,0
DA:133,0
DA:140,0
DA:146,0
DA:156,0
DA:161,0
DA:166,0
DA:171,0
DA:177,0
DA:183,0
DA:188,0
DA:193,0
DA:198,0
DA:207,0
DA:212,0
DA:217,0
DA:222,0
DA:227,0
DA:233,0
DA:238,0
DA:243,0
DA:249,0
DA:250,0
DA:255,0
DA:260,0
DA:265,0
DA:274,0
DA:279,0
DA:284,0
DA:289,0
DA:294,0
DA:303,0
DA:321,0
DA:322,0
DA:323,0
DA:324,0
DA:325,0
DA:330,0
DA:342,0
DA:347,0
DA:352,0
DA:359,0
DA:361,0
LF:91
LH:0
BRF:0
BRH:0
end_of_record
TN:
SF:server\index.js
FN:36,(anonymous_0)
FN:41,(anonymous_1)
FN:74,(anonymous_2)
FN:83,(anonymous_3)
FN:94,(anonymous_4)
FNF:5
FNH:0
FNDA:0,(anonymous_0)
FNDA:0,(anonymous_1)
FNDA:0,(anonymous_2)
FNDA:0,(anonymous_3)
FNDA:0,(anonymous_4)
DA:6,0
DA:7,0
DA:8,0
DA:9,0
DA:10,0
DA:13,0
DA:14,0
DA:15,0
DA:16,0
DA:17,0
DA:18,0
DA:19,0
DA:22,0
DA:25,0
DA:26,0
DA:27,0
DA:33,0
DA:36,0
DA:37,0
DA:41,0
DA:43,0
DA:50,0
DA:56,0
DA:65,0
DA:66,0
DA:67,0
DA:68,0
DA:69,0
DA:70,0
DA:71,0
DA:74,0
DA:75,0
DA:83,0
DA:84,0
DA:85,0
DA:93,0
DA:94,0
DA:95,0
DA:96,0
DA:100,0
LF:40
LH:0
BRDA:28,0,0,0
BRDA:28,0,1,0
BRDA:46,1,0,0
BRDA:46,1,1,0
BRDA:52,2,0,0
BRDA:52,2,1,0
BRDA:88,3,0,0
BRDA:88,3,1,0
BRDA:93,4,0,0
BRDA:93,4,1,0
BRF:10
BRH:0
end_of_record
TN:
SF:server\initialize-db.js
FN:21,hashPassword
FN:29,initializeDatabase
FN:154,(anonymous_2)
FN:158,(anonymous_3)
FNF:4
FNH:0
FNDA:0,hashPassword
FNDA:0,initializeDatabase
FNDA:0,(anonymous_2)
FNDA:0,(anonymous_3)
DA:5,0
DA:6,0
DA:7,0
DA:9,0
DA:22,0
DA:23,0
DA:32,0
DA:33,0
DA:34,0
DA:42,0
DA:43,0
DA:44,0
DA:47,0
DA:50,0
DA:61,0
DA:73,0
DA:93,0
DA:94,0
DA:96,0
DA:97,0
DA:98,0
DA:109,0
DA:110,0
DA:112,0
DA:113,0
DA:114,0
DA:124,0
DA:125,0
DA:127,0
DA:128,0
DA:129,0
DA:131,0
DA:136,0
DA:137,0
DA:138,0
DA:141,0
DA:143,0
DA:144,0
DA:146,0
DA:147,0
DA:153,0
DA:155,0
DA:156,0
DA:159,0
DA:160,0
LF:45
LH:0
BRDA:10,0,0,0
BRDA:10,0,1,0
BRDA:11,1,0,0
BRDA:11,1,1,0
BRDA:12,2,0,0
BRDA:12,2,1,0
BRDA:96,3,0,0
BRDA:96,3,1,0
BRDA:112,4,0,0
BRDA:112,4,1,0
BRDA:127,5,0,0
BRDA:127,5,1,0
BRDA:146,6,0,0
BRDA:146,6,1,0
BRF:14
BRH:0
end_of_record
TN:
SF:server\mock-server.js
FN:56,(anonymous_0)
FN:65,(anonymous_1)
FN:75,(anonymous_2)
FN:105,(anonymous_3)
FN:130,(anonymous_4)
FN:145,(anonymous_5)
FN:160,(anonymous_6)
FN:177,(anonymous_7)
FNF:8
FNH:0
FNDA:0,(anonymous_0)
FNDA:0,(anonymous_1)
FNDA:0,(anonymous_2)
FNDA:0,(anonymous_3)
FNDA:0,(anonymous_4)
FNDA:0,(anonymous_5)
FNDA:0,(anonymous_6)
FNDA:0,(anonymous_7)
DA:6,0
DA:7,0
DA:8,0
DA:9,0
DA:10,0
DA:11,0
DA:14,0
DA:17,0
DA:18,0
DA:19,0
DA:25,0
DA:47,0
DA:50,0
DA:56,0
DA:57,0
DA:65,0
DA:66,0
DA:75,0
DA:76,0
DA:78,0
DA:79,0
DA:97,0
DA:105,0
DA:107,0
DA:109,0
DA:110,0
DA:122,0
DA:130,0
DA:131,0
DA:145,0
DA:146,0
DA:160,0
DA:161,0
DA:176,0
DA:177,0
DA:178,0
DA:179,0
LF:37
LH:0
BRDA:78,0,0,0
BRDA:78,0,1,0
BRDA:78,1,0,0
BRDA:78,1,1,0
BRDA:109,2,0,0
BRDA:109,2,1,0
BRDA:109,3,0,0
BRDA:109,3,1,0
BRDA:176,4,0,0
BRDA:176,4,1,0
BRF:10
BRH:0
end_of_record
TN:
SF:server\routes-swagger.js
FNF:0
FNH:0
DA:937,0
LF:1
LH:0
BRF:0
BRH:0
end_of_record
TN:
SF:server\server.js
FN:54,(anonymous_0)
FN:58,(anonymous_1)
FN:69,testDatabaseConnection
FN:84,hashPassword
FN:92,verifyPassword
FN:102,(anonymous_5)
FN:117,(anonymous_6)
FN:133,(anonymous_7)
FN:264,(anonymous_8)
FN:296,(anonymous_9)
FN:308,(anonymous_10)
FN:320,(anonymous_11)
FN:338,(anonymous_12)
FN:344,(anonymous_13)
FN:371,(anonymous_14)
FN:384,(anonymous_15)
FN:463,(anonymous_16)
FN:473,(anonymous_17)
FN:482,(anonymous_18)
FN:494,(anonymous_19)
FN:579,(anonymous_20)
FN:595,(anonymous_21)
FN:617,startServer
FN:618,(anonymous_23)
FN:635,(anonymous_24)
FNF:25
FNH:0
FNDA:0,(anonymous_0)
FNDA:0,(anonymous_1)
FNDA:0,testDatabaseConnection
FNDA:0,hashPassword
FNDA:0,verifyPassword
FNDA:0,(anonymous_5)
FNDA:0,(anonymous_6)
FNDA:0,(anonymous_7)
FNDA:0,(anonymous_8)
FNDA:0,(anonymous_9)
FNDA:0,(anonymous_10)
FNDA:0,(anonymous_11)
FNDA:0,(anonymous_12)
FNDA:0,(anonymous_13)
FNDA:0,(anonymous_14)
FNDA:0,(anonymous_15)
FNDA:0,(anonymous_16)
FNDA:0,(anonymous_17)
FNDA:0,(anonymous_18)
FNDA:0,(anonymous_19)
FNDA:0,(anonymous_20)
FNDA:0,(anonymous_21)
FNDA:0,startServer
FNDA:0,(anonymous_23)
FNDA:0,(anonymous_24)
DA:7,0
DA:8,0
DA:9,0
DA:10,0
DA:11,0
DA:12,0
DA:13,0
DA:14,0
DA:15,0
DA:16,0
DA:19,0
DA:22,0
DA:31,0
DA:32,0
DA:35,0
DA:39,0
DA:42,0
DA:54,0
DA:55,0
DA:56,0
DA:58,0
DA:59,0
DA:60,0
DA:63,0
DA:70,0
DA:71,0
DA:72,0
DA:73,0
DA:74,0
DA:76,0
DA:77,0
DA:85,0
DA:86,0
DA:93,0
DA:94,0
DA:96,0
DA:97,0
DA:102,0
DA:103,0
DA:117,0
DA:118,0
DA:120,0
DA:133,0
DA:134,0
DA:136,0
DA:138,0
DA:139,0
DA:145,0
DA:147,0
DA:150,0
DA:156,0
DA:157,0
DA:158,0
DA:159,0
DA:165,0
DA:171,0
DA:174,0
DA:175,0
DA:176,0
DA:178,0
DA:179,0
DA:181,0
DA:185,0
DA:187,0
DA:188,0
DA:193,0
DA:197,0
DA:202,0
DA:205,0
DA:219,0
DA:221,0
DA:222,0
DA:237,0
DA:238,0
DA:243,0
DA:246,0
DA:247,0
DA:248,0
DA:254,0
DA:255,0
DA:264,0
DA:265,0
DA:267,0
DA:268,0
DA:274,0
DA:276,0
DA:277,0
DA:279,0
DA:285,0
DA:296,0
DA:297,0
DA:308,0
DA:309,0
DA:320,0
DA:322,0
DA:323,0
DA:324,0
DA:325,0
DA:328,0
DA:337,0
DA:338,0
DA:342,0
DA:343,0
DA:344,0
DA:345,0
DA:352,0
DA:353,0
DA:354,0
DA:356,0
DA:371,0
DA:372,0
DA:384,0
DA:385,0
DA:463,0
DA:464,0
DA:465,0
DA:473,0
DA:474,0
DA:482,0
DA:483,0
DA:494,0
DA:495,0
DA:497,0
DA:498,0
DA:505,0
DA:506,0
DA:508,0
DA:579,0
DA:580,0
DA:595,0
DA:596,0
DA:614,0
DA:618,0
DA:619,0
DA:620,0
DA:621,0
DA:622,0
DA:623,0
DA:624,0
DA:625,0
DA:626,0
DA:627,0
DA:628,0
DA:629,0
DA:630,0
DA:631,0
DA:632,0
DA:635,0
DA:636,0
DA:637,0
DA:638,0
DA:640,0
DA:646,0
DA:647,0
LF:154
LH:0
BRDA:43,0,0,0
BRDA:43,0,1,0
BRDA:44,1,0,0
BRDA:44,1,1,0
BRDA:45,2,0,0
BRDA:45,2,1,0
BRDA:47,3,0,0
BRDA:47,3,1,0
BRDA:123,4,0,0
BRDA:123,4,1,0
BRDA:124,5,0,0
BRDA:124,5,1,0
BRDA:138,6,0,0
BRDA:138,6,1,0
BRDA:138,7,0,0
BRDA:138,7,1,0
BRDA:156,8,0,0
BRDA:156,8,1,0
BRDA:174,9,0,0
BRDA:174,9,1,0
BRDA:174,10,0,0
BRDA:174,10,1,0
BRDA:185,11,0,0
BRDA:185,11,1,0
BRDA:202,12,0,0
BRDA:202,12,1,0
BRDA:215,13,0,0
BRDA:215,13,1,0
BRDA:267,14,0,0
BRDA:267,14,1,0
BRDA:267,15,0,0
BRDA:267,15,1,0
BRDA:277,16,0,0
BRDA:277,16,1,0
BRDA:322,17,0,0
BRDA:322,17,1,0
BRDA:323,18,0,0
BRDA:323,18,1,0
BRDA:324,19,0,0
BRDA:324,19,1,0
BRDA:337,20,0,0
BRDA:337,20,1,0
BRDA:342,21,0,0
BRDA:342,21,1,0
BRDA:345,22,0,0
BRDA:345,22,1,0
BRDA:345,22,2,0
BRDA:468,23,0,0
BRDA:468,23,1,0
BRDA:497,24,0,0
BRDA:497,24,1,0
BRDA:497,25,0,0
BRDA:497,25,1,0
BRDA:497,25,2,0
BRDA:515,26,0,0
BRDA:515,26,1,0
BRDA:516,27,0,0
BRDA:516,27,1,0
BRDA:547,28,0,0
BRDA:547,28,1,0
BRDA:601,29,0,0
BRDA:601,29,1,0
BRDA:622,30,0,0
BRDA:622,30,1,0
BRDA:636,31,0,0
BRDA:636,31,1,0
BRDA:646,32,0,0
BRDA:646,32,1,0
BRF:68
BRH:0
end_of_record
TN:
SF:server\swagger-server.js
FN:68,(anonymous_0)
FN:89,(anonymous_1)
FN:99,(anonymous_2)
FN:149,(anonymous_3)
FNF:4
FNH:0
FNDA:0,(anonymous_0)
FNDA:0,(anonymous_1)
FNDA:0,(anonymous_2)
FNDA:0,(anonymous_3)
DA:8,0
DA:10,0
DA:11,0
DA:12,0
DA:13,0
DA:14,0
DA:15,0
DA:18,0
DA:21,0
DA:45,0
DA:51,0
DA:54,0
DA:55,0
DA:58,0
DA:64,0
DA:67,0
DA:68,0
DA:70,0
DA:71,0
DA:72,0
DA:74,0
DA:75,0
DA:78,0
DA:79,0
DA:82,0
DA:86,0
DA:89,0
DA:90,0
DA:99,0
DA:100,0
DA:148,0
DA:149,0
DA:150,0
DA:151,0
DA:153,0
DA:154,0
LF:36
LH:0
BRDA:59,0,0,0
BRDA:59,0,1,0
BRDA:67,1,0,0
BRDA:67,1,1,0
BRDA:70,2,0,0
BRDA:70,2,1,0
BRDA:70,3,0,0
BRDA:70,3,1,0
BRDA:71,4,0,0
BRDA:71,4,1,0
BRDA:71,5,0,0
BRDA:71,5,1,0
BRDA:74,6,0,0
BRDA:74,6,1,0
BRDA:74,7,0,0
BRDA:74,7,1,0
BRDA:74,7,2,0
BRDA:74,7,3,0
BRDA:94,8,0,0
BRDA:94,8,1,0
BRDA:138,9,0,0
BRDA:138,9,1,0
BRDA:148,10,0,0
BRDA:148,10,1,0
BRDA:153,11,0,0
BRDA:153,11,1,0
BRF:26
BRH:0
end_of_record
TN:
SF:server\swagger.js
FN:368,(anonymous_0)
FN:371,(anonymous_1)
FN:384,(anonymous_2)
FNF:3
FNH:1
FNDA:2,(anonymous_0)
FNDA:0,(anonymous_1)
FNDA:0,(anonymous_2)
DA:6,2
DA:7,2
DA:8,2
DA:9,2
DA:12,2
DA:365,2
DA:368,2
DA:369,2
DA:371,2
DA:372,0
DA:376,2
DA:377,2
DA:384,2
DA:385,0
DA:386,0
DA:389,2
DA:391,0
DA:395,2
LF:18
LH:14
BRF:0
BRH:0
end_of_record
TN:
SF:server\test-server.js
FN:25,(anonymous_0)
FN:60,(anonymous_1)
FN:92,(anonymous_2)
FN:129,(anonymous_3)
FN:137,(anonymous_4)
FN:164,(anonymous_5)
FN:206,(anonymous_6)
FN:208,(anonymous_7)
FN:226,(anonymous_8)
FN:232,(anonymous_9)
FN:258,(anonymous_10)
FN:356,(anonymous_11)
FN:412,(anonymous_12)
FN:478,(anonymous_13)
FN:490,(anonymous_14)
FN:502,(anonymous_15)
FN:514,(anonymous_16)
FN:526,(anonymous_17)
FN:541,(anonymous_18)
FN:550,(anonymous_19)
FN:605,(anonymous_20)
FN:606,(anonymous_21)
FN:609,(anonymous_22)
FN:613,(anonymous_23)
FN:623,(anonymous_24)
FN:636,(anonymous_25)
FN:639,(anonymous_26)
FN:656,(anonymous_27)
FN:657,(anonymous_28)
FNF:29
FNH:14
FNDA:11,(anonymous_0)
FNDA:1,(anonymous_1)
FNDA:1,(anonymous_2)
FNDA:1,(anonymous_3)
FNDA:0,(anonymous_4)
FNDA:2,(anonymous_5)
FNDA:2,(anonymous_6)
FNDA:0,(anonymous_7)
FNDA:0,(anonymous_8)
FNDA:0,(anonymous_9)
FNDA:0,(anonymous_10)
FNDA:0,(anonymous_11)
FNDA:0,(anonymous_12)
FNDA:0,(anonymous_13)
FNDA:0,(anonymous_14)
FNDA:0,(anonymous_15)
FNDA:0,(anonymous_16)
FNDA:0,(anonymous_17)
FNDA:0,(anonymous_18)
FNDA:0,(anonymous_19)
FNDA:2,(anonymous_20)
FNDA:2,(anonymous_21)
FNDA:0,(anonymous_22)
FNDA:2,(anonymous_23)
FNDA:2,(anonymous_24)
FNDA:2,(anonymous_25)
FNDA:2,(anonymous_26)
FNDA:2,(anonymous_27)
FNDA:2,(anonymous_28)
DA:6,2
DA:8,2
DA:9,2
DA:10,2
DA:11,2
DA:12,2
DA:14,2
DA:17,2
DA:18,2
DA:19,2
DA:25,2
DA:27,11
DA:28,11
DA:29,8
DA:30,8
DA:34,8
DA:35,8
DA:37,8
DA:38,8
DA:41,8
DA:42,8
DA:45,8
DA:47,0
DA:50,11
DA:54,2
DA:57,2
DA:60,2
DA:61,1
DA:63,1
DA:64,0
DA:72,1
DA:78,1
DA:92,2
DA:93,1
DA:94,1
DA:95,0
DA:101,1
DA:103,1
DA:104,1
DA:105,1
DA:121,0
DA:129,2
DA:130,1
DA:137,2
DA:138,0
DA:139,0
DA:149,0
DA:155,0
DA:164,2
DA:165,2
DA:168,2
DA:169,1
DA:179,1
DA:186,1
DA:198,1
DA:206,2
DA:208,2
DA:210,0
DA:211,0
DA:212,0
DA:213,0
DA:216,0
DA:225,0
DA:226,0
DA:230,0
DA:231,0
DA:232,0
DA:233,0
DA:240,0
DA:241,0
DA:242,0
DA:244,0
DA:258,2
DA:259,0
DA:262,0
DA:263,0
DA:270,0
DA:271,0
DA:272,0
DA:274,0
DA:348,0
DA:356,2
DA:358,0
DA:359,0
DA:373,0
DA:376,0
DA:377,0
DA:385,0
DA:401,0
DA:404,0
DA:412,2
DA:413,0
DA:416,0
DA:417,0
DA:424,0
DA:425,0
DA:443,0
DA:447,0
DA:467,0
DA:470,0
DA:478,2
DA:479,0
DA:490,2
DA:491,0
DA:502,2
DA:503,0
DA:514,2
DA:515,0
DA:526,2
DA:527,0
DA:538,2
DA:541,2
DA:542,0
DA:550,2
DA:551,0
DA:602,2
DA:605,2
DA:606,2
DA:607,2
DA:609,2
DA:610,0
DA:613,2
DA:614,2
DA:615,2
DA:618,2
DA:623,2
DA:624,2
DA:625,2
DA:626,0
DA:627,0
DA:628,0
DA:631,2
DA:636,2
DA:637,2
DA:639,2
DA:640,2
DA:641,2
DA:642,2
DA:643,2
DA:644,2
DA:645,2
DA:646,2
DA:647,2
DA:648,2
DA:649,2
DA:652,2
DA:656,2
DA:657,2
DA:658,2
DA:659,2
DA:661,0
DA:667,2
LF:152
LH:92
BRDA:28,0,0,8
BRDA:28,0,1,3
BRDA:28,1,0,11
BRDA:28,1,1,8
BRDA:34,2,0,8
BRDA:34,2,1,0
BRDA:35,3,0,8
BRDA:35,3,1,0
BRDA:41,4,0,8
BRDA:41,4,1,0
BRDA:63,5,0,0
BRDA:63,5,1,1
BRDA:74,6,0,1
BRDA:74,6,1,0
BRDA:94,7,0,0
BRDA:94,7,1,1
BRDA:94,8,0,1
BRDA:94,8,1,1
BRDA:104,9,0,1
BRDA:104,9,1,0
BRDA:138,10,0,0
BRDA:138,10,1,0
BRDA:141,11,0,0
BRDA:141,11,1,0
BRDA:142,12,0,0
BRDA:142,12,1,0
BRDA:143,13,0,0
BRDA:143,13,1,0
BRDA:144,14,0,0
BRDA:144,14,1,0
BRDA:145,15,0,0
BRDA:145,15,1,0
BRDA:146,16,0,0
BRDA:146,16,1,0
BRDA:151,17,0,0
BRDA:151,17,1,0
BRDA:168,18,0,1
BRDA:168,18,1,1
BRDA:168,19,0,2
BRDA:168,19,1,2
BRDA:168,19,2,1
BRDA:181,20,0,1
BRDA:181,20,1,0
BRDA:210,21,0,0
BRDA:210,21,1,0
BRDA:211,22,0,0
BRDA:211,22,1,0
BRDA:212,23,0,0
BRDA:212,23,1,0
BRDA:225,24,0,0
BRDA:225,24,1,0
BRDA:230,25,0,0
BRDA:230,25,1,0
BRDA:233,26,0,0
BRDA:233,26,1,0
BRDA:233,26,2,0
BRDA:262,27,0,0
BRDA:262,27,1,0
BRDA:270,28,0,0
BRDA:270,28,1,0
BRDA:270,29,0,0
BRDA:270,29,1,0
BRDA:270,29,2,0
BRDA:281,30,0,0
BRDA:281,30,1,0
BRDA:282,31,0,0
BRDA:282,31,1,0
BRDA:313,32,0,0
BRDA:313,32,1,0
BRDA:358,33,0,0
BRDA:358,33,1,0
BRDA:372,34,0,0
BRDA:376,35,0,0
BRDA:376,35,1,0
BRDA:376,36,0,0
BRDA:376,36,1,0
BRDA:376,36,2,0
BRDA:376,36,3,0
BRDA:389,37,0,0
BRDA:389,37,1,0
BRDA:394,38,0,0
BRDA:394,38,1,0
BRDA:395,39,0,0
BRDA:395,39,1,0
BRDA:395,39,2,0
BRDA:398,40,0,0
BRDA:398,40,1,0
BRDA:416,41,0,0
BRDA:416,41,1,0
BRDA:424,42,0,0
BRDA:424,42,1,0
BRDA:424,43,0,0
BRDA:424,43,1,0
BRDA:424,43,2,0
BRDA:450,44,0,0
BRDA:450,44,1,0
BRDA:452,45,0,0
BRDA:452,45,1,0
BRDA:452,46,0,0
BRDA:452,46,1,0
BRDA:453,47,0,0
BRDA:453,47,1,0
BRDA:456,48,0,0
BRDA:456,48,1,0
BRDA:457,49,0,0
BRDA:457,49,1,0
BRDA:458,50,0,0
BRDA:458,50,1,0
BRDA:460,51,0,0
BRDA:460,51,1,0
BRDA:461,52,0,0
BRDA:461,52,1,0
BRDA:462,53,0,0
BRDA:462,53,1,0
BRDA:463,54,0,0
BRDA:463,54,1,0
BRDA:464,55,0,0
BRDA:464,55,1,0
BRDA:602,56,0,2
BRDA:602,56,1,2
BRDA:627,57,0,0
BRDA:627,57,1,0
BRDA:643,58,0,2
BRDA:643,58,1,0
BRDA:658,59,0,2
BRDA:658,59,1,0
BRF:126
BRH:23
end_of_record
TN:
SF:server\testAuthService.js
FN:11,mockLogSecurityEvent
FN:16,testLogin
FN:45,(anonymous_2)
FN:49,(anonymous_3)
FNF:4
FNH:0
FNDA:0,mockLogSecurityEvent
FNDA:0,testLogin
FNDA:0,(anonymous_2)
FNDA:0,(anonymous_3)
DA:5,0
DA:6,0
DA:7,0
DA:10,0
DA:11,0
DA:12,0
DA:13,0
DA:17,0
DA:18,0
DA:19,0
DA:21,0
DA:23,0
DA:24,0
DA:25,0
DA:26,0
DA:27,0
DA:28,0
DA:31,0
DA:32,0
DA:34,0
DA:36,0
DA:37,0
DA:38,0
DA:39,0
DA:44,0
DA:46,0
DA:47,0
DA:50,0
DA:51,0
LF:29
LH:0
BRDA:11,0,0,0
BRDA:31,1,0,0
BRDA:31,1,1,0
BRDA:32,2,0,0
BRDA:32,2,1,0
BRDA:38,3,0,0
BRDA:38,3,1,0
BRF:7
BRH:0
end_of_record
TN:
SF:server\controllers\area.controller.js
FN:14,(anonymous_0)
FN:60,(anonymous_1)
FN:110,(anonymous_2)
FN:182,(anonymous_3)
FN:293,(anonymous_4)
FN:365,(anonymous_5)
FNF:6
FNH:2
FNDA:2,(anonymous_0)
FNDA:4,(anonymous_1)
FNDA:0,(anonymous_2)
FNDA:0,(anonymous_3)
FNDA:0,(anonymous_4)
FNDA:0,(anonymous_5)
DA:6,1
DA:7,1
DA:14,1
DA:15,2
DA:16,2
DA:18,2
DA:28,2
DA:33,2
DA:38,1
DA:45,1
DA:47,1
DA:60,1
DA:61,4
DA:62,4
DA:64,4
DA:65,1
DA:71,3
DA:80,3
DA:82,2
DA:83,1
DA:89,1
DA:95,1
DA:97,1
DA:110,1
DA:111,0
DA:112,0
DA:115,0
DA:116,0
DA:123,0
DA:124,0
DA:126,0
DA:127,0
DA:134,0
DA:135,0
DA:136,0
DA:138,0
DA:139,0
DA:147,0
DA:155,0
DA:159,0
DA:161,0
DA:167,0
DA:169,0
DA:182,1
DA:183,0
DA:184,0
DA:185,0
DA:187,0
DA:188,0
DA:195,0
DA:196,0
DA:198,0
DA:199,0
DA:206,0
DA:207,0
DA:208,0
DA:210,0
DA:211,0
DA:219,0
DA:220,0
DA:221,0
DA:223,0
DA:224,0
DA:232,0
DA:233,0
DA:234,0
DA:236,0
DA:237,0
DA:238,0
DA:241,0
DA:242,0
DA:243,0
DA:246,0
DA:247,0
DA:248,0
DA:251,0
DA:252,0
DA:259,0
DA:261,0
DA:268,0
DA:270,0
DA:272,0
DA:278,0
DA:280,0
DA:293,1
DA:294,0
DA:295,0
DA:297,0
DA:298,0
DA:305,0
DA:306,0
DA:308,0
DA:309,0
DA:316,0
DA:317,0
DA:319,0
DA:320,0
DA:328,0
DA:329,0
DA:331,0
DA:332,0
DA:340,0
DA:341,0
DA:343,0
DA:345,0
DA:350,0
DA:352,0
DA:365,1
DA:366,0
DA:367,0
DA:368,0
DA:370,0
DA:371,0
DA:378,0
DA:379,0
DA:381,0
DA:382,0
DA:389,0
DA:398,0
DA:399,0
DA:401,0
DA:402,0
DA:403,0
DA:406,0
DA:407,0
DA:408,0
DA:411,0
DA:412,0
DA:413,0
DA:416,0
DA:418,0
DA:420,0
DA:427,0
DA:433,0
DA:441,1
LF:135
LH:28
BRDA:16,0,0,1
BRDA:16,1,0,1
BRDA:64,2,0,1
BRDA:64,2,1,3
BRDA:64,3,0,4
BRDA:64,3,1,4
BRDA:82,4,0,1
BRDA:82,4,1,1
BRDA:115,5,0,0
BRDA:115,5,1,0
BRDA:126,6,0,0
BRDA:126,6,1,0
BRDA:134,7,0,0
BRDA:134,7,1,0
BRDA:138,8,0,0
BRDA:138,8,1,0
BRDA:156,9,0,0
BRDA:156,9,1,0
BRDA:156,10,0,0
BRDA:156,10,1,0
BRDA:187,11,0,0
BRDA:187,11,1,0
BRDA:187,12,0,0
BRDA:187,12,1,0
BRDA:198,13,0,0
BRDA:198,13,1,0
BRDA:206,14,0,0
BRDA:206,14,1,0
BRDA:210,15,0,0
BRDA:210,15,1,0
BRDA:219,16,0,0
BRDA:219,16,1,0
BRDA:223,17,0,0
BRDA:223,17,1,0
BRDA:236,18,0,0
BRDA:236,18,1,0
BRDA:241,19,0,0
BRDA:241,19,1,0
BRDA:246,20,0,0
BRDA:246,20,1,0
BRDA:248,21,0,0
BRDA:248,21,1,0
BRDA:251,22,0,0
BRDA:251,22,1,0
BRDA:297,23,0,0
BRDA:297,23,1,0
BRDA:297,24,0,0
BRDA:297,24,1,0
BRDA:308,25,0,0
BRDA:308,25,1,0
BRDA:319,26,0,0
BRDA:319,26,1,0
BRDA:331,27,0,0
BRDA:331,27,1,0
BRDA:370,28,0,0
BRDA:370,28,1,0
BRDA:370,29,0,0
BRDA:370,29,1,0
BRDA:381,30,0,0
BRDA:381,30,1,0
BRDA:401,31,0,0
BRDA:401,31,1,0
BRDA:406,32,0,0
BRDA:406,32,1,0
BRDA:411,33,0,0
BRDA:411,33,1,0
BRF:66
BRH:8
end_of_record
TN:
SF:server\controllers\auth.controller.js
FN:13,logSecurityEvent
FN:23,(anonymous_1)
FN:75,(anonymous_2)
FN:126,(anonymous_3)
FN:174,(anonymous_4)
FN:233,(anonymous_5)
FN:262,(anonymous_6)
FN:323,(anonymous_7)
FN:371,(anonymous_8)
FN:417,(anonymous_9)
FN:464,(anonymous_10)
FN:512,(anonymous_11)
FN:560,(anonymous_12)
FN:592,(anonymous_13)
FNF:14
FNH:4
FNDA:2,logSecurityEvent
FNDA:3,(anonymous_1)
FNDA:2,(anonymous_2)
FNDA:3,(anonymous_3)
FNDA:0,(anonymous_4)
FNDA:0,(anonymous_5)
FNDA:0,(anonymous_6)
FNDA:0,(anonymous_7)
FNDA:0,(anonymous_8)
FNDA:0,(anonymous_9)
FNDA:0,(anonymous_10)
FNDA:0,(anonymous_11)
FNDA:0,(anonymous_12)
FNDA:0,(anonymous_13)
DA:7,1
DA:8,1
DA:9,1
DA:10,1
DA:14,2
DA:15,2
DA:23,1
DA:24,3
DA:25,3
DA:27,3
DA:28,1
DA:34,2
DA:36,2
DA:39,1
DA:48,1
DA:54,1
DA:61,0
DA:63,0
DA:75,1
DA:76,2
DA:78,2
DA:79,2
DA:82,2
DA:84,2
DA:86,2
DA:89,1
DA:95,1
DA:96,0
DA:99,1
DA:104,1
DA:106,1
DA:112,0
DA:114,0
DA:126,1
DA:127,3
DA:128,3
DA:130,3
DA:131,1
DA:137,2
DA:139,2
DA:141,1
DA:149,1
DA:154,1
DA:160,0
DA:162,0
DA:174,1
DA:175,0
DA:176,0
DA:177,0
DA:178,0
DA:184,0
DA:186,0
DA:188,0
DA:191,0
DA:196,0
DA:213,0
DA:219,0
DA:221,0
DA:233,1
DA:234,0
DA:236,0
DA:248,0
DA:250,0
DA:262,1
DA:263,0
DA:264,0
DA:267,0
DA:268,0
DA:269,0
DA:270,0
DA:277,0
DA:288,0
DA:294,0
DA:301,0
DA:303,0
DA:309,0
DA:311,0
DA:323,1
DA:324,0
DA:325,0
DA:327,0
DA:328,0
DA:334,0
DA:335,0
DA:338,0
DA:344,0
DA:349,0
DA:351,0
DA:357,0
DA:359,0
DA:371,1
DA:372,0
DA:373,0
DA:375,0
DA:376,0
DA:382,0
DA:383,0
DA:386,0
DA:390,0
DA:395,0
DA:397,0
DA:403,0
DA:405,0
DA:417,1
DA:418,0
DA:419,0
DA:421,0
DA:422,0
DA:428,0
DA:429,0
DA:432,0
DA:437,0
DA:442,0
DA:444,0
DA:450,0
DA:452,0
DA:464,1
DA:465,0
DA:466,0
DA:468,0
DA:469,0
DA:475,0
DA:476,0
DA:479,0
DA:485,0
DA:490,0
DA:492,0
DA:498,0
DA:500,0
DA:512,1
DA:513,0
DA:514,0
DA:516,0
DA:517,0
DA:523,0
DA:524,0
DA:527,0
DA:533,0
DA:538,0
DA:540,0
DA:546,0
DA:548,0
DA:560,1
DA:561,0
DA:562,0
DA:563,0
DA:565,0
DA:570,0
DA:572,0
DA:578,0
DA:580,0
DA:592,1
DA:593,0
DA:594,0
DA:595,0
DA:598,0
DA:603,0
DA:608,0
DA:610,0
DA:616,0
DA:618,0
LF:161
LH:48
BRDA:13,0,0,0
BRDA:27,1,0,1
BRDA:27,1,1,2
BRDA:27,2,0,3
BRDA:27,2,1,2
BRDA:54,3,0,1
BRDA:54,3,1,1
BRDA:56,4,0,1
BRDA:56,4,1,0
BRDA:79,5,0,2
BRDA:79,5,1,2
BRDA:91,6,0,1
BRDA:91,6,1,0
BRDA:95,7,0,0
BRDA:95,7,1,1
BRDA:130,8,0,1
BRDA:130,8,1,2
BRDA:154,9,0,1
BRDA:154,9,1,1
BRDA:156,10,0,1
BRDA:156,10,1,0
BRDA:177,11,0,0
BRDA:177,11,1,0
BRDA:177,12,0,0
BRDA:177,12,1,0
BRDA:213,13,0,0
BRDA:213,13,1,0
BRDA:215,14,0,0
BRDA:215,14,1,0
BRDA:269,15,0,0
BRDA:269,15,1,0
BRDA:303,16,0,0
BRDA:303,16,1,0
BRDA:305,17,0,0
BRDA:305,17,1,0
BRDA:327,18,0,0
BRDA:327,18,1,0
BRDA:351,19,0,0
BRDA:351,19,1,0
BRDA:353,20,0,0
BRDA:353,20,1,0
BRDA:375,21,0,0
BRDA:375,21,1,0
BRDA:375,22,0,0
BRDA:375,22,1,0
BRDA:397,23,0,0
BRDA:397,23,1,0
BRDA:399,24,0,0
BRDA:399,24,1,0
BRDA:421,25,0,0
BRDA:421,25,1,0
BRDA:421,26,0,0
BRDA:421,26,1,0
BRDA:444,27,0,0
BRDA:444,27,1,0
BRDA:446,28,0,0
BRDA:446,28,1,0
BRDA:468,29,0,0
BRDA:468,29,1,0
BRDA:492,30,0,0
BRDA:492,30,1,0
BRDA:494,31,0,0
BRDA:494,31,1,0
BRDA:516,32,0,0
BRDA:516,32,1,0
BRDA:540,33,0,0
BRDA:540,33,1,0
BRDA:542,34,0,0
BRDA:542,34,1,0
BRDA:572,35,0,0
BRDA:572,35,1,0
BRDA:574,36,0,0
BRDA:574,36,1,0
BRDA:610,37,0,0
BRDA:610,37,1,0
BRDA:612,38,0,0
BRDA:612,38,1,0
BRF:77
BRH:16
end_of_record
TN:
SF:server\controllers\document.controller.js
FN:15,(anonymous_0)
FN:151,(anonymous_1)
FN:240,(anonymous_2)
FN:337,(anonymous_3)
FN:425,(anonymous_4)
FN:517,(anonymous_5)
FN:594,(anonymous_6)
FN:724,(anonymous_7)
FN:799,(anonymous_8)
FN:883,(anonymous_9)
FNF:10
FNH:1
FNDA:3,(anonymous_0)
FNDA:0,(anonymous_1)
FNDA:0,(anonymous_2)
FNDA:0,(anonymous_3)
FNDA:0,(anonymous_4)
FNDA:0,(anonymous_5)
FNDA:0,(anonymous_6)
FNDA:0,(anonymous_7)
FNDA:0,(anonymous_8)
FNDA:0,(anonymous_9)
DA:7,1
DA:8,1
DA:15,1
DA:16,3
DA:27,3
DA:30,3
DA:33,3
DA:52,3
DA:59,3
DA:62,3
DA:63,1
DA:64,1
DA:65,1
DA:68,3
DA:69,0
DA:70,0
DA:71,0
DA:74,3
DA:75,0
DA:76,0
DA:77,0
DA:80,3
DA:81,0
DA:82,0
DA:83,0
DA:86,3
DA:87,0
DA:88,0
DA:89,0
DA:92,3
DA:93,0
DA:99,0
DA:105,0
DA:106,0
DA:110,3
DA:111,3
DA:114,3
DA:120,2
DA:121,2
DA:124,2
DA:137,1
DA:139,1
DA:151,1
DA:152,0
DA:153,0
DA:156,0
DA:157,0
DA:164,0
DA:177,0
DA:179,0
DA:180,0
DA:187,0
DA:193,0
DA:211,0
DA:212,0
DA:215,0
DA:221,0
DA:226,0
DA:228,0
DA:240,1
DA:241,0
DA:253,0
DA:256,0
DA:257,0
DA:264,0
DA:269,0
DA:270,0
DA:277,0
DA:280,0
DA:303,0
DA:304,0
DA:308,0
DA:314,0
DA:323,0
DA:325,0
DA:337,1
DA:338,0
DA:339,0
DA:348,0
DA:351,0
DA:356,0
DA:357,0
DA:364,0
DA:365,0
DA:366,0
DA:373,0
DA:396,0
DA:397,0
DA:401,0
DA:406,0
DA:411,0
DA:413,0
DA:425,1
DA:426,0
DA:427,0
DA:428,0
DA:431,0
DA:433,0
DA:434,0
DA:441,0
DA:446,0
DA:447,0
DA:454,0
DA:463,0
DA:464,0
DA:465,0
DA:467,0
DA:469,0
DA:471,0
DA:472,0
DA:476,0
DA:491,0
DA:498,0
DA:503,0
DA:505,0
DA:517,1
DA:518,0
DA:519,0
DA:522,0
DA:525,0
DA:530,0
DA:536,0
DA:537,0
DA:538,0
DA:545,0
DA:546,0
DA:550,0
DA:553,0
DA:555,0
DA:556,0
DA:557,0
DA:564,0
DA:567,0
DA:572,0
DA:578,0
DA:580,0
DA:582,0
DA:594,1
DA:595,0
DA:596,0
DA:597,0
DA:599,0
DA:600,0
DA:607,0
DA:610,0
DA:615,0
DA:616,0
DA:617,0
DA:623,0
DA:626,0
DA:629,0
DA:630,0
DA:631,0
DA:638,0
DA:657,0
DA:673,0
DA:688,0
DA:691,0
DA:698,0
DA:708,0
DA:710,0
DA:712,0
DA:724,1
DA:725,0
DA:726,0
DA:729,0
DA:734,0
DA:735,0
DA:742,0
DA:762,0
DA:776,0
DA:785,0
DA:787,0
DA:799,1
DA:800,0
DA:801,0
DA:804,0
DA:809,0
DA:810,0
DA:817,0
DA:818,0
DA:825,0
DA:828,0
DA:845,0
DA:846,0
DA:850,0
DA:858,0
DA:869,0
DA:871,0
DA:883,1
DA:884,0
DA:885,0
DA:888,0
DA:896,0
DA:897,0
DA:903,0
DA:906,0
DA:907,0
DA:908,0
DA:913,0
DA:920,0
DA:927,0
DA:928,0
DA:930,0
DA:932,0
DA:934,0
DA:941,1
LF:207
LH:36
BRDA:19,0,0,0
BRDA:20,1,0,0
BRDA:62,2,0,1
BRDA:62,2,1,2
BRDA:68,3,0,0
BRDA:68,3,1,3
BRDA:74,4,0,0
BRDA:74,4,1,3
BRDA:80,5,0,0
BRDA:80,5,1,3
BRDA:86,6,0,0
BRDA:86,6,1,3
BRDA:92,7,0,0
BRDA:92,7,1,3
BRDA:156,8,0,0
BRDA:156,8,1,0
BRDA:156,9,0,0
BRDA:156,9,1,0
BRDA:179,10,0,0
BRDA:179,10,1,0
BRDA:256,11,0,0
BRDA:256,11,1,0
BRDA:256,12,0,0
BRDA:256,12,1,0
BRDA:256,12,2,0
BRDA:256,12,3,0
BRDA:256,12,4,0
BRDA:256,12,5,0
BRDA:269,13,0,0
BRDA:269,13,1,0
BRDA:296,14,0,0
BRDA:296,14,1,0
BRDA:297,15,0,0
BRDA:297,15,1,0
BRDA:298,16,0,0
BRDA:298,16,1,0
BRDA:299,17,0,0
BRDA:299,17,1,0
BRDA:303,18,0,0
BRDA:303,18,1,0
BRDA:356,19,0,0
BRDA:356,19,1,0
BRDA:365,20,0,0
BRDA:365,20,1,0
BRDA:388,21,0,0
BRDA:388,21,1,0
BRDA:389,22,0,0
BRDA:389,22,1,0
BRDA:390,23,0,0
BRDA:390,23,1,0
BRDA:391,24,0,0
BRDA:391,24,1,0
BRDA:396,25,0,0
BRDA:396,25,1,0
BRDA:433,26,0,0
BRDA:433,26,1,0
BRDA:433,27,0,0
BRDA:433,27,1,0
BRDA:446,28,0,0
BRDA:446,28,1,0
BRDA:458,29,0,0
BRDA:458,29,1,0
BRDA:463,30,0,0
BRDA:463,30,1,0
BRDA:464,31,0,0
BRDA:464,31,1,0
BRDA:471,32,0,0
BRDA:471,32,1,0
BRDA:485,33,0,0
BRDA:485,33,1,0
BRDA:536,34,0,0
BRDA:536,34,1,0
BRDA:545,35,0,0
BRDA:545,35,1,0
BRDA:555,36,0,0
BRDA:555,36,1,0
BRDA:599,37,0,0
BRDA:599,37,1,0
BRDA:615,38,0,0
BRDA:615,38,1,0
BRDA:629,39,0,0
BRDA:629,39,1,0
BRDA:650,40,0,0
BRDA:650,40,1,0
BRDA:651,41,0,0
BRDA:651,41,1,0
BRDA:652,42,0,0
BRDA:652,42,1,0
BRDA:667,43,0,0
BRDA:667,43,1,0
BRDA:682,44,0,0
BRDA:682,44,1,0
BRDA:734,45,0,0
BRDA:734,45,1,0
BRDA:809,46,0,0
BRDA:809,46,1,0
BRDA:817,47,0,0
BRDA:817,47,1,0
BRDA:845,48,0,0
BRDA:845,48,1,0
BRDA:896,49,0,0
BRDA:896,49,1,0
BRDA:907,50,0,0
BRDA:907,50,1,0
BRF:104
BRH:7
end_of_record
TN:
SF:server\controllers\logs.controller.js
FN:15,getLogs
FN:42,getFileSystemLogs
FN:67,exportLogs
FN:102,downloadExportedLog
FN:133,getSecurityStats
FNF:5
FNH:0
FNDA:0,getLogs
FNDA:0,getFileSystemLogs
FNDA:0,exportLogs
FNDA:0,downloadExportedLog
FNDA:0,getSecurityStats
DA:6,0
DA:7,0
DA:8,0
DA:16,0
DA:17,0
DA:19,0
DA:27,0
DA:29,0
DA:30,0
DA:43,0
DA:44,0
DA:46,0
DA:52,0
DA:54,0
DA:55,0
DA:68,0
DA:69,0
DA:72,0
DA:73,0
DA:76,0
DA:84,0
DA:89,0
DA:90,0
DA:103,0
DA:104,0
DA:106,0
DA:107,0
DA:110,0
DA:113,0
DA:114,0
DA:115,0
DA:118,0
DA:120,0
DA:121,0
DA:134,0
DA:135,0
DA:137,0
DA:142,0
DA:144,0
DA:145,0
DA:153,0
LF:41
LH:0
BRDA:23,0,0,0
BRDA:23,0,1,0
BRDA:24,1,0,0
BRDA:24,1,1,0
BRDA:48,2,0,0
BRDA:48,2,1,0
BRDA:49,3,0,0
BRDA:49,3,1,0
BRDA:72,4,0,0
BRDA:72,4,1,0
BRDA:72,5,0,0
BRDA:72,5,1,0
BRDA:106,6,0,0
BRDA:106,6,1,0
BRF:14
BRH:0
end_of_record
TN:
SF:server\controllers\mesaPartes.controller.js
FN:17,(anonymous_0)
FN:86,(anonymous_1)
FN:142,(anonymous_2)
FN:211,(anonymous_3)
FN:288,(anonymous_4)
FN:360,(anonymous_5)
FN:485,(anonymous_6)
FN:543,(anonymous_7)
FN:666,(anonymous_8)
FN:725,(anonymous_9)
FNF:10
FNH:0
FNDA:0,(anonymous_0)
FNDA:0,(anonymous_1)
FNDA:0,(anonymous_2)
FNDA:0,(anonymous_3)
FNDA:0,(anonymous_4)
FNDA:0,(anonymous_5)
FNDA:0,(anonymous_6)
FNDA:0,(anonymous_7)
FNDA:0,(anonymous_8)
FNDA:0,(anonymous_9)
DA:6,0
DA:7,0
DA:8,0
DA:9,0
DA:10,0
DA:17,0
DA:18,0
DA:19,0
DA:20,0
DA:22,0
DA:31,0
DA:32,0
DA:34,0
DA:35,0
DA:36,0
DA:39,0
DA:40,0
DA:41,0
DA:44,0
DA:45,0
DA:47,0
DA:55,0
DA:56,0
DA:57,0
DA:59,0
DA:64,0
DA:71,0
DA:73,0
DA:86,0
DA:87,0
DA:88,0
DA:89,0
DA:91,0
DA:109,0
DA:115,0
DA:120,0
DA:127,0
DA:129,0
DA:142,0
DA:143,0
DA:144,0
DA:145,0
DA:147,0
DA:156,0
DA:157,0
DA:159,0
DA:160,0
DA:161,0
DA:164,0
DA:165,0
DA:166,0
DA:169,0
DA:170,0
DA:172,0
DA:180,0
DA:181,0
DA:182,0
DA:184,0
DA:189,0
DA:196,0
DA:198,0
DA:211,0
DA:212,0
DA:214,0
DA:215,0
DA:225,0
DA:228,0
DA:229,0
DA:236,0
DA:237,0
DA:239,0
DA:240,0
DA:241,0
DA:247,0
DA:250,0
DA:253,0
DA:262,0
DA:276,0
DA:279,0
DA:280,0
DA:288,0
DA:290,0
DA:293,0
DA:296,0
DA:306,0
DA:310,0
DA:317,0
DA:326,0
DA:328,0
DA:335,0
DA:341,0
DA:343,0
DA:345,0
DA:351,0
DA:360,0
DA:361,0
DA:363,0
DA:364,0
DA:366,0
DA:372,0
DA:374,0
DA:375,0
DA:382,0
DA:384,0
DA:389,0
DA:391,0
DA:392,0
DA:393,0
DA:400,0
DA:401,0
DA:402,0
DA:403,0
DA:410,0
DA:411,0
DA:412,0
DA:414,0
DA:415,0
DA:416,0
DA:419,0
DA:420,0
DA:421,0
DA:424,0
DA:425,0
DA:426,0
DA:429,0
DA:430,0
DA:431,0
DA:434,0
DA:435,0
DA:439,0
DA:440,0
DA:441,0
DA:448,0
DA:450,0
DA:457,0
DA:460,0
DA:467,0
DA:476,0
DA:477,0
DA:485,0
DA:487,0
DA:490,0
DA:493,0
DA:503,0
DA:506,0
DA:508,0
DA:514,0
DA:520,0
DA:522,0
DA:528,0
DA:534,0
DA:543,0
DA:544,0
DA:546,0
DA:547,0
DA:549,0
DA:554,0
DA:556,0
DA:557,0
DA:563,0
DA:564,0
DA:571,0
DA:572,0
DA:574,0
DA:575,0
DA:576,0
DA:583,0
DA:585,0
DA:590,0
DA:592,0
DA:593,0
DA:594,0
DA:601,0
DA:602,0
DA:603,0
DA:604,0
DA:611,0
DA:612,0
DA:613,0
DA:614,0
DA:621,0
DA:632,0
DA:640,0
DA:647,0
DA:657,0
DA:658,0
DA:666,0
DA:668,0
DA:671,0
DA:674,0
DA:684,0
DA:687,0
DA:689,0
DA:696,0
DA:702,0
DA:704,0
DA:710,0
DA:716,0
DA:725,0
DA:726,0
DA:727,0
DA:728,0
DA:730,0
DA:731,0
DA:737,0
DA:746,0
DA:747,0
DA:749,0
DA:750,0
DA:751,0
DA:754,0
DA:755,0
DA:756,0
DA:759,0
DA:760,0
DA:761,0
DA:764,0
DA:766,0
DA:768,0
DA:769,0
DA:775,0
DA:776,0
DA:777,0
DA:791,0
DA:792,0
DA:793,0
DA:795,0
DA:796,0
DA:799,0
DA:800,0
DA:801,0
DA:803,0
DA:809,0
DA:811,0
DA:813,0
DA:821,0
LF:236
LH:0
BRDA:19,0,0,0
BRDA:19,1,0,0
BRDA:20,2,0,0
BRDA:20,2,1,0
BRDA:34,3,0,0
BRDA:34,3,1,0
BRDA:39,4,0,0
BRDA:39,4,1,0
BRDA:51,5,0,0
BRDA:51,5,1,0
BRDA:52,6,0,0
BRDA:52,6,1,0
BRDA:52,7,0,0
BRDA:52,7,1,0
BRDA:56,8,0,0
BRDA:56,8,1,0
BRDA:57,9,0,0
BRDA:57,9,1,0
BRDA:88,10,0,0
BRDA:88,11,0,0
BRDA:89,12,0,0
BRDA:89,12,1,0
BRDA:144,13,0,0
BRDA:144,14,0,0
BRDA:145,15,0,0
BRDA:145,15,1,0
BRDA:159,16,0,0
BRDA:159,16,1,0
BRDA:164,17,0,0
BRDA:164,17,1,0
BRDA:176,18,0,0
BRDA:176,18,1,0
BRDA:177,19,0,0
BRDA:177,19,1,0
BRDA:177,20,0,0
BRDA:177,20,1,0
BRDA:181,21,0,0
BRDA:181,21,1,0
BRDA:182,22,0,0
BRDA:182,22,1,0
BRDA:224,23,0,0
BRDA:228,24,0,0
BRDA:228,24,1,0
BRDA:228,25,0,0
BRDA:228,25,1,0
BRDA:228,25,2,0
BRDA:239,26,0,0
BRDA:239,26,1,0
BRDA:247,27,0,0
BRDA:247,27,1,0
BRDA:266,28,0,0
BRDA:266,28,1,0
BRDA:267,29,0,0
BRDA:267,29,1,0
BRDA:270,30,0,0
BRDA:270,30,1,0
BRDA:279,31,0,0
BRDA:279,31,1,0
BRDA:279,32,0,0
BRDA:279,32,1,0
BRDA:374,33,0,0
BRDA:374,33,1,0
BRDA:374,34,0,0
BRDA:374,34,1,0
BRDA:382,35,0,0
BRDA:382,35,1,0
BRDA:391,36,0,0
BRDA:391,36,1,0
BRDA:401,37,0,0
BRDA:401,37,1,0
BRDA:401,38,0,0
BRDA:401,38,1,0
BRDA:414,39,0,0
BRDA:414,39,1,0
BRDA:419,40,0,0
BRDA:419,40,1,0
BRDA:424,41,0,0
BRDA:424,41,1,0
BRDA:429,42,0,0
BRDA:429,42,1,0
BRDA:429,43,0,0
BRDA:429,43,1,0
BRDA:434,44,0,0
BRDA:434,44,1,0
BRDA:434,45,0,0
BRDA:434,45,1,0
BRDA:439,46,0,0
BRDA:439,46,1,0
BRDA:476,47,0,0
BRDA:476,47,1,0
BRDA:476,48,0,0
BRDA:476,48,1,0
BRDA:556,49,0,0
BRDA:556,49,1,0
BRDA:556,50,0,0
BRDA:556,50,1,0
BRDA:563,51,0,0
BRDA:563,51,1,0
BRDA:574,52,0,0
BRDA:574,52,1,0
BRDA:583,53,0,0
BRDA:583,53,1,0
BRDA:592,54,0,0
BRDA:592,54,1,0
BRDA:602,55,0,0
BRDA:602,55,1,0
BRDA:602,56,0,0
BRDA:602,56,1,0
BRDA:612,57,0,0
BRDA:612,57,1,0
BRDA:652,58,0,0
BRDA:652,58,1,0
BRDA:657,59,0,0
BRDA:657,59,1,0
BRDA:657,60,0,0
BRDA:657,60,1,0
BRDA:727,61,0,0
BRDA:728,62,0,0
BRDA:728,62,1,0
BRDA:730,63,0,0
BRDA:730,63,1,0
BRDA:749,64,0,0
BRDA:749,64,1,0
BRDA:754,65,0,0
BRDA:754,65,1,0
BRDA:759,66,0,0
BRDA:759,66,1,0
BRDA:768,67,0,0
BRDA:768,67,1,0
BRDA:791,68,0,0
BRDA:791,68,1,0
BRDA:800,69,0,0
BRDA:800,69,1,0
BRF:133
BRH:0
end_of_record
TN:
SF:server\controllers\notification.controller.js
FN:8,(anonymous_0)
FN:11,(anonymous_1)
FN:14,(anonymous_2)
FN:17,(anonymous_3)
FN:20,(anonymous_4)
FN:23,(anonymous_5)
FN:26,(anonymous_6)
FNF:7
FNH:0
FNDA:0,(anonymous_0)
FNDA:0,(anonymous_1)
FNDA:0,(anonymous_2)
FNDA:0,(anonymous_3)
FNDA:0,(anonymous_4)
FNDA:0,(anonymous_5)
FNDA:0,(anonymous_6)
DA:7,0
DA:9,0
DA:12,0
DA:15,0
DA:18,0
DA:21,0
DA:24,0
DA:27,0
DA:31,0
LF:9
LH:0
BRF:0
BRH:0
end_of_record
TN:
SF:server\controllers\permisos.controller.js
FN:14,obtenerPermisosContextuales
FN:63,obtenerPermisoContextualPorId
FN:88,obtenerPermisosContextualesFiltrados
FN:117,crearPermisoContextual
FN:158,actualizarPermisoContextual
FN:195,eliminarPermisoContextual
FN:221,verificarPermisoContextual
FN:259,gestionarPapelera
FN:317,getPermisosInfoFrontend
FN:409,(anonymous_9)
FN:452,getPermissionBits
FN:484,verifyPermission
FNF:12
FNH:4
FNDA:1,obtenerPermisosContextuales
FNDA:0,obtenerPermisoContextualPorId
FNDA:0,obtenerPermisosContextualesFiltrados
FNDA:0,crearPermisoContextual
FNDA:0,actualizarPermisoContextual
FNDA:0,eliminarPermisoContextual
FNDA:0,verificarPermisoContextual
FNDA:0,gestionarPapelera
FNDA:2,getPermisosInfoFrontend
FNDA:0,(anonymous_9)
FNDA:1,getPermissionBits
FNDA:1,verifyPermission
DA:5,2
DA:6,2
DA:7,2
DA:15,1
DA:17,1
DA:18,1
DA:21,0
DA:22,0
DA:29,0
DA:32,1
DA:33,1
DA:39,0
DA:42,0
DA:43,0
DA:50,0
DA:64,0
DA:65,0
DA:66,0
DA:67,0
DA:72,0
DA:73,0
DA:89,0
DA:90,0
DA:96,0
DA:97,0
DA:103,0
DA:104,0
DA:118,0
DA:119,0
DA:122,0
DA:123,0
DA:129,0
DA:137,0
DA:138,0
DA:144,0
DA:145,0
DA:159,0
DA:160,0
DA:161,0
DA:164,0
DA:166,0
DA:167,0
DA:168,0
DA:169,0
DA:170,0
DA:172,0
DA:173,0
DA:179,0
DA:180,0
DA:196,0
DA:197,0
DA:198,0
DA:199,0
DA:205,0
DA:206,0
DA:222,0
DA:223,0
DA:226,0
DA:227,0
DA:233,0
DA:240,0
DA:245,0
DA:246,0
DA:260,0
DA:261,0
DA:264,0
DA:265,0
DA:272,0
DA:273,0
DA:274,0
DA:280,0
DA:286,0
DA:292,0
DA:295,0
DA:296,0
DA:303,0
DA:318,2
DA:319,2
DA:321,2
DA:322,0
DA:329,2
DA:330,1
DA:338,1
DA:339,1
DA:368,0
DA:370,0
DA:371,0
DA:378,0
DA:381,0
DA:388,0
DA:410,0
DA:411,0
DA:415,0
DA:422,0
DA:423,0
DA:433,0
DA:438,0
DA:439,0
DA:453,1
DA:454,1
DA:465,1
DA:470,0
DA:471,0
DA:485,1
DA:486,1
DA:488,1
DA:489,0
DA:497,1
DA:498,1
DA:505,0
DA:510,0
DA:511,0
DA:518,0
DA:523,0
DA:524,0
DA:531,0
DA:533,0
DA:539,0
DA:540,0
DA:548,2
LF:120
LH:24
BRDA:21,0,0,0
BRDA:21,0,1,0
BRDA:21,1,0,0
BRDA:21,1,1,0
BRDA:42,2,0,0
BRDA:42,2,1,0
BRDA:42,3,0,0
BRDA:42,3,1,0
BRDA:73,4,0,0
BRDA:73,4,1,0
BRDA:75,5,0,0
BRDA:75,5,1,0
BRDA:91,6,0,0
BRDA:91,6,1,0
BRDA:92,7,0,0
BRDA:92,7,1,0
BRDA:122,8,0,0
BRDA:122,8,1,0
BRDA:122,9,0,0
BRDA:122,9,1,0
BRDA:122,9,2,0
BRDA:122,9,3,0
BRDA:134,10,0,0
BRDA:134,10,1,0
BRDA:166,11,0,0
BRDA:166,11,1,0
BRDA:167,12,0,0
BRDA:167,12,1,0
BRDA:168,13,0,0
BRDA:168,13,1,0
BRDA:169,14,0,0
BRDA:169,14,1,0
BRDA:170,15,0,0
BRDA:170,15,1,0
BRDA:180,16,0,0
BRDA:180,16,1,0
BRDA:182,17,0,0
BRDA:182,17,1,0
BRDA:206,18,0,0
BRDA:206,18,1,0
BRDA:208,19,0,0
BRDA:208,19,1,0
BRDA:226,20,0,0
BRDA:226,20,1,0
BRDA:226,21,0,0
BRDA:226,21,1,0
BRDA:226,21,2,0
BRDA:226,21,3,0
BRDA:264,22,0,0
BRDA:264,22,1,0
BRDA:264,23,0,0
BRDA:264,23,1,0
BRDA:264,23,2,0
BRDA:273,24,0,0
BRDA:273,24,1,0
BRDA:295,25,0,0
BRDA:295,25,1,0
BRDA:321,26,0,0
BRDA:321,26,1,2
BRDA:329,27,0,1
BRDA:329,27,1,1
BRDA:329,28,0,2
BRDA:329,28,1,2
BRDA:338,29,0,1
BRDA:338,29,1,0
BRDA:338,30,0,1
BRDA:338,30,1,1
BRDA:338,30,2,1
BRDA:338,30,3,0
BRDA:338,30,4,0
BRDA:370,31,0,0
BRDA:370,31,1,0
BRDA:411,32,0,0
BRDA:411,32,1,0
BRDA:488,33,0,0
BRDA:488,33,1,1
BRDA:488,34,0,1
BRDA:488,34,1,1
BRDA:497,35,0,1
BRDA:497,35,1,0
BRDA:497,36,0,1
BRDA:497,36,1,1
BRDA:497,36,2,1
BRDA:497,36,3,0
BRDA:497,36,4,0
BRDA:510,37,0,0
BRDA:510,37,1,0
BRDA:523,38,0,0
BRDA:523,38,1,0
BRF:89
BRH:16
end_of_record
TN:
SF:server\controllers\role.controller.js
FN:14,(anonymous_0)
FN:57,(anonymous_1)
FN:104,(anonymous_2)
FN:163,(anonymous_3)
FN:261,(anonymous_4)
FNF:5
FNH:0
FNDA:0,(anonymous_0)
FNDA:0,(anonymous_1)
FNDA:0,(anonymous_2)
FNDA:0,(anonymous_3)
FNDA:0,(anonymous_4)
DA:6,0
DA:7,0
DA:14,0
DA:15,0
DA:16,0
DA:18,0
DA:25,0
DA:30,0
DA:35,0
DA:42,0
DA:44,0
DA:57,0
DA:58,0
DA:59,0
DA:61,0
DA:62,0
DA:68,0
DA:74,0
DA:76,0
DA:77,0
DA:83,0
DA:89,0
DA:91,0
DA:104,0
DA:105,0
DA:106,0
DA:109,0
DA:110,0
DA:117,0
DA:118,0
DA:120,0
DA:121,0
DA:128,0
DA:136,0
DA:140,0
DA:142,0
DA:148,0
DA:150,0
DA:163,0
DA:164,0
DA:165,0
DA:166,0
DA:168,0
DA:169,0
DA:176,0
DA:177,0
DA:179,0
DA:180,0
DA:187,0
DA:188,0
DA:189,0
DA:191,0
DA:192,0
DA:200,0
DA:201,0
DA:202,0
DA:204,0
DA:205,0
DA:206,0
DA:209,0
DA:210,0
DA:211,0
DA:214,0
DA:215,0
DA:216,0
DA:219,0
DA:220,0
DA:227,0
DA:229,0
DA:236,0
DA:238,0
DA:240,0
DA:246,0
DA:248,0
DA:261,0
DA:262,0
DA:263,0
DA:265,0
DA:266,0
DA:273,0
DA:274,0
DA:276,0
DA:277,0
DA:284,0
DA:285,0
DA:287,0
DA:288,0
DA:296,0
DA:297,0
DA:299,0
DA:301,0
DA:306,0
DA:308,0
DA:316,0
LF:94
LH:0
BRDA:16,0,0,0
BRDA:16,1,0,0
BRDA:61,2,0,0
BRDA:61,2,1,0
BRDA:61,3,0,0
BRDA:61,3,1,0
BRDA:76,4,0,0
BRDA:76,4,1,0
BRDA:109,5,0,0
BRDA:109,5,1,0
BRDA:109,6,0,0
BRDA:109,6,1,0
BRDA:120,7,0,0
BRDA:120,7,1,0
BRDA:137,8,0,0
BRDA:137,8,1,0
BRDA:168,9,0,0
BRDA:168,9,1,0
BRDA:168,10,0,0
BRDA:168,10,1,0
BRDA:179,11,0,0
BRDA:179,11,1,0
BRDA:187,12,0,0
BRDA:187,12,1,0
BRDA:191,13,0,0
BRDA:191,13,1,0
BRDA:204,14,0,0
BRDA:204,14,1,0
BRDA:209,15,0,0
BRDA:209,15,1,0
BRDA:214,16,0,0
BRDA:214,16,1,0
BRDA:219,17,0,0
BRDA:219,17,1,0
BRDA:265,18,0,0
BRDA:265,18,1,0
BRDA:265,19,0,0
BRDA:265,19,1,0
BRDA:276,20,0,0
BRDA:276,20,1,0
BRDA:287,21,0,0
BRDA:287,21,1,0
BRF:42
BRH:0
end_of_record
TN:
SF:server\controllers\security.controller.js
FN:8,(anonymous_0)
FN:11,(anonymous_1)
FN:14,(anonymous_2)
FN:17,(anonymous_3)
FN:20,(anonymous_4)
FN:23,(anonymous_5)
FN:26,(anonymous_6)
FNF:7
FNH:0
FNDA:0,(anonymous_0)
FNDA:0,(anonymous_1)
FNDA:0,(anonymous_2)
FNDA:0,(anonymous_3)
FNDA:0,(anonymous_4)
FNDA:0,(anonymous_5)
FNDA:0,(anonymous_6)
DA:7,0
DA:9,0
DA:12,0
DA:15,0
DA:18,0
DA:21,0
DA:24,0
DA:27,0
DA:31,0
LF:9
LH:0
BRF:0
BRH:0
end_of_record
TN:
SF:server\controllers\user.controller.js
FN:16,(anonymous_0)
FN:46,(anonymous_1)
FN:73,(anonymous_2)
FN:127,(anonymous_3)
FN:190,(anonymous_4)
FN:295,(anonymous_5)
FN:349,(anonymous_6)
FNF:7
FNH:0
FNDA:0,(anonymous_0)
FNDA:0,(anonymous_1)
FNDA:0,(anonymous_2)
FNDA:0,(anonymous_3)
FNDA:0,(anonymous_4)
FNDA:0,(anonymous_5)
FNDA:0,(anonymous_6)
DA:6,0
DA:7,0
DA:8,0
DA:9,0
DA:16,0
DA:17,0
DA:18,0
DA:20,0
DA:32,0
DA:38,0
DA:40,0
DA:46,0
DA:47,0
DA:48,0
DA:51,0
DA:58,0
DA:60,0
DA:73,0
DA:74,0
DA:75,0
DA:77,0
DA:78,0
DA:84,0
DA:94,0
DA:96,0
DA:97,0
DA:104,0
DA:106,0
DA:112,0
DA:114,0
DA:127,0
DA:128,0
DA:129,0
DA:132,0
DA:133,0
DA:140,0
DA:141,0
DA:143,0
DA:144,0
DA:151,0
DA:152,0
DA:155,0
DA:163,0
DA:167,0
DA:169,0
DA:175,0
DA:177,0
DA:190,0
DA:191,0
DA:192,0
DA:193,0
DA:195,0
DA:196,0
DA:203,0
DA:204,0
DA:206,0
DA:207,0
DA:214,0
DA:215,0
DA:216,0
DA:218,0
DA:219,0
DA:220,0
DA:223,0
DA:224,0
DA:225,0
DA:228,0
DA:229,0
DA:230,0
DA:233,0
DA:234,0
DA:235,0
DA:238,0
DA:239,0
DA:240,0
DA:243,0
DA:244,0
DA:245,0
DA:248,0
DA:249,0
DA:250,0
DA:253,0
DA:254,0
DA:261,0
DA:263,0
DA:270,0
DA:272,0
DA:274,0
DA:280,0
DA:282,0
DA:295,0
DA:296,0
DA:297,0
DA:299,0
DA:300,0
DA:307,0
DA:308,0
DA:310,0
DA:311,0
DA:318,0
DA:325,0
DA:327,0
DA:329,0
DA:334,0
DA:336,0
DA:349,0
DA:350,0
DA:351,0
DA:352,0
DA:354,0
DA:355,0
DA:361,0
DA:362,0
DA:369,0
DA:370,0
DA:372,0
DA:373,0
DA:380,0
DA:387,0
DA:389,0
DA:390,0
DA:392,0
DA:398,0
DA:404,0
DA:412,0
LF:125
LH:0
BRDA:18,0,0,0
BRDA:18,1,0,0
BRDA:18,2,0,0
BRDA:18,3,0,0
BRDA:18,4,0,0
BRDA:28,5,0,0
BRDA:28,5,1,0
BRDA:77,6,0,0
BRDA:77,6,1,0
BRDA:77,7,0,0
BRDA:77,7,1,0
BRDA:96,8,0,0
BRDA:96,8,1,0
BRDA:132,9,0,0
BRDA:132,9,1,0
BRDA:132,10,0,0
BRDA:132,10,1,0
BRDA:132,10,2,0
BRDA:132,10,3,0
BRDA:132,10,4,0
BRDA:132,10,5,0
BRDA:143,11,0,0
BRDA:143,11,1,0
BRDA:164,12,0,0
BRDA:164,12,1,0
BRDA:164,13,0,0
BRDA:164,13,1,0
BRDA:195,14,0,0
BRDA:195,14,1,0
BRDA:195,15,0,0
BRDA:195,15,1,0
BRDA:206,16,0,0
BRDA:206,16,1,0
BRDA:218,17,0,0
BRDA:218,17,1,0
BRDA:223,18,0,0
BRDA:223,18,1,0
BRDA:228,19,0,0
BRDA:228,19,1,0
BRDA:233,20,0,0
BRDA:233,20,1,0
BRDA:238,21,0,0
BRDA:238,21,1,0
BRDA:243,22,0,0
BRDA:243,22,1,0
BRDA:248,23,0,0
BRDA:248,23,1,0
BRDA:253,24,0,0
BRDA:253,24,1,0
BRDA:299,25,0,0
BRDA:299,25,1,0
BRDA:299,26,0,0
BRDA:299,26,1,0
BRDA:310,27,0,0
BRDA:310,27,1,0
BRDA:354,28,0,0
BRDA:354,28,1,0
BRDA:354,29,0,0
BRDA:354,29,1,0
BRDA:361,30,0,0
BRDA:361,30,1,0
BRDA:372,31,0,0
BRDA:372,31,1,0
BRDA:389,32,0,0
BRDA:389,32,1,0
BRF:65
BRH:0
end_of_record
TN:
SF:server\core\punycode-shim.js
FNF:0
FNH:0
DA:4,24
DA:7,24
LF:2
LH:2
BRF:0
BRH:0
end_of_record
TN:
SF:server\core\start.js
FN:36,(anonymous_0)
FN:44,displayServerInfo
FN:73,main
FN:85,(anonymous_3)
FN:89,(anonymous_4)
FN:93,(anonymous_5)
FN:94,(anonymous_6)
FN:110,startServer
FN:164,exitProcess
FN:170,(anonymous_9)
FNF:10
FNH:10
FNDA:26,(anonymous_0)
FNDA:12,displayServerInfo
FNDA:9,main
FNDA:5,(anonymous_3)
FNDA:5,(anonymous_4)
FNDA:6,(anonymous_5)
FNDA:6,(anonymous_6)
FNDA:16,startServer
FNDA:4,exitProcess
FNDA:2,(anonymous_9)
DA:7,23
DA:10,23
DA:11,23
DA:14,23
DA:15,23
DA:16,23
DA:17,23
DA:20,23
DA:36,26
DA:45,12
DA:46,12
DA:47,12
DA:48,12
DA:50,12
DA:51,12
DA:52,12
DA:53,12
DA:54,12
DA:55,12
DA:56,12
DA:57,12
DA:58,12
DA:59,12
DA:63,23
DA:64,3
DA:65,3
DA:66,20
DA:67,6
DA:69,14
DA:74,9
DA:77,9
DA:80,9
DA:81,9
DA:83,9
DA:85,6
DA:86,5
DA:89,6
DA:90,5
DA:93,6
DA:94,6
DA:95,6
DA:96,1
DA:98,5
DA:100,6
DA:101,6
DA:107,23
DA:112,16
DA:113,5
DA:116,5
DA:117,2
DA:118,2
DA:121,3
DA:122,3
DA:123,2
DA:125,1
DA:126,1
DA:127,0
DA:132,11
DA:133,11
DA:136,11
DA:137,9
DA:138,9
DA:141,2
DA:142,0
DA:144,2
DA:145,2
DA:147,2
DA:148,2
DA:149,0
DA:150,0
DA:153,2
DA:154,1
DA:156,1
DA:157,1
DA:158,0
DA:165,4
DA:169,23
DA:170,6
DA:171,2
DA:172,2
DA:177,23
LF:81
LH:76
BRDA:45,0,0,12
BRDA:45,0,1,0
BRDA:46,1,0,12
BRDA:46,1,1,0
BRDA:47,2,0,12
BRDA:47,2,1,0
BRDA:48,3,0,12
BRDA:48,3,1,11
BRDA:63,4,0,3
BRDA:63,4,1,20
BRDA:63,5,0,23
BRDA:63,5,1,4
BRDA:66,6,0,6
BRDA:66,6,1,14
BRDA:95,7,0,1
BRDA:95,7,1,5
BRDA:112,8,0,5
BRDA:112,8,1,11
BRDA:116,9,0,2
BRDA:116,9,1,3
BRDA:116,10,0,5
BRDA:116,10,1,5
BRDA:136,11,0,9
BRDA:136,11,1,2
BRDA:136,12,0,11
BRDA:136,12,1,11
BRDA:148,13,0,0
BRDA:148,13,1,2
BRDA:148,14,0,2
BRDA:148,14,1,2
BRDA:169,15,0,6
BRDA:169,15,1,17
BRF:32
BRH:28
end_of_record
TN:
SF:server\docs\swagger.js
FNF:0
FNH:0
DA:7,0
DA:8,0
DA:11,0
DA:140,0
DA:143,0
DA:149,0
LF:6
LH:0
BRF:0
BRH:0
end_of_record
TN:
SF:server\docs\swagger-schemas\area.schema.js
FNF:0
FNH:0
LF:0
LH:0
BRF:0
BRH:0
end_of_record
TN:
SF:server\docs\swagger-schemas\auth.schema.js
FNF:0
FNH:0
LF:0
LH:0
BRF:0
BRH:0
end_of_record
TN:
SF:server\docs\swagger-schemas\auth.schemas.js
FNF:0
FNH:0
LF:0
LH:0
BRF:0
BRH:0
end_of_record
TN:
SF:server\docs\swagger-schemas\dashboard.schema.js
FNF:0
FNH:0
DA:45,0
LF:1
LH:0
BRF:0
BRH:0
end_of_record
TN:
SF:server\docs\swagger-schemas\document.schema.js
FNF:0
FNH:0
DA:226,0
LF:1
LH:0
BRF:0
BRH:0
end_of_record
TN:
SF:server\docs\swagger-schemas\role.schema.js
FNF:0
FNH:0
LF:0
LH:0
BRF:0
BRH:0
end_of_record
TN:
SF:server\docs\swagger-schemas\user.schema.js
FNF:0
FNH:0
LF:0
LH:0
BRF:0
BRH:0
end_of_record
TN:
SF:server\middleware\async-handler.js
FN:13,(anonymous_0)
FN:14,(anonymous_1)
FN:15,(anonymous_2)
FN:60,(anonymous_3)
FN:61,(anonymous_4)
FN:67,(anonymous_5)
FN:105,(anonymous_6)
FN:118,(anonymous_7)
FNF:8
FNH:8
FNDA:64,(anonymous_0)
FNDA:13,(anonymous_1)
FNDA:7,(anonymous_2)
FNDA:1,(anonymous_3)
FNDA:2,(anonymous_4)
FNDA:4,(anonymous_5)
FNDA:2,(anonymous_6)
FNDA:2,(anonymous_7)
DA:6,10
DA:13,10
DA:14,64
DA:15,13
DA:16,7
DA:26,7
DA:27,7
DA:29,7
DA:30,1
DA:31,1
DA:32,6
DA:33,1
DA:34,1
DA:35,5
DA:36,1
DA:37,1
DA:38,4
DA:39,1
DA:40,1
DA:41,3
DA:42,1
DA:43,1
DA:46,7
DA:60,10
DA:61,2
DA:67,10
DA:68,4
DA:78,4
DA:79,1
DA:85,3
DA:86,1
DA:92,2
DA:93,1
DA:99,1
DA:105,10
DA:106,2
DA:107,1
DA:115,1
DA:118,2
DA:125,1
DA:128,10
LF:41
LH:41
BRDA:29,0,0,1
BRDA:29,0,1,6
BRDA:32,1,0,1
BRDA:32,1,1,5
BRDA:35,2,0,1
BRDA:35,2,1,4
BRDA:38,3,0,1
BRDA:38,3,1,3
BRDA:41,4,0,1
BRDA:41,4,1,2
BRDA:49,5,0,1
BRDA:49,5,1,6
BRDA:78,6,0,1
BRDA:78,6,1,3
BRDA:85,7,0,1
BRDA:85,7,1,2
BRDA:92,8,0,1
BRDA:92,8,1,1
BRDA:106,9,0,1
BRDA:106,9,1,1
BRF:20
BRH:20
end_of_record
TN:
SF:server\middleware\audit.js
FN:30,(anonymous_0)
FN:31,(anonymous_1)
FN:74,(anonymous_2)
FN:110,(anonymous_3)
FN:149,(anonymous_4)
FNF:5
FNH:5
FNDA:3,(anonymous_0)
FNDA:3,(anonymous_1)
FNDA:2,(anonymous_2)
FNDA:3,(anonymous_3)
FNDA:3,(anonymous_4)
DA:6,1
DA:11,1
DA:30,1
DA:31,3
DA:32,3
DA:33,3
DA:52,3
DA:57,2
DA:59,1
DA:66,1
DA:74,1
DA:75,2
DA:76,2
DA:91,2
DA:96,1
DA:98,1
DA:103,1
DA:110,1
DA:111,3
DA:112,3
DA:130,3
DA:135,2
DA:137,1
DA:142,1
DA:149,1
DA:150,3
DA:151,3
DA:169,3
DA:174,2
DA:176,1
DA:181,1
DA:185,1
LF:32
LH:32
BRDA:37,0,0,2
BRDA:37,0,1,1
BRDA:116,1,0,2
BRDA:116,1,1,1
BRDA:155,2,0,2
BRDA:155,2,1,1
BRF:6
BRH:6
end_of_record
TN:
SF:server\middleware\auth.js
FN:19,(anonymous_0)
FN:65,(anonymous_1)
FN:97,(anonymous_2)
FN:144,(anonymous_3)
FN:145,(anonymous_4)
FN:191,(anonymous_5)
FN:192,(anonymous_6)
FN:219,(anonymous_7)
FN:220,(anonymous_8)
FN:229,(anonymous_9)
FN:272,(anonymous_10)
FN:273,(anonymous_11)
FN:338,(anonymous_12)
FN:350,(anonymous_13)
FN:351,(anonymous_14)
FNF:15
FNH:14
FNDA:13,(anonymous_0)
FNDA:3,(anonymous_1)
FNDA:10,(anonymous_2)
FNDA:7,(anonymous_3)
FNDA:7,(anonymous_4)
FNDA:5,(anonymous_5)
FNDA:5,(anonymous_6)
FNDA:8,(anonymous_7)
FNDA:8,(anonymous_8)
FNDA:9,(anonymous_9)
FNDA:5,(anonymous_10)
FNDA:5,(anonymous_11)
FNDA:0,(anonymous_12)
FNDA:16,(anonymous_13)
FNDA:7,(anonymous_14)
DA:6,4
DA:7,4
DA:12,4
DA:19,4
DA:21,13
DA:22,4
DA:26,9
DA:27,1
DA:32,1
DA:36,8
DA:37,8
DA:38,4
DA:45,4
DA:47,4
DA:49,4
DA:50,2
DA:51,2
DA:53,2
DA:54,2
DA:65,4
DA:66,3
DA:68,3
DA:69,3
DA:70,2
DA:77,1
DA:80,1
DA:81,1
DA:82,1
DA:84,0
DA:85,0
DA:97,4
DA:98,10
DA:100,10
DA:101,7
DA:103,1
DA:109,7
DA:113,3
DA:114,3
DA:115,1
DA:120,1
DA:126,2
DA:129,2
DA:130,1
DA:131,1
DA:133,1
DA:134,1
DA:144,4
DA:145,7
DA:146,7
DA:147,7
DA:148,2
DA:154,5
DA:155,2
DA:164,2
DA:170,2
DA:172,1
DA:180,1
DA:191,4
DA:192,5
DA:194,5
DA:195,1
DA:198,4
DA:199,1
DA:205,3
DA:206,1
DA:212,2
DA:219,4
DA:220,8
DA:221,8
DA:222,8
DA:223,2
DA:229,6
DA:230,9
DA:233,5
DA:234,2
DA:243,2
DA:249,3
DA:251,1
DA:259,1
DA:272,4
DA:273,5
DA:274,5
DA:275,5
DA:276,1
DA:283,4
DA:284,4
DA:286,4
DA:287,1
DA:294,3
DA:295,1
DA:299,2
DA:300,1
DA:309,1
DA:315,1
DA:317,0
DA:327,0
DA:338,4
DA:342,0
DA:350,4
DA:351,16
DA:352,7
DA:353,7
DA:354,1
DA:361,6
DA:362,3
DA:366,3
DA:369,2
DA:371,2
DA:372,1
DA:380,1
DA:386,1
DA:388,1
DA:395,1
DA:404,4
LF:114
LH:109
BRDA:13,0,0,4
BRDA:13,0,1,0
BRDA:21,1,0,4
BRDA:21,1,1,9
BRDA:21,2,0,13
BRDA:21,2,1,12
BRDA:21,2,2,11
BRDA:26,3,0,1
BRDA:26,3,1,8
BRDA:26,4,0,9
BRDA:26,4,1,9
BRDA:37,5,0,4
BRDA:37,5,1,4
BRDA:37,6,0,8
BRDA:37,6,1,6
BRDA:69,7,0,2
BRDA:69,7,1,1
BRDA:69,8,0,3
BRDA:69,8,1,2
BRDA:100,9,0,7
BRDA:100,9,1,3
BRDA:101,10,0,1
BRDA:101,10,1,6
BRDA:114,11,0,1
BRDA:114,11,1,2
BRDA:114,12,0,3
BRDA:114,12,1,2
BRDA:129,13,0,2
BRDA:129,13,1,0
BRDA:147,14,0,2
BRDA:147,14,1,5
BRDA:154,15,0,2
BRDA:154,15,1,2
BRDA:194,16,0,1
BRDA:194,16,1,4
BRDA:198,17,0,1
BRDA:198,17,1,3
BRDA:205,18,0,1
BRDA:205,18,1,2
BRDA:205,19,0,3
BRDA:205,19,1,2
BRDA:222,20,0,2
BRDA:222,20,1,6
BRDA:233,21,0,2
BRDA:233,21,1,3
BRDA:275,22,0,1
BRDA:275,22,1,4
BRDA:283,23,0,4
BRDA:283,23,1,0
BRDA:286,24,0,1
BRDA:286,24,1,3
BRDA:294,25,0,1
BRDA:294,25,1,2
BRDA:299,26,0,1
BRDA:299,26,1,1
BRDA:353,27,0,1
BRDA:353,27,1,6
BRDA:361,28,0,3
BRDA:361,28,1,3
BRDA:361,29,0,6
BRDA:361,29,1,4
BRDA:366,30,0,3
BRDA:366,30,1,0
BRDA:371,31,0,1
BRDA:371,31,1,1
BRF:65
BRH:61
end_of_record
TN:
SF:server\middleware\cache-handler.js
FN:16,(anonymous_0)
FN:30,(anonymous_1)
FN:31,(anonymous_2)
FN:54,(anonymous_3)
FN:60,(anonymous_4)
FN:87,(anonymous_5)
FN:88,(anonymous_6)
FN:129,(anonymous_7)
FN:155,(anonymous_8)
FN:156,(anonymous_9)
FN:179,(anonymous_10)
FN:183,(anonymous_11)
FNF:12
FNH:0
FNDA:0,(anonymous_0)
FNDA:0,(anonymous_1)
FNDA:0,(anonymous_2)
FNDA:0,(anonymous_3)
FNDA:0,(anonymous_4)
FNDA:0,(anonymous_5)
FNDA:0,(anonymous_6)
FNDA:0,(anonymous_7)
FNDA:0,(anonymous_8)
FNDA:0,(anonymous_9)
FNDA:0,(anonymous_10)
FNDA:0,(anonymous_11)
DA:6,0
DA:7,0
DA:12,0
DA:17,0
DA:18,0
DA:25,0
DA:30,0
DA:31,0
DA:32,0
DA:34,0
DA:35,0
DA:38,0
DA:41,0
DA:43,0
DA:44,0
DA:49,0
DA:53,0
DA:54,0
DA:56,0
DA:59,0
DA:61,0
DA:69,0
DA:72,0
DA:74,0
DA:79,0
DA:87,0
DA:88,0
DA:89,0
DA:90,0
DA:91,0
DA:94,0
DA:95,0
DA:97,0
DA:98,0
DA:99,0
DA:100,0
DA:101,0
DA:102,0
DA:107,0
DA:113,0
DA:115,0
DA:121,0
DA:129,0
DA:130,0
DA:131,0
DA:132,0
DA:133,0
DA:136,0
DA:141,0
DA:143,0
DA:148,0
DA:155,0
DA:156,0
DA:157,0
DA:158,0
DA:159,0
DA:163,0
DA:164,0
DA:166,0
DA:168,0
DA:169,0
DA:175,0
DA:178,0
DA:179,0
DA:180,0
DA:182,0
DA:184,0
DA:192,0
DA:195,0
DA:197,0
DA:202,0
DA:207,0
LF:72
LH:0
BRDA:13,0,0,0
BRDA:13,0,1,0
BRDA:14,1,0,0
BRDA:14,1,1,0
BRDA:30,2,0,0
BRDA:34,3,0,0
BRDA:34,3,1,0
BRDA:43,4,0,0
BRDA:43,4,1,0
BRDA:90,5,0,0
BRDA:90,5,1,0
BRDA:99,6,0,0
BRDA:99,6,1,0
BRDA:132,7,0,0
BRDA:132,7,1,0
BRDA:155,8,0,0
BRDA:158,9,0,0
BRDA:158,9,1,0
BRDA:164,10,0,0
BRDA:164,10,1,0
BRDA:168,11,0,0
BRDA:168,11,1,0
BRF:22
BRH:0
end_of_record
TN:
SF:server\middleware\cache.js
FN:17,(anonymous_0)
FN:36,(anonymous_1)
FN:39,(anonymous_2)
FN:49,(anonymous_3)
FN:50,(anonymous_4)
FN:77,(anonymous_5)
FN:92,(anonymous_6)
FN:93,(anonymous_7)
FN:114,(anonymous_8)
FN:117,(anonymous_9)
FNF:10
FNH:8
FNDA:4,(anonymous_0)
FNDA:1,(anonymous_1)
FNDA:0,(anonymous_2)
FNDA:3,(anonymous_3)
FNDA:3,(anonymous_4)
FNDA:2,(anonymous_5)
FNDA:3,(anonymous_6)
FNDA:5,(anonymous_7)
FNDA:2,(anonymous_8)
FNDA:0,(anonymous_9)
DA:6,3
DA:9,3
DA:12,3
DA:17,3
DA:19,4
DA:20,2
DA:23,2
DA:26,2
DA:27,1
DA:28,1
DA:29,1
DA:32,1
DA:35,1
DA:36,1
DA:37,1
DA:39,1
DA:40,1
DA:43,1
DA:49,3
DA:50,3
DA:51,3
DA:52,3
DA:55,3
DA:56,4
DA:57,2
DA:58,2
DA:62,2
DA:63,1
DA:66,2
DA:68,1
DA:69,1
DA:77,3
DA:78,2
DA:79,2
DA:80,2
DA:81,1
DA:82,1
DA:84,1
DA:85,1
DA:92,3
DA:93,3
DA:95,5
DA:96,1
DA:100,4
DA:101,4
DA:104,4
DA:105,1
DA:106,1
DA:107,1
DA:110,3
DA:113,3
DA:114,3
DA:115,2
DA:117,2
DA:118,2
DA:121,3
DA:125,3
LF:57
LH:57
BRDA:19,0,0,2
BRDA:19,0,1,2
BRDA:26,1,0,1
BRDA:26,1,1,1
BRDA:56,2,0,2
BRDA:56,2,1,2
BRDA:62,3,0,1
BRDA:62,3,1,1
BRDA:92,4,0,2
BRDA:95,5,0,1
BRDA:95,5,1,4
BRDA:101,6,0,3
BRDA:101,6,1,1
BRDA:104,7,0,1
BRDA:104,7,1,3
BRF:15
BRH:15
end_of_record
TN:
SF:server\middleware\compression.js
FN:15,(anonymous_0)
FN:31,(anonymous_1)
FN:35,(anonymous_2)
FN:59,(anonymous_3)
FN:66,(anonymous_4)
FN:77,(anonymous_5)
FN:92,(anonymous_6)
FNF:7
FNH:1
FNDA:1,(anonymous_0)
FNDA:0,(anonymous_1)
FNDA:0,(anonymous_2)
FNDA:0,(anonymous_3)
FNDA:0,(anonymous_4)
FNDA:0,(anonymous_5)
FNDA:0,(anonymous_6)
DA:6,2
DA:7,2
DA:12,2
DA:16,1
DA:17,0
DA:19,1
DA:26,2
DA:31,2
DA:32,0
DA:33,0
DA:35,0
DA:36,0
DA:37,0
DA:38,0
DA:42,0
DA:53,0
DA:59,2
DA:60,0
DA:66,0
DA:67,0
DA:68,0
DA:71,0
DA:77,2
DA:78,0
DA:79,0
DA:81,0
DA:82,0
DA:83,0
DA:86,0
DA:92,2
DA:93,0
DA:95,0
DA:96,0
DA:97,0
DA:100,0
DA:103,2
LF:36
LH:11
BRDA:16,0,0,0
BRDA:16,0,1,1
BRDA:38,1,0,0
BRDA:38,1,1,0
BRDA:38,2,0,0
BRDA:38,2,1,0
BRDA:47,3,0,0
BRDA:47,3,1,0
BRDA:66,4,0,0
BRDA:66,4,1,0
BRDA:79,5,0,0
BRDA:79,5,1,0
BRDA:81,6,0,0
BRDA:81,6,1,0
BRDA:95,7,0,0
BRDA:95,7,1,0
BRDA:95,8,0,0
BRDA:95,8,1,0
BRF:18
BRH:1
end_of_record
TN:
SF:server\middleware\db-cache.js
FN:24,(anonymous_0)
FN:25,(anonymous_1)
FN:43,(anonymous_2)
FN:73,(anonymous_3)
FN:74,(anonymous_4)
FN:79,(anonymous_5)
FN:80,(anonymous_6)
FN:110,(anonymous_7)
FN:130,(anonymous_8)
FN:131,(anonymous_9)
FN:153,(anonymous_10)
FNF:11
FNH:11
FNDA:3,(anonymous_0)
FNDA:3,(anonymous_1)
FNDA:1,(anonymous_2)
FNDA:3,(anonymous_3)
FNDA:3,(anonymous_4)
FNDA:5,(anonymous_5)
FNDA:5,(anonymous_6)
FNDA:2,(anonymous_7)
FNDA:3,(anonymous_8)
FNDA:3,(anonymous_9)
FNDA:1,(anonymous_10)
DA:6,1
DA:7,1
DA:12,1
DA:24,1
DA:25,3
DA:26,3
DA:28,3
DA:30,2
DA:31,1
DA:36,1
DA:40,1
DA:43,1
DA:44,1
DA:46,1
DA:52,1
DA:55,1
DA:57,1
DA:63,1
DA:73,1
DA:74,3
DA:75,3
DA:76,3
DA:77,2
DA:79,2
DA:80,5
DA:81,2
DA:82,2
DA:86,2
DA:87,1
DA:94,2
DA:96,1
DA:102,1
DA:110,1
DA:111,2
DA:112,2
DA:113,1
DA:117,1
DA:130,1
DA:131,3
DA:132,3
DA:133,3
DA:136,3
DA:138,2
DA:139,1
DA:146,1
DA:150,1
DA:153,1
DA:154,1
DA:156,1
DA:164,1
DA:167,1
DA:169,1
DA:176,1
DA:181,1
LF:54
LH:54
BRDA:30,0,0,1
BRDA:30,0,1,1
BRDA:80,1,0,2
BRDA:80,1,1,3
BRDA:86,2,0,1
BRDA:86,2,1,1
BRDA:138,3,0,1
BRDA:138,3,1,1
BRF:8
BRH:8
end_of_record
TN:
SF:server\middleware\error-handler.js
FN:11,(anonymous_0)
FN:36,(anonymous_1)
FN:59,(anonymous_2)
FN:82,(anonymous_3)
FN:136,(anonymous_4)
FN:182,(anonymous_5)
FN:197,(anonymous_6)
FN:208,(anonymous_7)
FNF:8
FNH:8
FNDA:3,(anonymous_0)
FNDA:2,(anonymous_1)
FNDA:2,(anonymous_2)
FNDA:8,(anonymous_3)
FNDA:6,(anonymous_4)
FNDA:2,(anonymous_5)
FNDA:2,(anonymous_6)
FNDA:2,(anonymous_7)
DA:6,3
DA:11,3
DA:13,3
DA:22,3
DA:25,3
DA:36,3
DA:37,2
DA:38,1
DA:41,1
DA:49,1
DA:59,3
DA:60,2
DA:61,1
DA:64,1
DA:72,1
DA:82,3
DA:83,8
DA:84,1
DA:87,7
DA:96,7
DA:97,7
DA:99,7
DA:101,1
DA:102,1
DA:103,1
DA:105,1
DA:106,1
DA:107,1
DA:109,1
DA:110,1
DA:111,1
DA:113,1
DA:114,1
DA:115,1
DA:117,1
DA:118,1
DA:119,1
DA:121,1
DA:122,1
DA:123,1
DA:126,7
DA:136,3
DA:137,6
DA:138,1
DA:141,5
DA:150,5
DA:151,5
DA:153,5
DA:155,1
DA:156,1
DA:157,1
DA:159,1
DA:160,1
DA:161,1
DA:163,1
DA:164,1
DA:165,1
DA:167,1
DA:168,1
DA:169,1
DA:172,5
DA:182,3
DA:183,2
DA:184,1
DA:187,1
DA:195,1
DA:197,2
DA:208,3
DA:209,2
DA:210,1
DA:213,1
DA:220,1
DA:227,3
LF:73
LH:73
BRDA:22,0,0,3
BRDA:22,0,1,2
BRDA:28,1,0,3
BRDA:28,1,1,1
BRDA:37,2,0,1
BRDA:37,2,1,1
BRDA:60,3,0,1
BRDA:60,3,1,1
BRDA:83,4,0,1
BRDA:83,4,1,7
BRDA:83,5,0,8
BRDA:83,5,1,7
BRDA:99,6,0,1
BRDA:99,6,1,1
BRDA:99,6,2,1
BRDA:99,6,3,1
BRDA:99,6,4,1
BRDA:99,6,5,1
BRDA:137,7,0,1
BRDA:137,7,1,5
BRDA:137,8,0,6
BRDA:137,8,1,5
BRDA:153,9,0,1
BRDA:153,9,1,1
BRDA:153,9,2,1
BRDA:153,9,3,1
BRDA:183,10,0,1
BRDA:183,10,1,1
BRDA:209,11,0,1
BRDA:209,11,1,1
BRDA:209,12,0,2
BRDA:209,12,1,1
BRF:32
BRH:32
end_of_record
TN:
SF:server\middleware\error.middleware.js
FN:8,(anonymous_0)
FNF:1
FNH:0
FNDA:0,(anonymous_0)
DA:6,0
DA:8,0
DA:10,0
DA:18,0
DA:21,0
LF:5
LH:0
BRDA:14,0,0,0
BRDA:14,0,1,0
BRDA:18,1,0,0
BRDA:18,1,1,0
BRDA:23,2,0,0
BRDA:23,2,1,0
BRDA:23,3,0,0
BRDA:23,3,1,0
BRDA:26,4,0,0
BRDA:26,4,1,0
BRF:10
BRH:0
end_of_record
TN:
SF:server\middleware\file-handler.js
FN:17,(anonymous_0)
FN:20,(anonymous_1)
FN:29,(anonymous_2)
FN:55,(anonymous_3)
FN:117,(anonymous_4)
FN:135,(anonymous_5)
FN:195,(anonymous_6)
FN:232,(anonymous_7)
FN:279,(anonymous_8)
FN:326,(anonymous_9)
FN:357,(anonymous_10)
FN:358,(anonymous_11)
FN:408,(anonymous_12)
FN:422,(anonymous_13)
FNF:14
FNH:11
FNDA:0,(anonymous_0)
FNDA:0,(anonymous_1)
FNDA:0,(anonymous_2)
FNDA:13,(anonymous_3)
FNDA:3,(anonymous_4)
FNDA:4,(anonymous_5)
FNDA:2,(anonymous_6)
FNDA:2,(anonymous_7)
FNDA:2,(anonymous_8)
FNDA:3,(anonymous_9)
FNDA:1,(anonymous_10)
FNDA:1,(anonymous_11)
FNDA:4,(anonymous_12)
FNDA:1,(anonymous_13)
DA:6,3
DA:7,3
DA:8,3
DA:9,3
DA:10,3
DA:11,3
DA:16,3
DA:18,0
DA:21,0
DA:22,0
DA:29,3
DA:30,0
DA:31,0
DA:32,0
DA:34,0
DA:41,3
DA:50,3
DA:55,3
DA:56,13
DA:58,13
DA:61,13
DA:71,13
DA:95,13
DA:97,13
DA:103,13
DA:105,0
DA:110,0
DA:117,3
DA:119,3
DA:120,2
DA:124,3
DA:125,3
DA:126,3
DA:129,3
DA:135,3
DA:136,4
DA:137,1
DA:138,1
DA:145,3
DA:146,1
DA:152,1
DA:153,1
DA:154,1
DA:157,1
DA:164,2
DA:165,2
DA:166,1
DA:172,1
DA:173,1
DA:174,1
DA:177,1
DA:183,1
DA:189,1
DA:195,3
DA:196,2
DA:197,2
DA:198,2
DA:201,1
DA:202,1
DA:203,1
DA:206,1
DA:211,1
DA:213,1
DA:220,1
DA:221,1
DA:222,1
DA:225,1
DA:232,3
DA:233,2
DA:234,2
DA:237,2
DA:240,1
DA:243,1
DA:246,1
DA:247,1
DA:248,1
DA:251,1
DA:257,1
DA:259,1
DA:267,1
DA:268,1
DA:269,1
DA:272,1
DA:279,3
DA:280,2
DA:281,2
DA:284,2
DA:287,2
DA:290,2
DA:293,1
DA:294,1
DA:295,1
DA:298,1
DA:304,1
DA:306,1
DA:314,1
DA:315,1
DA:316,1
DA:319,1
DA:326,3
DA:327,3
DA:328,3
DA:330,3
DA:331,1
DA:337,2
DA:339,2
DA:341,1
DA:343,1
DA:347,1
DA:357,3
DA:358,1
DA:359,1
DA:360,0
DA:363,0
DA:364,0
DA:365,0
DA:368,0
DA:374,1
DA:375,0
DA:378,0
DA:379,0
DA:380,0
DA:383,0
DA:392,1
DA:394,1
DA:395,1
DA:396,1
DA:400,1
DA:403,0
DA:408,3
DA:410,4
DA:411,2
DA:415,2
DA:418,2
DA:419,1
DA:422,1
DA:423,1
DA:424,0
DA:427,0
DA:428,0
DA:429,0
DA:432,0
DA:438,1
DA:439,1
DA:442,1
DA:443,1
DA:444,1
DA:447,1
DA:456,0
DA:457,0
DA:458,0
DA:461,0
DA:465,3
LF:153
LH:124
BRDA:18,0,0,0
BRDA:18,0,1,0
BRDA:31,1,0,0
BRDA:31,1,1,0
BRDA:55,2,0,0
BRDA:55,3,0,0
BRDA:75,4,0,13
BRDA:75,4,1,0
BRDA:76,5,0,13
BRDA:76,5,1,0
BRDA:77,6,0,13
BRDA:77,6,1,0
BRDA:78,7,0,13
BRDA:78,7,1,0
BRDA:79,8,0,13
BRDA:79,8,1,0
BRDA:80,9,0,13
BRDA:80,9,1,0
BRDA:81,10,0,13
BRDA:81,10,1,13
BRDA:82,11,0,13
BRDA:82,11,1,13
BRDA:83,12,0,13
BRDA:83,12,1,0
BRDA:84,13,0,13
BRDA:84,13,1,0
BRDA:85,14,0,13
BRDA:85,14,1,0
BRDA:86,15,0,13
BRDA:86,15,1,0
BRDA:87,16,0,13
BRDA:87,16,1,0
BRDA:88,17,0,13
BRDA:88,17,1,13
BRDA:89,18,0,13
BRDA:89,18,1,13
BRDA:90,19,0,13
BRDA:90,19,1,13
BRDA:119,20,0,2
BRDA:119,20,1,1
BRDA:119,21,0,3
BRDA:119,21,1,2
BRDA:119,21,2,2
BRDA:124,22,0,3
BRDA:124,22,1,0
BRDA:124,23,0,3
BRDA:124,23,1,3
BRDA:125,24,0,3
BRDA:125,24,1,0
BRDA:136,25,0,1
BRDA:136,25,1,3
BRDA:145,26,0,1
BRDA:145,26,1,2
BRDA:152,27,0,1
BRDA:152,27,1,0
BRDA:152,28,0,1
BRDA:152,28,1,1
BRDA:153,29,0,1
BRDA:153,29,1,0
BRDA:165,30,0,1
BRDA:165,30,1,1
BRDA:172,31,0,1
BRDA:172,31,1,0
BRDA:172,32,0,1
BRDA:172,32,1,1
BRDA:173,33,0,1
BRDA:173,33,1,0
BRDA:201,34,0,1
BRDA:201,34,1,0
BRDA:201,35,0,1
BRDA:201,35,1,1
BRDA:202,36,0,1
BRDA:202,36,1,0
BRDA:220,37,0,1
BRDA:220,37,1,0
BRDA:220,38,0,1
BRDA:220,38,1,1
BRDA:221,39,0,1
BRDA:221,39,1,0
BRDA:246,40,0,1
BRDA:246,40,1,0
BRDA:246,41,0,1
BRDA:246,41,1,1
BRDA:247,42,0,1
BRDA:247,42,1,0
BRDA:267,43,0,1
BRDA:267,43,1,0
BRDA:267,44,0,1
BRDA:267,44,1,1
BRDA:268,45,0,1
BRDA:268,45,1,0
BRDA:293,46,0,1
BRDA:293,46,1,0
BRDA:293,47,0,1
BRDA:293,47,1,1
BRDA:294,48,0,1
BRDA:294,48,1,0
BRDA:314,49,0,1
BRDA:314,49,1,0
BRDA:314,50,0,1
BRDA:314,50,1,1
BRDA:315,51,0,1
BRDA:315,51,1,0
BRDA:330,52,0,1
BRDA:330,52,1,2
BRDA:359,53,0,0
BRDA:359,53,1,1
BRDA:363,54,0,0
BRDA:363,54,1,0
BRDA:363,55,0,0
BRDA:363,55,1,0
BRDA:364,56,0,0
BRDA:364,56,1,0
BRDA:374,57,0,0
BRDA:374,57,1,1
BRDA:378,58,0,0
BRDA:378,58,1,0
BRDA:378,59,0,0
BRDA:378,59,1,0
BRDA:379,60,0,0
BRDA:379,60,1,0
BRDA:392,61,0,1
BRDA:392,61,1,0
BRDA:394,62,0,1
BRDA:394,62,1,0
BRDA:394,63,0,1
BRDA:394,63,1,1
BRDA:395,64,0,1
BRDA:395,64,1,0
BRDA:410,65,0,2
BRDA:410,65,1,2
BRDA:415,66,0,2
BRDA:415,66,1,1
BRDA:418,67,0,1
BRDA:418,67,1,1
BRDA:423,68,0,0
BRDA:423,68,1,1
BRDA:427,69,0,0
BRDA:427,69,1,0
BRDA:427,70,0,0
BRDA:427,70,1,0
BRDA:428,71,0,0
BRDA:428,71,1,0
BRDA:438,72,0,1
BRDA:438,72,1,0
BRDA:442,73,0,1
BRDA:442,73,1,0
BRDA:442,74,0,1
BRDA:442,74,1,1
BRDA:443,75,0,1
BRDA:443,75,1,0
BRDA:456,76,0,0
BRDA:456,76,1,0
BRDA:456,77,0,0
BRDA:456,77,1,0
BRDA:456,77,2,0
BRDA:457,78,0,0
BRDA:457,78,1,0
BRF:158
BRH:89
end_of_record
TN:
SF:server\middleware\input-validation.js
FN:90,(anonymous_0)
FN:91,(anonymous_1)
FN:100,(anonymous_2)
FN:143,(anonymous_3)
FN:147,(anonymous_4)
FN:156,(anonymous_5)
FN:165,(anonymous_6)
FN:189,(anonymous_7)
FN:190,(anonymous_8)
FNF:9
FNH:9
FNDA:5,(anonymous_0)
FNDA:5,(anonymous_1)
FNDA:2,(anonymous_2)
FNDA:3,(anonymous_3)
FNDA:2,(anonymous_4)
FNDA:2,(anonymous_5)
FNDA:1,(anonymous_6)
FNDA:4,(anonymous_7)
FNDA:4,(anonymous_8)
DA:6,1
DA:7,1
DA:12,1
DA:90,1
DA:91,5
DA:92,5
DA:93,5
DA:99,4
DA:100,2
DA:105,1
DA:114,1
DA:121,3
DA:123,1
DA:132,1
DA:143,1
DA:144,3
DA:146,3
DA:147,3
DA:148,2
DA:149,1
DA:155,3
DA:156,1
DA:157,2
DA:158,2
DA:164,2
DA:165,2
DA:166,1
DA:167,1
DA:172,2
DA:174,1
DA:182,1
DA:189,1
DA:190,4
DA:191,4
DA:192,4
DA:193,1
DA:196,2
DA:197,1
DA:206,1
DA:212,1
DA:214,1
DA:222,1
DA:227,1
LF:43
LH:43
BRDA:90,0,0,3
BRDA:99,1,0,1
BRDA:99,1,1,3
BRDA:146,2,0,3
BRDA:146,2,1,0
BRDA:148,3,0,1
BRDA:148,3,1,1
BRDA:155,4,0,1
BRDA:155,4,1,1
BRDA:157,5,0,2
BRDA:157,5,1,0
BRDA:164,6,0,2
BRDA:164,6,1,0
BRDA:166,7,0,1
BRDA:166,7,1,0
BRDA:192,8,0,1
BRDA:192,8,1,2
BRDA:196,9,0,1
BRDA:196,9,1,1
BRF:19
BRH:15
end_of_record
TN:
SF:server\middleware\logger.js
FN:11,(anonymous_0)
FN:25,(anonymous_1)
FN:69,(anonymous_2)
FN:88,(anonymous_3)
FN:91,(anonymous_4)
FN:122,(anonymous_5)
FN:125,(anonymous_6)
FN:159,(anonymous_7)
FN:162,(anonymous_8)
FNF:9
FNH:9
FNDA:4,(anonymous_0)
FNDA:3,(anonymous_1)
FNDA:1,(anonymous_2)
FNDA:3,(anonymous_3)
FNDA:3,(anonymous_4)
FNDA:3,(anonymous_5)
FNDA:3,(anonymous_6)
FNDA:2,(anonymous_7)
FNDA:2,(anonymous_8)
DA:6,1
DA:11,1
DA:12,4
DA:15,4
DA:25,4
DA:26,3
DA:27,3
DA:30,3
DA:40,3
DA:41,1
DA:52,3
DA:53,1
DA:63,4
DA:69,1
DA:70,1
DA:82,1
DA:88,1
DA:89,3
DA:91,3
DA:92,3
DA:93,3
DA:95,3
DA:96,2
DA:105,2
DA:106,1
DA:116,3
DA:122,1
DA:123,3
DA:125,3
DA:126,3
DA:127,3
DA:130,3
DA:131,2
DA:141,2
DA:142,1
DA:153,3
DA:159,1
DA:160,2
DA:162,2
DA:163,2
DA:164,2
DA:166,2
DA:167,1
DA:182,2
DA:185,1
LF:45
LH:45
BRDA:40,0,0,1
BRDA:40,0,1,2
BRDA:52,1,0,1
BRDA:52,1,1,2
BRDA:95,2,0,2
BRDA:95,2,1,1
BRDA:105,3,0,1
BRDA:105,3,1,1
BRDA:130,4,0,2
BRDA:130,4,1,1
BRDA:130,5,0,3
BRDA:130,5,1,2
BRDA:141,6,0,1
BRDA:141,6,1,1
BRDA:166,7,0,1
BRDA:166,7,1,1
BRF:16
BRH:16
end_of_record
TN:
SF:server\middleware\monitoring.js
FN:23,(anonymous_0)
FN:28,(anonymous_1)
FN:52,(anonymous_2)
FN:69,(anonymous_3)
FN:97,(anonymous_4)
FN:100,(anonymous_5)
FN:118,(anonymous_6)
FN:137,(anonymous_7)
FN:141,(anonymous_8)
FN:159,(anonymous_9)
FN:177,(anonymous_10)
FN:181,(anonymous_11)
FNF:12
FNH:2
FNDA:0,(anonymous_0)
FNDA:0,(anonymous_1)
FNDA:0,(anonymous_2)
FNDA:0,(anonymous_3)
FNDA:0,(anonymous_4)
FNDA:0,(anonymous_5)
FNDA:0,(anonymous_6)
FNDA:0,(anonymous_7)
FNDA:0,(anonymous_8)
FNDA:0,(anonymous_9)
FNDA:1,(anonymous_10)
FNDA:1,(anonymous_11)
DA:6,2
DA:7,2
DA:12,2
DA:23,2
DA:24,0
DA:25,0
DA:26,0
DA:28,0
DA:29,0
DA:30,0
DA:31,0
DA:34,0
DA:35,0
DA:36,0
DA:46,0
DA:52,2
DA:53,0
DA:55,0
DA:63,0
DA:69,2
DA:70,0
DA:86,0
DA:87,0
DA:88,0
DA:91,0
DA:97,2
DA:98,0
DA:100,0
DA:101,0
DA:102,0
DA:112,0
DA:118,2
DA:119,0
DA:120,0
DA:122,0
DA:123,0
DA:131,0
DA:137,2
DA:138,0
DA:139,0
DA:141,0
DA:142,0
DA:143,0
DA:144,0
DA:153,0
DA:159,2
DA:160,0
DA:169,0
DA:170,0
DA:173,0
DA:177,2
DA:178,1
DA:181,1
DA:182,1
DA:183,1
DA:191,1
DA:194,2
LF:57
LH:17
BRDA:34,0,0,0
BRDA:34,0,1,0
BRDA:86,1,0,0
BRDA:86,1,1,0
BRDA:122,2,0,0
BRDA:122,2,1,0
BRDA:143,3,0,0
BRDA:143,3,1,0
BRDA:169,4,0,0
BRDA:169,4,1,0
BRF:10
BRH:0
end_of_record
TN:
SF:server\middleware\permissions.js
FN:83,(anonymous_0)
FN:84,(anonymous_1)
FN:97,(anonymous_2)
FN:141,(anonymous_3)
FN:142,(anonymous_4)
FN:192,(anonymous_5)
FN:193,(anonymous_6)
FN:208,(anonymous_7)
FN:224,(anonymous_8)
FNF:9
FNH:9
FNDA:5,(anonymous_0)
FNDA:5,(anonymous_1)
FNDA:5,(anonymous_2)
FNDA:4,(anonymous_3)
FNDA:4,(anonymous_4)
FNDA:5,(anonymous_5)
FNDA:5,(anonymous_6)
FNDA:9,(anonymous_7)
FNDA:5,(anonymous_8)
DA:6,1
DA:11,1
DA:26,1
DA:37,1
DA:83,1
DA:84,5
DA:85,5
DA:86,5
DA:87,1
DA:93,4
DA:94,4
DA:97,3
DA:98,5
DA:101,3
DA:102,1
DA:112,1
DA:118,2
DA:120,1
DA:128,1
DA:141,1
DA:142,4
DA:143,4
DA:144,4
DA:145,1
DA:151,3
DA:153,2
DA:154,1
DA:163,1
DA:169,1
DA:171,1
DA:179,1
DA:192,1
DA:193,5
DA:194,5
DA:195,5
DA:196,0
DA:204,5
DA:205,1
DA:206,4
DA:208,9
DA:209,3
DA:211,0
DA:214,4
DA:215,4
DA:217,4
DA:218,1
DA:221,3
DA:222,3
DA:224,3
DA:225,5
DA:228,3
DA:230,1
DA:241,1
DA:247,2
DA:249,1
DA:257,1
DA:265,1
LF:57
LH:55
BRDA:86,0,0,1
BRDA:86,0,1,4
BRDA:94,1,0,4
BRDA:94,1,1,1
BRDA:94,1,2,0
BRDA:101,2,0,1
BRDA:101,2,1,2
BRDA:122,3,0,1
BRDA:122,3,1,0
BRDA:144,4,0,1
BRDA:144,4,1,3
BRDA:153,5,0,1
BRDA:153,5,1,1
BRDA:173,6,0,1
BRDA:173,6,1,0
BRDA:195,7,0,0
BRDA:195,7,1,5
BRDA:204,8,0,1
BRDA:204,8,1,4
BRDA:206,9,0,3
BRDA:206,9,1,0
BRDA:209,10,0,3
BRDA:209,10,1,0
BRDA:215,11,0,4
BRDA:215,11,1,1
BRDA:217,12,0,1
BRDA:217,12,1,3
BRDA:222,13,0,3
BRDA:222,13,1,0
BRDA:222,13,2,0
BRDA:228,14,0,1
BRDA:228,14,1,2
BRDA:251,15,0,1
BRDA:251,15,1,0
BRF:34
BRH:25
end_of_record
TN:
SF:server\middleware\security.js
FN:36,(anonymous_0)
FN:58,(anonymous_1)
FN:93,(anonymous_2)
FN:97,(anonymous_3)
FN:106,(anonymous_4)
FN:115,(anonymous_5)
FN:138,(anonymous_6)
FN:176,(anonymous_7)
FN:199,(anonymous_8)
FNF:9
FNH:2
FNDA:1,(anonymous_0)
FNDA:1,(anonymous_1)
FNDA:0,(anonymous_2)
FNDA:0,(anonymous_3)
FNDA:0,(anonymous_4)
FNDA:0,(anonymous_5)
FNDA:0,(anonymous_6)
FNDA:0,(anonymous_7)
FNDA:0,(anonymous_8)
DA:6,5
DA:7,5
DA:8,5
DA:9,5
DA:10,5
DA:11,5
DA:16,5
DA:27,5
DA:37,1
DA:49,5
DA:59,1
DA:71,5
DA:93,5
DA:94,0
DA:96,0
DA:97,0
DA:98,0
DA:99,0
DA:105,0
DA:106,0
DA:107,0
DA:108,0
DA:114,0
DA:115,0
DA:116,0
DA:117,0
DA:122,0
DA:124,0
DA:131,0
DA:138,5
DA:139,0
DA:141,0
DA:142,0
DA:143,0
DA:144,0
DA:152,0
DA:153,0
DA:154,0
DA:160,0
DA:162,0
DA:169,0
DA:176,5
DA:177,0
DA:178,0
DA:179,0
DA:180,0
DA:185,0
DA:187,0
DA:194,0
DA:199,5
DA:201,0
DA:202,0
DA:203,0
DA:204,0
DA:206,0
DA:209,5
LF:56
LH:17
BRDA:17,0,0,5
BRDA:17,0,1,5
BRDA:96,1,0,0
BRDA:96,1,1,0
BRDA:98,2,0,0
BRDA:98,2,1,0
BRDA:105,3,0,0
BRDA:105,3,1,0
BRDA:107,4,0,0
BRDA:107,4,1,0
BRDA:114,5,0,0
BRDA:114,5,1,0
BRDA:116,6,0,0
BRDA:116,6,1,0
BRDA:141,7,0,0
BRDA:141,7,1,0
BRDA:143,8,0,0
BRDA:143,8,1,0
BRDA:143,9,0,0
BRDA:143,9,1,0
BRDA:153,10,0,0
BRDA:153,10,1,0
BRDA:153,11,0,0
BRDA:153,11,1,0
BRF:24
BRH:2
end_of_record
TN:
SF:server\middleware\session-handler.js
FN:33,(anonymous_0)
FN:54,(anonymous_1)
FN:59,(anonymous_2)
FN:81,(anonymous_3)
FN:86,(anonymous_4)
FN:109,(anonymous_5)
FN:124,(anonymous_6)
FNF:7
FNH:0
FNDA:0,(anonymous_0)
FNDA:0,(anonymous_1)
FNDA:0,(anonymous_2)
FNDA:0,(anonymous_3)
FNDA:0,(anonymous_4)
FNDA:0,(anonymous_5)
FNDA:0,(anonymous_6)
DA:6,2
DA:7,2
DA:12,2
DA:28,2
DA:33,2
DA:34,0
DA:35,0
DA:42,0
DA:48,0
DA:54,2
DA:55,0
DA:56,0
DA:59,0
DA:60,0
DA:61,0
DA:66,0
DA:69,0
DA:74,0
DA:81,2
DA:82,0
DA:83,0
DA:86,0
DA:87,0
DA:88,0
DA:93,0
DA:96,0
DA:98,0
DA:102,0
DA:109,2
DA:110,0
DA:111,0
DA:114,0
DA:115,0
DA:117,0
DA:118,0
DA:124,0
DA:125,0
DA:126,0
DA:134,0
DA:140,0
DA:143,2
LF:41
LH:9
BRDA:13,0,0,2
BRDA:13,0,1,0
BRDA:14,1,0,2
BRDA:14,1,1,0
BRDA:20,2,0,2
BRDA:20,2,1,0
BRDA:34,3,0,0
BRDA:34,3,1,0
BRDA:34,4,0,0
BRDA:34,4,1,0
BRDA:55,5,0,0
BRDA:55,5,1,0
BRDA:60,6,0,0
BRDA:60,6,1,0
BRDA:82,7,0,0
BRDA:82,7,1,0
BRDA:87,8,0,0
BRDA:87,8,1,0
BRDA:110,9,0,0
BRDA:110,9,1,0
BRDA:110,10,0,0
BRDA:110,10,1,0
BRDA:117,11,0,0
BRDA:117,11,1,0
BRDA:125,12,0,0
BRDA:125,12,1,0
BRF:26
BRH:3
end_of_record
TN:
SF:server\middleware\session.js
FN:18,(anonymous_0)
FN:44,(anonymous_1)
FN:54,(anonymous_2)
FN:93,(anonymous_3)
FN:99,(anonymous_4)
FN:127,(anonymous_5)
FN:133,(anonymous_6)
FN:163,(anonymous_7)
FN:173,(anonymous_8)
FN:187,(anonymous_9)
FN:188,(anonymous_10)
FNF:11
FNH:10
FNDA:0,(anonymous_0)
FNDA:5,(anonymous_1)
FNDA:3,(anonymous_2)
FNDA:4,(anonymous_3)
FNDA:2,(anonymous_4)
FNDA:4,(anonymous_5)
FNDA:2,(anonymous_6)
FNDA:4,(anonymous_7)
FNDA:2,(anonymous_8)
FNDA:2,(anonymous_9)
FNDA:2,(anonymous_10)
DA:6,1
DA:7,1
DA:8,1
DA:9,1
DA:14,1
DA:19,0
DA:20,0
DA:27,1
DA:44,1
DA:45,5
DA:46,5
DA:47,1
DA:54,4
DA:55,3
DA:56,1
DA:62,1
DA:68,2
DA:69,1
DA:75,1
DA:78,1
DA:83,1
DA:93,1
DA:94,4
DA:95,4
DA:96,1
DA:99,3
DA:100,2
DA:101,1
DA:106,1
DA:112,1
DA:115,1
DA:120,1
DA:127,1
DA:128,4
DA:129,4
DA:130,1
DA:133,3
DA:134,2
DA:135,1
DA:141,1
DA:147,1
DA:148,1
DA:151,1
DA:156,1
DA:163,1
DA:164,4
DA:165,4
DA:166,1
DA:169,3
DA:170,3
DA:173,3
DA:174,2
DA:175,1
DA:181,1
DA:184,1
DA:187,1
DA:188,2
DA:189,2
DA:191,2
DA:192,2
DA:193,2
DA:194,2
DA:197,0
DA:207,1
DA:208,1
DA:215,1
DA:221,0
DA:224,1
DA:229,1
DA:233,1
LF:70
LH:66
BRDA:15,0,0,1
BRDA:15,0,1,0
BRDA:16,1,0,1
BRDA:16,1,1,0
BRDA:29,2,0,1
BRDA:29,2,1,0
BRDA:46,3,0,1
BRDA:46,3,1,4
BRDA:46,4,0,5
BRDA:46,4,1,4
BRDA:55,5,0,1
BRDA:55,5,1,2
BRDA:68,6,0,1
BRDA:68,6,1,1
BRDA:95,7,0,1
BRDA:95,7,1,3
BRDA:100,8,0,1
BRDA:100,8,1,1
BRDA:129,9,0,1
BRDA:129,9,1,3
BRDA:134,10,0,1
BRDA:134,10,1,1
BRDA:165,11,0,1
BRDA:165,11,1,3
BRDA:165,12,0,4
BRDA:165,12,1,3
BRDA:174,13,0,1
BRDA:174,13,1,1
BRDA:189,14,0,0
BRDA:189,14,1,2
BRDA:193,15,0,2
BRDA:193,15,1,0
BRDA:193,16,0,2
BRDA:193,16,1,2
BRDA:207,17,0,1
BRDA:207,17,1,0
BRF:36
BRH:30
end_of_record
TN:
SF:server\middleware\swagger.js
FN:88,(anonymous_0)
FN:118,(anonymous_1)
FNF:2
FNH:2
FNDA:3,(anonymous_0)
FNDA:1,(anonymous_1)
DA:6,1
DA:7,1
DA:8,1
DA:13,1
DA:53,1
DA:58,1
DA:63,1
DA:88,1
DA:89,3
DA:90,3
DA:92,2
DA:93,1
DA:98,1
DA:104,1
DA:106,1
DA:111,1
DA:118,1
DA:119,1
DA:127,1
DA:130,1
LF:20
LH:20
BRDA:27,0,0,1
BRDA:27,0,1,1
BRDA:92,1,0,1
BRDA:92,1,1,1
BRF:4
BRH:4
end_of_record
TN:
SF:server\middleware\validator.js
FN:79,(anonymous_0)
FN:80,(anonymous_1)
FN:89,(anonymous_2)
FN:130,(anonymous_3)
FN:134,(anonymous_4)
FN:143,(anonymous_5)
FN:152,(anonymous_6)
FN:175,(anonymous_7)
FN:176,(anonymous_8)
FN:218,(anonymous_9)
FNF:10
FNH:1
FNDA:0,(anonymous_0)
FNDA:0,(anonymous_1)
FNDA:0,(anonymous_2)
FNDA:0,(anonymous_3)
FNDA:0,(anonymous_4)
FNDA:0,(anonymous_5)
FNDA:0,(anonymous_6)
FNDA:0,(anonymous_7)
FNDA:0,(anonymous_8)
FNDA:1,(anonymous_9)
DA:6,2
DA:7,2
DA:12,2
DA:79,2
DA:80,0
DA:81,0
DA:82,0
DA:88,0
DA:89,0
DA:94,0
DA:102,0
DA:109,0
DA:111,0
DA:119,0
DA:130,2
DA:131,0
DA:133,0
DA:134,0
DA:135,0
DA:136,0
DA:142,0
DA:143,0
DA:144,0
DA:145,0
DA:151,0
DA:152,0
DA:153,0
DA:154,0
DA:159,0
DA:161,0
DA:168,0
DA:175,2
DA:176,0
DA:177,0
DA:178,0
DA:179,0
DA:185,0
DA:186,0
DA:194,0
DA:200,0
DA:202,0
DA:209,0
DA:218,2
DA:220,1
DA:221,0
DA:228,1
DA:231,2
LF:47
LH:10
BRDA:79,0,0,0
BRDA:88,1,0,0
BRDA:88,1,1,0
BRDA:133,2,0,0
BRDA:133,2,1,0
BRDA:135,3,0,0
BRDA:135,3,1,0
BRDA:142,4,0,0
BRDA:142,4,1,0
BRDA:144,5,0,0
BRDA:144,5,1,0
BRDA:151,6,0,0
BRDA:151,6,1,0
BRDA:153,7,0,0
BRDA:153,7,1,0
BRDA:178,8,0,0
BRDA:178,8,1,0
BRDA:185,9,0,0
BRDA:185,9,1,0
BRDA:220,10,0,0
BRDA:220,10,1,1
BRDA:220,11,0,1
BRDA:220,11,1,1
BRF:23
BRH:3
end_of_record
TN:
SF:server\middleware\auth\index.js
FN:10,(anonymous_0)
FN:47,(anonymous_1)
FN:48,(anonymous_2)
FNF:3
FNH:3
FNDA:4,(anonymous_0)
FNDA:3,(anonymous_1)
FNDA:3,(anonymous_2)
DA:6,1
DA:7,1
DA:10,1
DA:12,4
DA:13,4
DA:15,4
DA:16,2
DA:22,2
DA:24,2
DA:27,1
DA:29,1
DA:32,1
DA:39,1
DA:47,1
DA:48,3
DA:50,3
DA:51,1
DA:58,2
DA:60,1
DA:68,1
DA:74,1
DA:79,1
LF:22
LH:22
BRDA:13,0,0,4
BRDA:13,0,1,3
BRDA:15,1,0,2
BRDA:15,1,1,2
BRDA:50,2,0,1
BRDA:50,2,1,2
BRDA:58,3,0,1
BRDA:58,3,1,1
BRF:8
BRH:8
end_of_record
TN:
SF:server\middleware\file-handler\index.js
FN:18,(anonymous_0)
FN:48,(anonymous_1)
FN:60,(anonymous_2)
FN:76,(anonymous_3)
FN:103,(anonymous_4)
FN:141,(anonymous_5)
FN:145,(anonymous_6)
FNF:7
FNH:7
FNDA:32,(anonymous_0)
FNDA:2,(anonymous_1)
FNDA:1,(anonymous_2)
FNDA:3,(anonymous_3)
FNDA:7,(anonymous_4)
FNDA:3,(anonymous_5)
FNDA:2,(anonymous_6)
DA:7,16
DA:8,16
DA:9,16
DA:10,16
DA:11,16
DA:14,16
DA:15,16
DA:18,16
DA:19,32
DA:20,2
DA:21,2
DA:26,16
DA:27,16
DA:30,16
DA:42,16
DA:47,16
DA:50,2
DA:53,2
DA:54,2
DA:55,1
DA:58,2
DA:62,1
DA:63,1
DA:66,1
DA:69,1
DA:71,1
DA:76,16
DA:78,3
DA:79,1
DA:83,2
DA:84,2
DA:85,1
DA:89,1
DA:93,16
DA:103,16
DA:104,7
DA:106,3
DA:107,1
DA:113,2
DA:114,1
DA:120,1
DA:126,4
DA:128,3
DA:130,3
DA:137,1
DA:141,16
DA:143,3
DA:145,2
DA:146,2
DA:147,1
DA:149,1
DA:155,1
DA:158,16
LF:53
LH:53
BRDA:19,0,0,2
BRDA:19,0,1,30
BRDA:54,1,0,1
BRDA:54,1,1,1
BRDA:78,2,0,1
BRDA:78,2,1,2
BRDA:84,3,0,1
BRDA:84,3,1,1
BRDA:104,4,0,3
BRDA:104,4,1,4
BRDA:106,5,0,1
BRDA:106,5,1,2
BRDA:113,6,0,1
BRDA:113,6,1,1
BRDA:126,7,0,3
BRDA:126,7,1,1
BRDA:132,8,0,3
BRDA:132,8,1,1
BRDA:143,9,0,2
BRDA:143,9,1,1
BRDA:143,10,0,3
BRDA:143,10,1,2
BRDA:146,11,0,1
BRDA:146,11,1,1
BRF:24
BRH:24
end_of_record
TN:
SF:server\middleware\security\csrf.middleware.js
FN:12,(anonymous_0)
FN:64,(anonymous_1)
FN:85,(anonymous_2)
FNF:3
FNH:3
FNDA:25,(anonymous_0)
FNDA:14,(anonymous_1)
FNDA:9,(anonymous_2)
DA:6,2
DA:7,2
DA:12,2
DA:14,25
DA:15,6
DA:19,19
DA:22,19
DA:24,19
DA:25,10
DA:31,10
DA:39,9
DA:41,9
DA:42,3
DA:49,3
DA:55,6
DA:64,2
DA:65,14
DA:66,3
DA:69,11
DA:70,1
DA:74,10
DA:75,10
DA:76,10
DA:85,2
DA:88,9
DA:91,2
DA:97,2
DA:101,2
LF:28
LH:28
BRDA:14,0,0,6
BRDA:14,0,1,19
BRDA:24,1,0,10
BRDA:24,1,1,9
BRDA:24,2,0,19
BRDA:24,2,1,9
BRDA:41,3,0,3
BRDA:41,3,1,6
BRDA:65,4,0,3
BRDA:65,4,1,11
BRDA:65,5,0,14
BRDA:65,5,1,11
BRDA:69,6,0,1
BRDA:69,6,1,10
BRDA:88,7,0,9
BRDA:88,7,1,9
BRF:16
BRH:16
end_of_record
TN:
SF:server\middleware\security\index.js
FN:15,(anonymous_0)
FN:34,(anonymous_1)
FN:53,(anonymous_2)
FNF:3
FNH:3
FNDA:2,(anonymous_0)
FNDA:2,(anonymous_1)
FNDA:2,(anonymous_2)
DA:6,2
DA:7,2
DA:10,2
DA:16,2
DA:21,2
DA:29,2
DA:35,2
DA:40,2
DA:48,2
DA:54,2
DA:59,2
DA:67,2
DA:73,2
LF:13
LH:13
BRF:0
BRH:0
end_of_record
TN:
SF:server\middleware\validation\auth.validator.js
FNF:0
FNH:0
DA:6,1
DA:7,1
DA:10,1
DA:22,1
DA:39,1
DA:50,1
DA:72,1
DA:88,1
LF:8
LH:8
BRF:0
BRH:0
end_of_record
TN:
SF:server\middleware\validation\document.validator.js
FNF:0
FNH:0
DA:7,1
DA:12,1
DA:61,1
DA:97,1
DA:116,1
DA:136,1
LF:6
LH:6
BRF:0
BRH:0
end_of_record
TN:
SF:server\middleware\validation\index.js
FN:13,(anonymous_0)
FN:14,(anonymous_1)
FN:40,(anonymous_2)
FN:41,(anonymous_3)
FN:48,(anonymous_4)
FNF:5
FNH:5
FNDA:2,(anonymous_0)
FNDA:2,(anonymous_1)
FNDA:11,(anonymous_2)
FNDA:7,(anonymous_3)
FNDA:5,(anonymous_4)
DA:6,4
DA:13,4
DA:14,2
DA:16,2
DA:17,4
DA:21,2
DA:22,2
DA:23,1
DA:27,1
DA:40,4
DA:41,11
DA:42,7
DA:47,7
DA:48,5
DA:53,3
DA:61,4
DA:62,4
DA:66,4
LF:18
LH:18
BRDA:22,0,0,1
BRDA:22,0,1,1
BRDA:47,1,0,3
BRDA:47,1,1,4
BRF:4
BRH:4
end_of_record
TN:
SF:server\middleware\validation\permiso.validator.js
FNF:0
FNH:0
DA:7,3
DA:10,3
DA:52,3
DA:89,3
DA:117,3
LF:5
LH:5
BRF:0
BRH:0
end_of_record
TN:
SF:server\models\base.model.js
FN:15,(anonymous_0)
FN:33,(anonymous_1)
FN:58,(anonymous_2)
FN:75,(anonymous_3)
FN:105,(anonymous_4)
FN:122,(anonymous_5)
FN:143,(anonymous_6)
FN:144,(anonymous_7)
FN:175,(anonymous_8)
FN:200,(anonymous_9)
FN:203,(anonymous_10)
FN:233,(anonymous_11)
FN:267,(anonymous_12)
FN:277,(anonymous_13)
FN:311,(anonymous_14)
FN:316,(anonymous_15)
FN:329,(anonymous_16)
FN:334,(anonymous_17)
FN:347,(anonymous_18)
FN:352,(anonymous_19)
FN:367,(anonymous_20)
FN:368,(anonymous_21)
FN:387,(anonymous_22)
FN:388,(anonymous_23)
FNF:24
FNH:24
FNDA:48,(anonymous_0)
FNDA:16,(anonymous_1)
FNDA:6,(anonymous_2)
FNDA:4,(anonymous_3)
FNDA:3,(anonymous_4)
FNDA:5,(anonymous_5)
FNDA:8,(anonymous_6)
FNDA:8,(anonymous_7)
FNDA:5,(anonymous_8)
FNDA:2,(anonymous_9)
FNDA:2,(anonymous_10)
FNDA:4,(anonymous_11)
FNDA:4,(anonymous_12)
FNDA:2,(anonymous_13)
FNDA:6,(anonymous_14)
FNDA:6,(anonymous_15)
FNDA:15,(anonymous_16)
FNDA:14,(anonymous_17)
FNDA:8,(anonymous_18)
FNDA:8,(anonymous_19)
FNDA:9,(anonymous_20)
FNDA:18,(anonymous_21)
FNDA:11,(anonymous_22)
FNDA:11,(anonymous_23)
DA:7,1
DA:8,1
DA:16,48
DA:17,48
DA:18,48
DA:19,48
DA:20,48
DA:21,48
DA:22,48
DA:23,48
DA:24,48
DA:34,16
DA:35,16
DA:37,16
DA:40,16
DA:41,14
DA:44,16
DA:45,13
DA:47,3
DA:48,3
DA:59,6
DA:60,6
DA:61,6
DA:62,6
DA:63,6
DA:64,6
DA:67,6
DA:68,6
DA:71,6
DA:72,5
DA:75,5
DA:76,4
DA:77,3
DA:78,3
DA:83,5
DA:84,5
DA:87,5
DA:88,5
DA:93,6
DA:96,6
DA:97,1
DA:99,1
DA:100,1
DA:104,6
DA:105,5
DA:107,1
DA:112,1
DA:123,5
DA:125,5
DA:128,4
DA:129,4
DA:133,2
DA:139,2
DA:142,2
DA:143,8
DA:144,8
DA:146,2
DA:151,2
DA:154,2
DA:155,1
DA:158,1
DA:160,3
DA:164,3
DA:176,5
DA:178,5
DA:179,4
DA:180,1
DA:181,1
DA:182,1
DA:186,3
DA:187,3
DA:191,2
DA:194,2
DA:195,1
DA:199,1
DA:200,2
DA:202,1
DA:203,2
DA:207,1
DA:213,1
DA:216,1
DA:218,3
DA:223,3
DA:234,4
DA:236,4
DA:237,3
DA:238,1
DA:239,1
DA:240,1
DA:244,2
DA:247,2
DA:248,1
DA:250,1
DA:253,2
DA:254,2
DA:256,2
DA:257,2
DA:268,4
DA:269,4
DA:270,4
DA:273,4
DA:274,3
DA:277,3
DA:278,2
DA:279,2
DA:280,2
DA:285,3
DA:286,3
DA:289,3
DA:290,3
DA:294,4
DA:295,3
DA:297,1
DA:301,1
DA:313,6
DA:316,6
DA:317,6
DA:320,6
DA:331,15
DA:334,15
DA:335,14
DA:338,15
DA:349,8
DA:352,8
DA:353,8
DA:354,1
DA:358,8
DA:368,9
DA:369,18
DA:372,9
DA:373,4
DA:374,4
DA:375,4
DA:388,11
DA:390,11
DA:391,7
DA:397,7
DA:398,7
DA:399,1
DA:402,7
DA:404,6
DA:405,3
DA:406,3
DA:407,3
DA:413,1
LF:145
LH:145
BRDA:15,0,0,3
BRDA:17,1,0,48
BRDA:17,1,1,3
BRDA:18,2,0,48
BRDA:18,2,1,3
BRDA:20,3,0,48
BRDA:20,3,1,3
BRDA:21,4,0,48
BRDA:21,4,1,3
BRDA:22,5,0,48
BRDA:22,5,1,3
BRDA:23,6,0,48
BRDA:23,6,1,3
BRDA:24,7,0,48
BRDA:24,7,1,48
BRDA:33,8,0,14
BRDA:35,9,0,16
BRDA:35,9,1,15
BRDA:40,10,0,14
BRDA:40,10,1,2
BRDA:40,11,0,16
BRDA:40,11,1,15
BRDA:45,12,0,10
BRDA:45,12,1,3
BRDA:58,13,0,1
BRDA:58,14,0,4
BRDA:60,15,0,6
BRDA:60,15,1,6
BRDA:61,16,0,1
BRDA:61,16,1,5
BRDA:62,17,0,1
BRDA:62,17,1,5
BRDA:63,18,0,6
BRDA:63,18,1,5
BRDA:64,19,0,6
BRDA:64,19,1,5
BRDA:71,20,0,5
BRDA:71,20,1,1
BRDA:71,21,0,6
BRDA:71,21,1,3
BRDA:71,21,2,2
BRDA:76,22,0,3
BRDA:76,22,1,1
BRDA:83,23,0,5
BRDA:83,23,1,0
BRDA:83,24,0,5
BRDA:83,24,1,5
BRDA:87,25,0,5
BRDA:87,25,1,0
BRDA:96,26,0,1
BRDA:96,26,1,5
BRDA:99,27,0,1
BRDA:99,27,1,0
BRDA:122,28,0,5
BRDA:128,29,0,4
BRDA:128,29,1,0
BRDA:154,30,0,1
BRDA:154,30,1,1
BRDA:175,31,0,5
BRDA:179,32,0,1
BRDA:179,32,1,3
BRDA:186,33,0,3
BRDA:186,33,1,0
BRDA:194,34,0,1
BRDA:194,34,1,1
BRDA:233,35,0,4
BRDA:237,36,0,1
BRDA:237,36,1,2
BRDA:247,37,0,1
BRDA:247,37,1,1
BRDA:267,38,0,1
BRDA:267,39,0,3
BRDA:273,40,0,3
BRDA:273,40,1,1
BRDA:273,41,0,4
BRDA:273,41,1,2
BRDA:273,41,2,2
BRDA:278,42,0,2
BRDA:278,42,1,0
BRDA:285,43,0,3
BRDA:285,43,1,0
BRDA:285,44,0,3
BRDA:285,44,1,3
BRDA:289,45,0,3
BRDA:289,45,1,0
BRDA:353,46,0,1
BRDA:353,46,1,7
BRDA:369,47,0,18
BRDA:369,47,1,15
BRDA:369,47,2,15
BRDA:372,48,0,4
BRDA:372,48,1,5
BRDA:387,49,0,8
BRDA:394,50,0,1
BRDA:394,50,1,6
BRDA:398,51,0,1
BRDA:398,51,1,6
BRDA:404,52,0,3
BRDA:404,52,1,3
BRF:99
BRH:91
end_of_record
TN:
SF:server\routes\area.routes.js
FNF:0
FNH:0
DA:7,1
DA:8,1
DA:11,1
DA:14,1
DA:45,1
DA:76,1
DA:118,1
DA:167,1
DA:200,1
DA:249,1
DA:255,1
LF:11
LH:11
BRF:0
BRH:0
end_of_record
TN:
SF:server\routes\auth.routes.js
FNF:0
FNH:0
DA:7,1
DA:8,1
DA:11,1
DA:14,1
DA:15,1
DA:21,1
DA:91,1
DA:112,1
DA:170,1
DA:205,1
DA:242,1
DA:279,1
DA:321,1
DA:353,1
DA:384,1
DA:406,1
DA:427,1
DA:432,1
LF:18
LH:18
BRF:0
BRH:0
end_of_record
TN:
SF:server\routes\dashboard.routes.js
FN:11,(anonymous_0)
FN:14,(anonymous_1)
FN:17,(anonymous_2)
FN:20,(anonymous_3)
FN:23,(anonymous_4)
FNF:5
FNH:0
FNDA:0,(anonymous_0)
FNDA:0,(anonymous_1)
FNDA:0,(anonymous_2)
FNDA:0,(anonymous_3)
FNDA:0,(anonymous_4)
DA:6,3
DA:7,3
DA:10,3
DA:12,0
DA:15,0
DA:18,0
DA:21,0
DA:24,0
DA:29,3
DA:36,3
DA:47,3
DA:58,3
DA:69,3
DA:80,3
DA:86,3
LF:15
LH:10
BRF:0
BRH:0
end_of_record
TN:
SF:server\routes\document.routes.js
FN:13,(anonymous_0)
FN:16,(anonymous_1)
FN:29,(anonymous_2)
FNF:3
FNH:3
FNDA:1,(anonymous_0)
FNDA:1,(anonymous_1)
FNDA:4,(anonymous_2)
DA:7,3
DA:8,3
DA:9,3
DA:12,3
DA:14,1
DA:17,1
DA:18,1
DA:23,3
DA:31,4
DA:37,3
DA:39,1
DA:45,3
DA:48,3
DA:49,3
DA:50,3
DA:92,3
DA:123,3
DA:212,3
DA:303,3
DA:336,3
DA:385,3
DA:428,3
DA:465,3
DA:496,3
DA:553,3
DA:588,3
DA:619,3
DA:650,3
DA:656,3
LF:29
LH:29
BRDA:31,0,0,3
BRDA:31,0,1,1
BRDA:31,1,0,4
BRDA:31,1,1,3
BRDA:31,1,2,2
BRDA:31,1,3,1
BRDA:31,1,4,1
BRDA:31,1,5,1
BRF:8
BRH:8
end_of_record
TN:
SF:server\routes\index.js
FN:29,(anonymous_0)
[...]
end_of_record
TN:
SF:server\scripts\run-tests.js
FN:44,showHelp
FN:120,(anonymous_1)
FN:126,(anonymous_2)
FN:131,cleanupAfterTests
FN:161,(anonymous_4)
FN:165,(anonymous_5)
FNF:6
FNH:0
FNDA:0,showHelp
FNDA:0,(anonymous_1)
FNDA:0,(anonymous_2)
FNDA:0,cleanupAfterTests
FNDA:0,(anonymous_4)
FNDA:0,(anonymous_5)
DA:6,0
DA:7,0
DA:10,0
DA:11,0
DA:12,0
DA:13,0
DA:14,0
DA:17,0
DA:18,0
DA:21,0
DA:22,0
DA:25,0
DA:26,0
DA:29,0
DA:30,0
DA:33,0
DA:34,0
DA:37,0
DA:38,0
DA:39,0
DA:45,0
DA:64,0
DA:65,0
DA:68,0
DA:69,0
DA:77,0
DA:79,0
DA:80,0
DA:82,0
DA:83,0
DA:88,0
DA:89,0
DA:93,0
DA:94,0
DA:98,0
DA:99,0
DA:103,0
DA:106,0
DA:112,0
DA:113,0
DA:120,0
DA:121,0
DA:122,0
DA:126,0
DA:127,0
DA:128,0
DA:132,0
DA:133,0
DA:134,0
DA:136,0
DA:139,0
DA:142,0
DA:144,0
DA:148,0
DA:150,0
DA:153,0
DA:155,0
DA:160,0
DA:162,0
DA:163,0
DA:166,0
DA:167,0
DA:168,0
DA:169,0
LF:64
LH:0
BRDA:18,0,0,0
BRDA:18,0,1,0
BRDA:18,0,2,0
BRDA:18,0,3,0
BRDA:18,0,4,0
BRDA:18,0,5,0
BRDA:18,0,6,0
BRDA:18,0,7,0
BRDA:18,0,8,0
BRDA:18,0,9,0
BRDA:21,1,0,0
BRDA:21,1,1,0
BRDA:25,2,0,0
BRDA:25,2,1,0
BRDA:68,3,0,0
BRDA:68,3,1,0
BRDA:79,4,0,0
BRDA:79,4,1,0
BRDA:88,5,0,0
BRDA:88,5,1,0
BRDA:93,6,0,0
BRDA:93,6,1,0
BRDA:98,7,0,0
BRDA:98,7,1,0
BRF:24
BRH:0
end_of_record
TN:
SF:server\scripts\setup-system.js
FN:30,(anonymous_0)
FN:48,checkEnvironment
FN:54,(anonymous_2)
FN:68,testDatabaseConnection
FN:83,checkDatabaseSchema
FN:96,(anonymous_5)
FN:99,(anonymous_6)
FN:100,(anonymous_7)
FN:119,checkAdminUser
FN:142,setupSystem
FN:188,(anonymous_10)
FN:209,(anonymous_11)
FNF:12
FNH:0
FNDA:0,(anonymous_0)
FNDA:0,checkEnvironment
FNDA:0,(anonymous_2)
FNDA:0,testDatabaseConnection
FNDA:0,checkDatabaseSchema
FNDA:0,(anonymous_5)
FNDA:0,(anonymous_6)
FNDA:0,(anonymous_7)
FNDA:0,checkAdminUser
FNDA:0,setupSystem
FNDA:0,(anonymous_10)
FNDA:0,(anonymous_11)
DA:7,0
DA:8,0
DA:14,0
DA:15,0
DA:18,0
DA:21,0
DA:30,0
DA:49,0
DA:54,0
DA:56,0
DA:57,0
DA:60,0
DA:61,0
DA:69,0
DA:70,0
DA:71,0
DA:72,0
DA:74,0
DA:75,0
DA:84,0
DA:90,0
DA:92,0
DA:96,0
DA:99,0
DA:100,0
DA:102,0
DA:103,0
DA:104,0
DA:107,0
DA:108,0
DA:110,0
DA:111,0
DA:120,0
DA:121,0
DA:126,0
DA:127,0
DA:128,0
DA:131,0
DA:132,0
DA:134,0
DA:135,0
DA:143,0
DA:145,0
DA:147,0
DA:148,0
DA:151,0
DA:152,0
DA:155,0
DA:156,0
DA:158,0
DA:159,0
DA:160,0
DA:161,0
DA:165,0
DA:166,0
DA:169,0
DA:170,0
DA:171,0
DA:173,0
DA:176,0
DA:177,0
DA:179,0
DA:180,0
DA:181,0
DA:186,0
DA:187,0
DA:189,0
DA:190,0
DA:191,0
DA:192,0
DA:193,0
DA:194,0
DA:195,0
DA:196,0
DA:197,0
DA:199,0
DA:200,0
DA:201,0
DA:202,0
DA:203,0
DA:204,0
DA:205,0
DA:206,0
DA:210,0
DA:211,0
DA:212,0
DA:213,0
DA:214,0
DA:215,0
DA:216,0
DA:217,0
DA:221,0
LF:92
LH:0
BRDA:30,0,0,0
BRDA:30,0,1,0
BRDA:56,1,0,0
BRDA:56,1,1,0
BRDA:102,2,0,0
BRDA:102,2,1,0
BRDA:126,3,0,0
BRDA:126,3,1,0
BRDA:158,4,0,0
BRDA:158,4,1,0
BRDA:169,5,0,0
BRDA:169,5,1,0
BRDA:186,6,0,0
BRDA:186,6,1,0
BRDA:189,7,0,0
BRDA:189,7,1,0
BRF:16
BRH:0
end_of_record
TN:
SF:server\scripts\setup-test-data.js
FN:14,setupTestData
FN:116,(anonymous_1)
FN:120,(anonymous_2)
FNF:3
FNH:0
FNDA:0,setupTestData
FNDA:0,(anonymous_1)
FNDA:0,(anonymous_2)
DA:8,0
DA:10,0
DA:11,0
DA:12,0
DA:15,0
DA:17,0
DA:18,0
DA:21,0
DA:22,0
DA:25,0
DA:26,0
DA:28,0
DA:30,0
DA:33,0
DA:35,0
DA:40,0
DA:41,0
DA:45,0
DA:48,0
DA:49,0
DA:53,0
DA:56,0
DA:57,0
DA:61,0
DA:64,0
DA:65,0
DA:66,0
DA:70,0
DA:74,0
DA:77,0
DA:78,0
DA:97,0
DA:100,0
DA:101,0
DA:103,0
DA:106,0
DA:109,0
DA:114,0
DA:115,0
DA:117,0
DA:118,0
DA:121,0
DA:122,0
DA:126,0
LF:44
LH:0
BRDA:114,0,0,0
BRDA:114,0,1,0
BRF:2
BRH:0
end_of_record
TN:
SF:server\scripts\setup.js
FN:32,checkEnvironment
FN:40,(anonymous_1)
FN:44,(anonymous_2)
FN:57,checkDatabaseSchema
FN:81,setupSystem
FNF:5
FNH:0
FNDA:0,checkEnvironment
FNDA:0,(anonymous_1)
FNDA:0,(anonymous_2)
FNDA:0,checkDatabaseSchema
FNDA:0,setupSystem
DA:8,0
DA:11,0
DA:12,0
DA:13,0
DA:14,0
DA:15,0
DA:18,0
DA:33,0
DA:40,0
DA:42,0
DA:43,0
DA:44,0
DA:45,0
DA:47,0
DA:48,0
DA:51,0
DA:58,0
DA:59,0
DA:60,0
DA:62,0
DA:63,0
DA:65,0
DA:66,0
DA:67,0
DA:68,0
DA:69,0
DA:70,0
DA:71,0
DA:74,0
DA:82,0
DA:83,0
DA:84,0
DA:87,0
DA:88,0
DA:91,0
DA:94,0
DA:95,0
DA:97,0
DA:98,0
DA:101,0
DA:104,0
DA:106,0
DA:107,0
DA:109,0
DA:110,0
DA:111,0
DA:112,0
DA:114,0
DA:115,0
DA:116,0
DA:117,0
DA:118,0
DA:120,0
DA:122,0
DA:123,0
DA:124,0
DA:125,0
DA:130,0
LF:58
LH:0
BRDA:42,0,0,0
BRDA:42,0,1,0
BRDA:65,1,0,0
BRDA:65,1,1,0
BRDA:87,2,0,0
BRDA:87,2,1,0
BRDA:97,3,0,0
BRDA:97,3,1,0
BRF:8
BRH:0
end_of_record
TN:
SF:server\scripts\start-with-setup.js
FN:21,(anonymous_0)
FN:36,runCommand
FN:58,main
FN:95,(anonymous_3)
FNF:4
FNH:0
FNDA:0,(anonymous_0)
FNDA:0,runCommand
FNDA:0,main
FNDA:0,(anonymous_3)
DA:7,0
DA:8,0
DA:9,0
DA:12,0
DA:21,0
DA:29,0
DA:37,0
DA:39,0
DA:40,0
DA:46,0
DA:47,0
DA:49,0
DA:50,0
DA:51,0
DA:59,0
DA:62,0
DA:63,0
DA:64,0
DA:68,0
DA:71,0
DA:72,0
DA:73,0
DA:77,0
DA:78,0
DA:79,0
DA:83,0
DA:85,0
DA:87,0
DA:89,0
DA:90,0
DA:95,0
DA:96,0
DA:97,0
LF:33
LH:0
BRDA:62,0,0,0
BRDA:62,0,1,0
BRDA:71,1,0,0
BRDA:71,1,1,0
BRDA:77,2,0,0
BRDA:77,2,1,0
BRF:6
BRH:0
end_of_record
TN:
SF:server\scripts\test-connection.js
FN:12,testConnection
FN:37,(anonymous_1)
FNF:2
FNH:0
FNDA:0,testConnection
FNDA:0,(anonymous_1)
DA:5,0
DA:6,0
DA:7,0
DA:10,0
DA:13,0
DA:14,0
DA:15,0
DA:16,0
DA:17,0
DA:19,0
DA:21,0
DA:28,0
DA:31,0
DA:32,0
DA:35,0
DA:36,0
DA:37,0
DA:38,0
DA:41,0
DA:42,0
DA:44,0
DA:45,0
DA:46,0
DA:47,0
DA:48,0
DA:49,0
DA:50,0
DA:55,0
LF:28
LH:0
BRDA:45,0,0,0
BRDA:45,0,1,0
BRDA:47,1,0,0
BRDA:47,1,1,0
BRDA:49,2,0,0
BRDA:49,2,1,0
BRF:6
BRH:0
end_of_record
TN:
SF:server\services\auth\auth.service.js
FN:14,logSecurityEvent
FN:25,login
FN:215,logout
FN:274,refreshToken
FN:358,verifyToken
FN:430,requestPasswordReset
FN:498,resetPassword
FN:538,changePassword
FN:579,validatePassword
FN:613,getUserByCIP
FN:640,updatePassword
FN:664,checkUserExists
FN:682,registerUser
FN:739,blockUser
FN:805,unblockUser
FN:852,getActiveSessions
FN:874,closeAllSessions
FN:897,verifyPasswordResetToken
FN:934,markResetTokenAsUsed
FN:954,hashPassword
FN:965,verifyPassword
FN:974,getUserById
FN:992,mapUsuarioResponse
FNF:23
FNH:22
FNDA:13,logSecurityEvent
FNDA:9,login
FNDA:4,logout
FNDA:3,refreshToken
FNDA:9,verifyToken
FNDA:2,requestPasswordReset
FNDA:1,resetPassword
FNDA:4,changePassword
FNDA:11,validatePassword
FNDA:3,getUserByCIP
FNDA:2,updatePassword
FNDA:4,checkUserExists
FNDA:4,registerUser
FNDA:6,blockUser
FNDA:4,unblockUser
FNDA:2,getActiveSessions
FNDA:2,closeAllSessions
FNDA:1,verifyPasswordResetToken
FNDA:0,markResetTokenAsUsed
FNDA:4,hashPassword
FNDA:3,verifyPassword
FNDA:4,getUserById
FNDA:2,mapUsuarioResponse
DA:6,2
DA:7,2
DA:8,2
DA:9,2
DA:10,2
DA:11,2
DA:15,13
DA:16,13
DA:26,9
DA:28,9
DA:29,3
DA:30,3
DA:31,3
DA:35,6
DA:48,6
DA:49,1
DA:56,1
DA:57,1
DA:58,1
DA:61,5
DA:64,5
DA:65,2
DA:66,2
DA:67,2
DA:70,2
DA:71,1
DA:73,1
DA:79,1
DA:80,1
DA:81,1
DA:85,1
DA:91,1
DA:92,1
DA:96,4
DA:99,4
DA:101,2
DA:102,2
DA:104,2
DA:113,2
DA:121,2
DA:122,1
DA:123,1
DA:124,1
DA:126,1
DA:127,1
DA:128,1
DA:129,1
DA:134,2
DA:141,2
DA:148,2
DA:155,2
DA:156,2
DA:157,2
DA:160,2
DA:173,2
DA:180,2
DA:200,7
DA:205,7
DA:216,4
DA:217,4
DA:218,1
DA:221,3
DA:224,3
DA:225,2
DA:226,2
DA:227,1
DA:230,1
DA:235,3
DA:236,1
DA:240,1
DA:241,1
DA:246,3
DA:247,1
DA:251,1
DA:255,3
DA:256,1
DA:259,3
DA:264,0
DA:265,0
DA:275,3
DA:276,3
DA:277,1
DA:278,1
DA:279,1
DA:283,2
DA:294,2
DA:295,1
DA:299,1
DA:300,1
DA:301,1
DA:304,1
DA:307,1
DA:314,1
DA:321,1
DA:322,1
DA:323,1
DA:326,1
DA:336,1
DA:341,1
DA:348,2
DA:349,2
DA:359,9
DA:360,9
DA:361,3
DA:362,3
DA:363,3
DA:367,6
DA:370,3
DA:380,2
DA:381,1
DA:386,1
DA:387,1
DA:388,1
DA:391,1
DA:394,1
DA:409,8
DA:410,1
DA:415,1
DA:416,1
DA:417,1
DA:420,7
DA:421,7
DA:431,2
DA:433,2
DA:440,2
DA:442,1
DA:447,1
DA:453,1
DA:456,1
DA:457,1
DA:458,1
DA:461,1
DA:468,1
DA:476,1
DA:487,0
DA:488,0
DA:499,1
DA:501,1
DA:502,1
DA:503,1
DA:504,1
DA:508,0
DA:511,0
DA:518,0
DA:520,0
DA:524,0
DA:526,0
DA:527,0
DA:539,4
DA:541,4
DA:543,4
DA:544,1
DA:545,1
DA:549,3
DA:551,3
DA:552,1
DA:553,1
DA:557,2
DA:560,1
DA:566,1
DA:567,1
DA:569,1
DA:570,1
DA:581,11
DA:582,3
DA:583,3
DA:584,3
DA:588,8
DA:590,8
DA:591,1
DA:594,8
DA:595,1
DA:598,8
DA:599,1
DA:602,8
DA:603,1
DA:606,8
DA:607,4
DA:608,4
DA:609,4
DA:614,3
DA:615,3
DA:627,2
DA:629,1
DA:630,1
DA:641,2
DA:643,2
DA:646,1
DA:652,1
DA:654,1
DA:655,1
DA:665,4
DA:666,4
DA:670,2
DA:672,2
DA:673,2
DA:683,4
DA:684,4
DA:687,4
DA:689,4
DA:692,1
DA:696,3
DA:697,3
DA:700,3
DA:715,1
DA:720,3
DA:723,3
DA:724,1
DA:725,1
DA:726,1
DA:729,2
DA:740,6
DA:741,6
DA:742,1
DA:743,1
DA:744,1
DA:748,5
DA:754,5
DA:755,1
DA:756,1
DA:757,1
DA:760,4
DA:763,4
DA:764,1
DA:771,3
DA:772,1
DA:773,1
DA:774,1
DA:778,2
DA:785,1
DA:789,1
DA:794,4
DA:795,4
DA:806,4
DA:808,4
DA:814,4
DA:815,1
DA:816,1
DA:817,1
DA:820,3
DA:823,3
DA:824,1
DA:831,2
DA:837,1
DA:842,2
DA:843,2
DA:853,2
DA:854,2
DA:862,1
DA:864,1
DA:865,1
DA:875,2
DA:876,2
DA:881,1
DA:887,1
DA:888,1
DA:898,1
DA:899,1
DA:900,0
DA:904,1
DA:914,1
DA:915,0
DA:919,0
DA:922,0
DA:924,1
DA:925,1
DA:935,0
DA:936,0
DA:942,0
DA:944,0
DA:945,0
DA:955,4
DA:956,4
DA:966,3
DA:975,4
DA:976,4
DA:984,4
DA:986,0
DA:987,0
DA:993,2
DA:1010,2
LF:281
LH:259
BRDA:14,0,0,0
BRDA:28,1,0,3
BRDA:28,1,1,6
BRDA:28,2,0,9
BRDA:28,2,1,7
BRDA:48,3,0,1
BRDA:48,3,1,5
BRDA:64,4,0,2
BRDA:64,4,1,3
BRDA:70,5,0,1
BRDA:70,5,1,1
BRDA:99,6,0,2
BRDA:99,6,1,2
BRDA:101,7,0,2
BRDA:101,7,1,1
BRDA:109,8,0,1
BRDA:109,8,1,1
BRDA:121,9,0,1
BRDA:121,9,1,1
BRDA:217,10,0,1
BRDA:217,10,1,3
BRDA:217,11,0,4
BRDA:217,11,1,2
BRDA:224,12,0,2
BRDA:224,12,1,1
BRDA:235,13,0,1
BRDA:235,13,1,2
BRDA:240,14,0,1
BRDA:240,14,1,0
BRDA:246,15,0,1
BRDA:246,15,1,2
BRDA:246,16,0,3
BRDA:246,16,1,1
BRDA:255,17,0,1
BRDA:255,17,1,2
BRDA:276,18,0,1
BRDA:276,18,1,2
BRDA:294,19,0,1
BRDA:294,19,1,1
BRDA:360,20,0,3
BRDA:360,20,1,6
BRDA:380,21,0,1
BRDA:380,21,1,1
BRDA:409,22,0,1
BRDA:409,22,1,7
BRDA:409,23,0,8
BRDA:409,23,1,8
BRDA:440,24,0,1
BRDA:440,24,1,1
BRDA:479,25,0,1
BRDA:479,25,1,1
BRDA:502,26,0,1
BRDA:502,26,1,0
BRDA:543,27,0,1
BRDA:543,27,1,3
BRDA:551,28,0,1
BRDA:551,28,1,2
BRDA:581,29,0,3
BRDA:581,29,1,8
BRDA:581,30,0,11
BRDA:581,30,1,10
BRDA:590,31,0,1
BRDA:590,31,1,7
BRDA:590,32,0,8
BRDA:590,32,1,8
BRDA:594,33,0,1
BRDA:594,33,1,7
BRDA:594,34,0,8
BRDA:594,34,1,8
BRDA:598,35,0,1
BRDA:598,35,1,7
BRDA:598,36,0,8
BRDA:598,36,1,8
BRDA:602,37,0,1
BRDA:602,37,1,7
BRDA:602,38,0,8
BRDA:602,38,1,8
BRDA:606,39,0,4
BRDA:606,39,1,4
BRDA:627,40,0,1
BRDA:627,40,1,1
BRDA:723,41,0,1
BRDA:723,41,1,2
BRDA:741,42,0,1
BRDA:741,42,1,5
BRDA:754,43,0,1
BRDA:754,43,1,4
BRDA:763,44,0,1
BRDA:763,44,1,3
BRDA:771,45,0,1
BRDA:771,45,1,2
BRDA:814,46,0,1
BRDA:814,46,1,3
BRDA:823,47,0,1
BRDA:823,47,1,2
BRDA:899,48,0,0
BRDA:899,48,1,1
BRDA:914,49,0,0
BRDA:914,49,1,0
BRDA:984,50,0,3
BRDA:984,50,1,1
BRF:101
BRH:95
end_of_record
TN:
SF:server\services\logs\logs.service.js
FN:32,getLogs
FN:160,getFileSystemLogs
FN:200,(anonymous_2)
FN:210,(anonymous_3)
FN:243,exportLogs
FN:266,(anonymous_5)
FN:267,(anonymous_6)
FN:324,downloadExportedLog
FN:359,getSecurityStats
FN:395,(anonymous_9)
FN:423,(anonymous_10)
FNF:11
FNH:8
FNDA:15,getLogs
FNDA:9,getFileSystemLogs
FNDA:109,(anonymous_2)
FNDA:19,(anonymous_3)
FNDA:0,exportLogs
FNDA:0,(anonymous_5)
FNDA:0,(anonymous_6)
FNDA:6,downloadExportedLog
FNDA:4,getSecurityStats
FNDA:30,(anonymous_9)
FNDA:30,(anonymous_10)
DA:7,1
DA:8,1
DA:9,1
DA:10,1
DA:11,1
DA:12,1
DA:13,1
DA:14,1
DA:17,1
DA:20,1
DA:33,15
DA:34,15
DA:38,15
DA:40,1
DA:41,1
DA:43,2
DA:44,2
DA:46,1
DA:47,1
DA:49,1
DA:50,1
DA:52,1
DA:53,1
DA:55,1
DA:56,1
DA:58,1
DA:59,1
DA:61,1
DA:62,1
DA:64,1
DA:65,1
DA:67,1
DA:68,1
DA:70,1
DA:71,1
DA:74,3
DA:78,15
DA:79,15
DA:82,15
DA:83,1
DA:85,1
DA:86,1
DA:87,1
DA:90,1
DA:91,1
DA:92,1
DA:95,1
DA:96,1
DA:101,15
DA:104,15
DA:105,15
DA:106,15
DA:109,15
DA:112,14
DA:113,14
DA:116,14
DA:117,1
DA:119,1
DA:120,1
DA:121,1
DA:124,1
DA:125,1
DA:126,1
DA:129,1
DA:130,1
DA:134,14
DA:135,14
DA:137,14
DA:147,1
DA:148,1
DA:161,9
DA:162,9
DA:166,9
DA:168,1
DA:169,1
DA:171,1
DA:172,1
DA:174,1
DA:175,1
DA:177,1
DA:178,1
DA:180,5
DA:183,9
DA:186,9
DA:187,1
DA:199,8
DA:200,109
DA:203,7
DA:204,7
DA:205,7
DA:208,7
DA:211,19
DA:212,19
DA:214,1
DA:218,7
DA:228,1
DA:229,1
DA:244,0
DA:245,0
DA:248,0
DA:251,0
DA:252,0
DA:253,0
DA:256,0
DA:259,0
DA:260,0
DA:261,0
DA:264,0
DA:266,0
DA:267,0
DA:268,0
DA:273,0
DA:277,0
DA:281,0
DA:282,0
DA:284,0
DA:285,0
DA:286,0
DA:288,0
DA:291,0
DA:294,0
DA:307,0
DA:314,0
DA:315,0
DA:325,6
DA:327,6
DA:330,6
DA:331,6
DA:332,1
DA:336,5
DA:338,4
DA:349,2
DA:350,2
DA:360,4
DA:361,4
DA:363,4
DA:370,4
DA:372,4
DA:373,1
DA:374,1
DA:377,4
DA:378,2
DA:379,2
DA:382,4
DA:384,4
DA:387,3
DA:394,3
DA:396,30
DA:397,30
DA:399,30
DA:400,10
DA:401,10
DA:404,30
DA:405,10
DA:406,10
DA:407,20
DA:408,10
DA:409,10
DA:412,30
DA:413,30
DA:420,3
DA:423,30
DA:426,1
DA:427,1
DA:432,1
LF:165
LH:138
BRDA:32,0,0,2
BRDA:34,1,0,15
BRDA:34,2,0,15
BRDA:38,3,0,1
BRDA:38,3,1,2
BRDA:38,3,2,1
BRDA:38,3,3,1
BRDA:38,3,4,1
BRDA:38,3,5,1
BRDA:38,3,6,1
BRDA:38,3,7,1
BRDA:38,3,8,1
BRDA:38,3,9,1
BRDA:38,3,10,1
BRDA:38,3,11,3
BRDA:82,4,0,1
BRDA:82,4,1,14
BRDA:82,5,0,15
BRDA:82,5,1,14
BRDA:85,6,0,1
BRDA:85,6,1,0
BRDA:90,7,0,1
BRDA:90,7,1,0
BRDA:95,8,0,1
BRDA:95,8,1,0
BRDA:116,9,0,1
BRDA:116,9,1,13
BRDA:116,10,0,14
BRDA:116,10,1,13
BRDA:119,11,0,1
BRDA:119,11,1,0
BRDA:124,12,0,1
BRDA:124,12,1,0
BRDA:129,13,0,1
BRDA:129,13,1,0
BRDA:135,14,0,14
BRDA:135,14,1,13
BRDA:160,15,0,4
BRDA:162,16,0,5
BRDA:162,17,0,8
BRDA:162,18,0,8
BRDA:166,19,0,1
BRDA:166,19,1,1
BRDA:166,19,2,1
BRDA:166,19,3,1
BRDA:166,19,4,5
BRDA:186,20,0,1
BRDA:186,20,1,8
BRDA:245,21,0,0
BRDA:252,22,0,0
BRDA:252,22,1,0
BRDA:252,23,0,0
BRDA:252,23,1,0
BRDA:259,24,0,0
BRDA:259,24,1,0
BRDA:260,25,0,0
BRDA:260,25,1,0
BRDA:268,26,0,0
BRDA:268,26,1,0
BRDA:300,27,0,0
BRDA:300,27,1,0
BRDA:301,28,0,0
BRDA:301,28,1,0
BRDA:302,29,0,0
BRDA:302,29,1,0
BRDA:331,30,0,1
BRDA:331,30,1,5
BRDA:342,31,0,2
BRDA:342,31,1,2
BRDA:344,32,0,1
BRDA:344,32,1,1
BRDA:359,33,0,2
BRDA:372,34,0,1
BRDA:372,34,1,3
BRDA:377,35,0,2
BRDA:377,35,1,2
BRDA:399,36,0,10
BRDA:399,36,1,20
BRDA:404,37,0,10
BRDA:404,37,1,20
BRDA:404,38,0,30
BRDA:404,38,1,20
BRDA:407,39,0,10
BRDA:407,39,1,10
BRDA:415,40,0,30
BRDA:415,40,1,0
BRF:86
BRH:62
end_of_record
TN:
SF:server\services\permisos\permisos.service.js
FN:13,getPermisosContextuales
FN:27,getPermisoContextualById
FN:53,getPermisosContextualesFiltrados
FN:90,crearPermisoContextual
FN:124,actualizarPermisoContextual
FN:191,eliminarPermisoContextual
FN:220,verificarPermisoContextual
FN:241,gestionarPapelera
FN:265,getUsuarioInfo
FN:299,getPermisosBits
FN:328,getPermisosContextualesUsuario
FN:357,getPermissionBits
FN:380,verifyPermission
FNF:13
FNH:13
FNDA:3,getPermisosContextuales
FNDA:2,getPermisoContextualById
FNDA:5,getPermisosContextualesFiltrados
FNDA:3,crearPermisoContextual
FNDA:6,actualizarPermisoContextual
FNDA:3,eliminarPermisoContextual
FNDA:3,verificarPermisoContextual
FNDA:4,gestionarPapelera
FNDA:3,getUsuarioInfo
FNDA:3,getPermisosBits
FNDA:3,getPermisosContextualesUsuario
FNDA:1,getPermissionBits
FNDA:6,verifyPermission
DA:6,3
DA:7,3
DA:14,3
DA:15,3
DA:17,1
DA:18,1
DA:28,2
DA:29,2
DA:34,2
DA:35,1
DA:38,1
DA:40,1
DA:41,1
DA:54,5
DA:55,5
DA:56,5
DA:58,5
DA:59,2
DA:60,2
DA:63,5
DA:64,2
DA:65,2
DA:68,5
DA:69,2
DA:70,2
DA:73,5
DA:75,1
DA:76,1
DA:91,3
DA:93,3
DA:97,3
DA:108,2
DA:113,1
DA:114,1
DA:125,6
DA:127,6
DA:128,6
DA:130,6
DA:131,1
DA:132,1
DA:135,6
DA:136,1
DA:137,1
DA:140,6
DA:141,1
DA:142,1
DA:145,6
DA:146,2
DA:150,2
DA:151,2
DA:154,6
DA:155,4
DA:156,4
DA:159,6
DA:160,1
DA:164,5
DA:166,5
DA:171,4
DA:172,1
DA:175,3
DA:181,3
DA:182,3
DA:192,3
DA:193,3
DA:198,2
DA:199,1
DA:202,1
DA:207,2
DA:208,2
DA:221,3
DA:222,3
DA:227,2
DA:229,1
DA:230,1
DA:242,4
DA:243,4
DA:248,3
DA:255,1
DA:256,1
DA:266,3
DA:267,3
DA:283,2
DA:284,1
DA:287,1
DA:289,1
DA:290,1
DA:300,3
DA:301,3
DA:306,2
DA:307,1
DA:310,1
DA:316,2
DA:317,2
DA:329,3
DA:331,3
DA:348,1
DA:349,1
DA:358,1
DA:369,1
DA:381,6
DA:382,6
DA:384,6
DA:385,1
DA:392,5
DA:397,4
DA:398,1
DA:405,3
DA:410,3
DA:411,1
DA:418,2
DA:420,2
DA:426,1
DA:427,1
DA:435,3
LF:114
LH:114
BRDA:34,0,0,1
BRDA:34,0,1,1
BRDA:58,1,0,2
BRDA:58,1,1,3
BRDA:63,2,0,2
BRDA:63,2,1,3
BRDA:68,3,0,2
BRDA:68,3,1,3
BRDA:93,4,0,2
BRDA:93,4,1,1
BRDA:104,5,0,1
BRDA:104,5,1,2
BRDA:130,6,0,1
BRDA:130,6,1,5
BRDA:135,7,0,1
BRDA:135,7,1,5
BRDA:140,8,0,1
BRDA:140,8,1,5
BRDA:145,9,0,2
BRDA:145,9,1,4
BRDA:146,10,0,1
BRDA:146,10,1,1
BRDA:154,11,0,4
BRDA:154,11,1,2
BRDA:159,12,0,1
BRDA:159,12,1,5
BRDA:171,13,0,1
BRDA:171,13,1,3
BRDA:198,14,0,1
BRDA:198,14,1,1
BRDA:283,15,0,1
BRDA:283,15,1,1
BRDA:306,16,0,1
BRDA:306,16,1,1
BRDA:384,17,0,1
BRDA:384,17,1,5
BRDA:384,18,0,6
BRDA:384,18,1,5
BRDA:397,19,0,1
BRDA:397,19,1,3
BRDA:410,20,0,1
BRDA:410,20,1,2
BRF:42
BRH:42
end_of_record
TN:
SF:server\utils\database-helpers.js
FN:14,loadEnv
FN:43,executeQuery
FN:69,disableConstraints
FN:103,enableConstraints
FN:121,getDefaultRoles
FN:154,getDefaultAreas
FN:195,hashPassword
FN:217,verifyPassword
FN:231,getDefaultPermissions
FN:248,forceReconnect
FNF:10
FNH:10
FNDA:5,loadEnv
FNDA:14,executeQuery
FNDA:3,disableConstraints
FNDA:2,enableConstraints
FNDA:2,getDefaultRoles
FNDA:2,getDefaultAreas
FNDA:5,hashPassword
FNDA:6,verifyPassword
FNDA:2,getDefaultPermissions
FNDA:2,forceReconnect
DA:7,3
DA:8,3
DA:9,3
DA:10,3
DA:11,3
DA:15,5
DA:16,5
DA:19,5
DA:20,1
DA:24,5
DA:25,1
DA:30,5
DA:34,3
DA:44,14
DA:53,14
DA:55,14
DA:57,14
DA:58,14
DA:59,11
DA:61,14
DA:70,3
DA:71,3
DA:72,2
DA:75,2
DA:77,2
DA:86,1
DA:89,2
DA:91,1
DA:95,1
DA:104,2
DA:105,2
DA:106,1
DA:107,1
DA:109,1
DA:113,1
DA:122,2
DA:155,2
DA:196,5
DA:198,5
DA:199,4
DA:203,1
DA:204,1
DA:206,0
DA:207,0
DA:219,6
DA:220,4
DA:221,2
DA:224,2
DA:232,2
DA:249,2
DA:260,2
DA:261,2
DA:262,1
DA:263,1
DA:264,1
DA:265,1
DA:267,1
DA:268,1
DA:272,3
LF:59
LH:57
BRDA:14,0,0,4
BRDA:15,1,0,5
BRDA:15,1,1,4
BRDA:19,2,0,1
BRDA:19,2,1,4
BRDA:24,3,0,1
BRDA:24,3,1,4
BRDA:43,4,0,2
BRDA:43,5,0,3
BRDA:45,6,0,14
BRDA:45,6,1,13
BRDA:46,7,0,14
BRDA:46,7,1,13
BRDA:48,8,0,14
BRDA:48,8,1,13
BRDA:49,9,0,14
BRDA:49,9,1,3
BRDA:198,10,0,4
BRDA:198,10,1,1
BRDA:219,11,0,4
BRDA:219,11,1,2
BRDA:220,12,0,2
BRDA:220,12,1,2
BRDA:250,13,0,2
BRDA:250,13,1,2
BRDA:251,14,0,2
BRDA:251,14,1,0
BRDA:252,15,0,2
BRDA:252,15,1,2
BRDA:254,16,0,2
BRDA:254,16,1,2
BRF:31
BRH:30
end_of_record
TN:
SF:server\utils\logger.js
FN:42,(anonymous_0)
FNF:1
FNH:1
FNDA:2,(anonymous_0)
DA:1,44
DA:2,44
DA:5,44
DA:11,44
DA:21,44
DA:22,36
DA:31,44
DA:42,44
DA:43,2
DA:46,44
LF:10
LH:10
BRDA:21,0,0,36
BRDA:21,0,1,8
BRDA:32,1,0,44
BRDA:32,1,1,8
BRF:4
BRH:4
end_of_record
TN:
SF:server\utils\logger\index.js
FN:45,(anonymous_0)
FN:57,(anonymous_1)
FN:65,(anonymous_2)
FN:68,(anonymous_3)
FN:70,(anonymous_4)
FN:169,(anonymous_5)
FN:179,(anonymous_6)
FN:201,(anonymous_7)
FNF:8
FNH:7
FNDA:0,(anonymous_0)
FNDA:11,(anonymous_1)
FNDA:11,(anonymous_2)
FNDA:33,(anonymous_3)
FNDA:165,(anonymous_4)
FNDA:1,(anonymous_5)
FNDA:2,(anonymous_6)
FNDA:2,(anonymous_7)
DA:7,11
DA:8,11
DA:9,11
DA:12,11
DA:13,11
DA:14,1
DA:18,11
DA:28,11
DA:38,11
DA:41,11
DA:45,0
DA:54,11
DA:59,11
DA:62,11
DA:65,11
DA:66,11
DA:68,11
DA:69,33
DA:70,165
DA:71,0
DA:72,33
DA:73,0
DA:79,11
DA:81,11
DA:87,11
DA:90,11
DA:91,11
DA:94,11
DA:97,11
DA:98,10
DA:107,11
DA:109,1
DA:120,1
DA:131,1
DA:143,11
DA:169,11
DA:170,1
DA:179,11
DA:180,2
DA:186,2
DA:193,2
DA:194,1
DA:197,2
DA:201,11
DA:202,2
DA:203,1
DA:213,1
DA:217,11
LF:48
LH:45
BRDA:13,0,0,1
BRDA:13,0,1,10
BRDA:46,1,0,0
BRDA:46,1,1,0
BRDA:48,2,0,0
BRDA:48,2,1,0
BRDA:66,3,0,0
BRDA:66,3,1,11
BRDA:66,4,0,11
BRDA:66,4,1,11
BRDA:70,5,0,0
BRDA:70,5,1,33
BRDA:72,6,0,0
BRDA:72,6,1,33
BRDA:87,7,0,11
BRDA:87,7,1,10
BRDA:97,8,0,10
BRDA:97,8,1,1
BRDA:100,9,0,0
BRDA:100,9,1,10
BRDA:107,10,0,1
BRDA:107,10,1,10
BRDA:111,11,0,1
BRDA:111,11,1,0
BRDA:114,12,0,1
BRDA:114,12,1,0
BRDA:115,13,0,1
BRDA:115,13,1,0
BRDA:125,14,0,1
BRDA:125,14,1,0
BRDA:126,15,0,1
BRDA:126,15,1,0
BRDA:136,16,0,1
BRDA:136,16,1,0
BRDA:137,17,0,1
BRDA:137,17,1,0
BRDA:169,18,0,0
BRDA:169,19,0,0
BRDA:179,20,0,0
BRDA:193,21,0,1
BRDA:193,21,1,1
BRDA:202,22,0,1
BRDA:202,22,1,1
BRDA:205,23,0,1
BRDA:205,23,1,0
BRDA:208,24,0,1
BRDA:208,24,1,0
BRDA:209,25,0,1
BRDA:209,25,1,0
BRDA:210,26,0,1
BRDA:210,26,1,0
BRDA:213,27,0,1
BRDA:213,27,1,0
BRF:53
BRH:30
end_of_record
