TN:
SF:server\app.js
FN:59,(anonymous_0)
FN:64,(anonymous_1)
FN:74,(anonymous_2)
FNF:3
FNH:0
FNDA:0,(anonymous_0)
FNDA:0,(anonymous_1)
FNDA:0,(anonymous_2)
DA:1,0
DA:2,0
DA:3,0
DA:4,0
DA:5,0
DA:6,0
DA:7,0
DA:8,0
DA:9,0
DA:10,0
DA:11,0
DA:12,0
DA:13,0
DA:14,0
DA:17,0
DA:20,0
DA:21,0
DA:22,0
DA:28,0
DA:29,0
DA:33,0
DA:34,0
DA:38,0
DA:39,0
DA:43,0
DA:44,0
DA:48,0
DA:49,0
DA:53,0
DA:56,0
DA:59,0
DA:60,0
DA:64,0
DA:65,0
DA:69,0
DA:72,0
DA:73,0
DA:74,0
DA:75,0
DA:79,0
LF:40
LH:0
BRDA:23,0,0,0
BRDA:23,0,1,0
BRDA:28,1,0,0
BRDA:28,1,1,0
BRDA:33,2,0,0
BRDA:33,2,1,0
BRDA:38,3,0,0
BRDA:38,3,1,0
BRDA:43,4,0,0
BRDA:43,4,1,0
BRDA:48,5,0,0
BRDA:48,5,1,0
BRDA:72,6,0,0
BRDA:72,6,1,0
BRDA:73,7,0,0
BRDA:73,7,1,0
BRF:16
BRH:0
end_of_record
TN:
SF:server\index.js
FN:36,(anonymous_0)
FN:41,(anonymous_1)
FN:74,(anonymous_2)
FN:83,(anonymous_3)
FN:94,(anonymous_4)
FNF:5
FNH:0
FNDA:0,(anonymous_0)
FNDA:0,(anonymous_1)
FNDA:0,(anonymous_2)
FNDA:0,(anonymous_3)
FNDA:0,(anonymous_4)
DA:6,0
DA:7,0
DA:8,0
DA:9,0
DA:10,0
DA:13,0
DA:14,0
DA:15,0
DA:16,0
DA:17,0
DA:18,0
DA:19,0
DA:22,0
DA:25,0
DA:26,0
DA:27,0
DA:33,0
DA:36,0
DA:37,0
DA:41,0
DA:43,0
DA:50,0
DA:56,0
DA:65,0
DA:66,0
DA:67,0
DA:68,0
DA:69,0
DA:70,0
DA:71,0
DA:74,0
DA:75,0
DA:83,0
DA:84,0
DA:85,0
DA:93,0
DA:94,0
DA:95,0
DA:96,0
DA:100,0
LF:40
LH:0
BRDA:28,0,0,0
BRDA:28,0,1,0
BRDA:46,1,0,0
BRDA:46,1,1,0
BRDA:52,2,0,0
BRDA:52,2,1,0
BRDA:88,3,0,0
BRDA:88,3,1,0
BRDA:93,4,0,0
BRDA:93,4,1,0
BRF:10
BRH:0
end_of_record
TN:
SF:server\mock-server.js
FN:56,(anonymous_0)
FN:65,(anonymous_1)
FN:75,(anonymous_2)
FN:105,(anonymous_3)
FN:130,(anonymous_4)
FN:145,(anonymous_5)
FN:160,(anonymous_6)
FN:177,(anonymous_7)
FNF:8
FNH:0
FNDA:0,(anonymous_0)
FNDA:0,(anonymous_1)
FNDA:0,(anonymous_2)
FNDA:0,(anonymous_3)
FNDA:0,(anonymous_4)
FNDA:0,(anonymous_5)
FNDA:0,(anonymous_6)
FNDA:0,(anonymous_7)
DA:6,0
DA:7,0
DA:8,0
DA:9,0
DA:10,0
DA:11,0
DA:14,0
DA:17,0
DA:18,0
DA:19,0
DA:25,0
DA:47,0
DA:50,0
DA:56,0
DA:57,0
DA:65,0
DA:66,0
DA:75,0
DA:76,0
DA:78,0
DA:79,0
DA:97,0
DA:105,0
DA:107,0
DA:109,0
DA:110,0
DA:122,0
DA:130,0
DA:131,0
DA:145,0
DA:146,0
DA:160,0
DA:161,0
DA:176,0
DA:177,0
DA:178,0
DA:179,0
LF:37
LH:0
BRDA:78,0,0,0
BRDA:78,0,1,0
BRDA:78,1,0,0
BRDA:78,1,1,0
BRDA:109,2,0,0
BRDA:109,2,1,0
BRDA:109,3,0,0
BRDA:109,3,1,0
BRDA:176,4,0,0
BRDA:176,4,1,0
BRF:10
BRH:0
end_of_record
TN:
SF:server\routes-swagger.js
FNF:0
FNH:0
DA:937,0
LF:1
LH:0
BRF:0
BRH:0
end_of_record
TN:
SF:server\server.js
FN:51,(anonymous_0)
FN:108,(anonymous_1)
FN:112,(anonymous_2)
FN:130,(anonymous_3)
FN:159,(anonymous_4)
FN:164,(anonymous_5)
FN:177,(anonymous_6)
FN:183,(anonymous_7)
FN:198,initializeDatabaseAndAdmin
FN:211,shutdownGracefully
FN:233,(anonymous_10)
FN:239,(anonymous_11)
FNF:12
FNH:0
FNDA:0,(anonymous_0)
FNDA:0,(anonymous_1)
FNDA:0,(anonymous_2)
FNDA:0,(anonymous_3)
FNDA:0,(anonymous_4)
FNDA:0,(anonymous_5)
FNDA:0,(anonymous_6)
FNDA:0,(anonymous_7)
FNDA:0,initializeDatabaseAndAdmin
FNDA:0,shutdownGracefully
FNDA:0,(anonymous_10)
FNDA:0,(anonymous_11)
DA:8,0
DA:11,0
DA:12,0
DA:13,0
DA:14,0
DA:15,0
DA:16,0
DA:17,0
DA:18,0
DA:19,0
DA:20,0
DA:21,0
DA:22,0
DA:23,0
DA:24,0
DA:25,0
DA:28,0
DA:29,0
DA:30,0
DA:33,0
DA:36,0
DA:37,0
DA:38,0
DA:41,0
DA:44,0
DA:47,0
DA:50,0
DA:51,0
DA:53,0
DA:54,0
DA:55,0
DA:59,0
DA:62,0
DA:83,0
DA:84,0
DA:87,0
DA:88,0
DA:89,0
DA:92,0
DA:105,0
DA:108,0
DA:109,0
DA:112,0
DA:113,0
DA:114,0
DA:117,0
DA:128,0
DA:130,0
DA:132,0
DA:140,0
DA:144,0
DA:147,0
DA:151,0
DA:154,0
DA:156,0
DA:159,0
DA:160,0
DA:164,0
DA:165,0
DA:177,0
DA:178,0
DA:183,0
DA:184,0
DA:192,0
DA:199,0
DA:200,0
DA:201,0
DA:202,0
DA:203,0
DA:205,0
DA:206,0
DA:212,0
DA:214,0
DA:216,0
DA:217,0
DA:220,0
DA:222,0
DA:223,0
DA:228,0
DA:229,0
DA:232,0
DA:233,0
DA:234,0
DA:236,0
DA:239,0
DA:240,0
DA:241,0
DA:244,0
DA:245,0
DA:249,0
LF:90
LH:0
BRDA:53,0,0,0
BRDA:53,0,1,0
BRDA:128,1,0,0
BRDA:128,1,1,0
BRDA:154,2,0,0
BRDA:154,2,1,0
BRDA:232,3,0,0
BRDA:232,3,1,0
BRF:8
BRH:0
end_of_record
TN:
SF:server\swagger.js
FN:319,(anonymous_0)
FN:328,(anonymous_1)
FNF:2
FNH:0
FNDA:0,(anonymous_0)
FNDA:0,(anonymous_1)
DA:6,0
DA:7,0
DA:10,0
DA:316,0
DA:319,0
DA:321,0
DA:328,0
DA:329,0
DA:330,0
DA:333,0
DA:336,0
LF:11
LH:0
BRF:0
BRH:0
end_of_record
TN:
SF:server\test-server.js
FN:23,(anonymous_0)
FN:46,(anonymous_1)
FN:79,(anonymous_2)
FN:81,(anonymous_3)
FN:92,(anonymous_4)
FN:100,(anonymous_5)
FN:112,(anonymous_6)
FN:124,(anonymous_7)
FN:136,(anonymous_8)
FN:148,(anonymous_9)
FN:163,(anonymous_10)
FN:172,(anonymous_11)
FN:225,(anonymous_12)
FNF:13
FNH:0
FNDA:0,(anonymous_0)
FNDA:0,(anonymous_1)
FNDA:0,(anonymous_2)
FNDA:0,(anonymous_3)
FNDA:0,(anonymous_4)
FNDA:0,(anonymous_5)
FNDA:0,(anonymous_6)
FNDA:0,(anonymous_7)
FNDA:0,(anonymous_8)
FNDA:0,(anonymous_9)
FNDA:0,(anonymous_10)
FNDA:0,(anonymous_11)
FNDA:0,(anonymous_12)
DA:5,0
DA:6,0
DA:7,0
DA:8,0
DA:9,0
DA:12,0
DA:13,0
DA:14,0
DA:20,0
DA:23,0
DA:24,0
DA:31,0
DA:37,0
DA:46,0
DA:47,0
DA:50,0
DA:51,0
DA:58,0
DA:64,0
DA:71,0
DA:79,0
DA:81,0
DA:82,0
DA:92,0
DA:93,0
DA:100,0
DA:101,0
DA:112,0
DA:113,0
DA:124,0
DA:125,0
DA:136,0
DA:137,0
DA:148,0
DA:149,0
DA:160,0
DA:163,0
DA:164,0
DA:172,0
DA:173,0
DA:224,0
DA:225,0
DA:226,0
DA:227,0
LF:44
LH:0
BRDA:27,0,0,0
BRDA:27,0,1,0
BRDA:33,1,0,0
BRDA:33,1,1,0
BRDA:50,2,0,0
BRDA:50,2,1,0
BRDA:50,3,0,0
BRDA:50,3,1,0
BRDA:60,4,0,0
BRDA:60,4,1,0
BRDA:224,5,0,0
BRDA:224,5,1,0
BRF:12
BRH:0
end_of_record
TN:
SF:server\controllers\area.controller.js
FN:8,(anonymous_0)
FN:11,(anonymous_1)
FN:14,(anonymous_2)
FN:17,(anonymous_3)
FN:20,(anonymous_4)
FN:23,(anonymous_5)
FN:26,(anonymous_6)
FN:29,(anonymous_7)
FN:32,(anonymous_8)
FNF:9
FNH:0
FNDA:0,(anonymous_0)
FNDA:0,(anonymous_1)
FNDA:0,(anonymous_2)
FNDA:0,(anonymous_3)
FNDA:0,(anonymous_4)
FNDA:0,(anonymous_5)
FNDA:0,(anonymous_6)
FNDA:0,(anonymous_7)
FNDA:0,(anonymous_8)
DA:7,0
DA:9,0
DA:12,0
DA:15,0
DA:18,0
DA:21,0
DA:24,0
DA:27,0
DA:30,0
DA:33,0
DA:37,0
LF:11
LH:0
BRF:0
BRH:0
end_of_record
TN:
SF:server\controllers\auth.controller.js
FN:17,(anonymous_0)
FN:69,(anonymous_1)
FN:120,(anonymous_2)
FN:168,(anonymous_3)
FNF:4
FNH:0
FNDA:0,(anonymous_0)
FNDA:0,(anonymous_1)
FNDA:0,(anonymous_2)
FNDA:0,(anonymous_3)
DA:7,0
DA:8,0
DA:9,0
DA:10,0
DA:17,0
DA:18,0
DA:19,0
DA:21,0
DA:22,0
DA:28,0
DA:30,0
DA:33,0
DA:42,0
DA:48,0
DA:55,0
DA:57,0
DA:69,0
DA:70,0
DA:72,0
DA:73,0
DA:76,0
DA:78,0
DA:80,0
DA:83,0
DA:89,0
DA:90,0
DA:93,0
DA:98,0
DA:100,0
DA:106,0
DA:108,0
DA:120,0
DA:121,0
DA:122,0
DA:124,0
DA:125,0
DA:131,0
DA:133,0
DA:135,0
DA:143,0
DA:148,0
DA:154,0
DA:156,0
DA:168,0
DA:169,0
DA:170,0
DA:171,0
DA:172,0
DA:178,0
DA:180,0
DA:182,0
DA:185,0
DA:190,0
DA:207,0
DA:213,0
DA:215,0
LF:56
LH:0
BRDA:21,0,0,0
BRDA:21,0,1,0
BRDA:21,1,0,0
BRDA:21,1,1,0
BRDA:48,2,0,0
BRDA:48,2,1,0
BRDA:50,3,0,0
BRDA:50,3,1,0
BRDA:73,4,0,0
BRDA:73,4,1,0
BRDA:85,5,0,0
BRDA:85,5,1,0
BRDA:89,6,0,0
BRDA:89,6,1,0
BRDA:124,7,0,0
BRDA:124,7,1,0
BRDA:148,8,0,0
BRDA:148,8,1,0
BRDA:150,9,0,0
BRDA:150,9,1,0
BRDA:171,10,0,0
BRDA:171,10,1,0
BRDA:171,11,0,0
BRDA:171,11,1,0
BRDA:207,12,0,0
BRDA:207,12,1,0
BRDA:209,13,0,0
BRDA:209,13,1,0
BRF:28
BRH:0
end_of_record
TN:
SF:server\controllers\document.controller.js
FN:15,(anonymous_0)
FN:151,(anonymous_1)
FN:240,(anonymous_2)
FN:337,(anonymous_3)
FN:425,(anonymous_4)
FN:517,(anonymous_5)
FN:594,(anonymous_6)
FN:724,(anonymous_7)
FN:799,(anonymous_8)
FN:883,(anonymous_9)
FNF:10
FNH:0
FNDA:0,(anonymous_0)
FNDA:0,(anonymous_1)
FNDA:0,(anonymous_2)
FNDA:0,(anonymous_3)
FNDA:0,(anonymous_4)
FNDA:0,(anonymous_5)
FNDA:0,(anonymous_6)
FNDA:0,(anonymous_7)
FNDA:0,(anonymous_8)
FNDA:0,(anonymous_9)
DA:7,0
DA:8,0
DA:15,0
DA:16,0
DA:27,0
DA:30,0
DA:33,0
DA:52,0
DA:59,0
DA:62,0
DA:63,0
DA:64,0
DA:65,0
DA:68,0
DA:69,0
DA:70,0
DA:71,0
DA:74,0
DA:75,0
DA:76,0
DA:77,0
DA:80,0
DA:81,0
DA:82,0
DA:83,0
DA:86,0
DA:87,0
DA:88,0
DA:89,0
DA:92,0
DA:93,0
DA:99,0
DA:105,0
DA:106,0
DA:110,0
DA:111,0
DA:114,0
DA:120,0
DA:121,0
DA:124,0
DA:137,0
DA:139,0
DA:151,0
DA:152,0
DA:153,0
DA:156,0
DA:157,0
DA:164,0
DA:177,0
DA:179,0
DA:180,0
DA:187,0
DA:193,0
DA:211,0
DA:212,0
DA:215,0
DA:221,0
DA:226,0
DA:228,0
DA:240,0
DA:241,0
DA:253,0
DA:256,0
DA:257,0
DA:264,0
DA:269,0
DA:270,0
DA:277,0
DA:280,0
DA:303,0
DA:304,0
DA:308,0
DA:314,0
DA:323,0
DA:325,0
DA:337,0
DA:338,0
DA:339,0
DA:348,0
DA:351,0
DA:356,0
DA:357,0
DA:364,0
DA:365,0
DA:366,0
DA:373,0
DA:396,0
DA:397,0
DA:401,0
DA:406,0
DA:411,0
DA:413,0
DA:425,0
DA:426,0
DA:427,0
DA:428,0
DA:431,0
DA:433,0
DA:434,0
DA:441,0
DA:446,0
DA:447,0
DA:454,0
DA:463,0
DA:464,0
DA:465,0
DA:467,0
DA:469,0
DA:471,0
DA:472,0
DA:476,0
DA:491,0
DA:498,0
DA:503,0
DA:505,0
DA:517,0
DA:518,0
DA:519,0
DA:522,0
DA:525,0
DA:530,0
DA:536,0
DA:537,0
DA:538,0
DA:545,0
DA:546,0
DA:550,0
DA:553,0
DA:555,0
DA:556,0
DA:557,0
DA:564,0
DA:567,0
DA:572,0
DA:578,0
DA:580,0
DA:582,0
DA:594,0
DA:595,0
DA:596,0
DA:597,0
DA:599,0
DA:600,0
DA:607,0
DA:610,0
DA:615,0
DA:616,0
DA:617,0
DA:623,0
DA:626,0
DA:629,0
DA:630,0
DA:631,0
DA:638,0
DA:657,0
DA:673,0
DA:688,0
DA:691,0
DA:698,0
DA:708,0
DA:710,0
DA:712,0
DA:724,0
DA:725,0
DA:726,0
DA:729,0
DA:734,0
DA:735,0
DA:742,0
DA:762,0
DA:776,0
DA:785,0
DA:787,0
DA:799,0
DA:800,0
DA:801,0
DA:804,0
DA:809,0
DA:810,0
DA:817,0
DA:818,0
DA:825,0
DA:828,0
DA:845,0
DA:846,0
DA:850,0
DA:858,0
DA:869,0
DA:871,0
DA:883,0
DA:884,0
DA:885,0
DA:888,0
DA:896,0
DA:897,0
DA:903,0
DA:906,0
DA:907,0
DA:908,0
DA:913,0
DA:920,0
DA:927,0
DA:928,0
DA:930,0
DA:932,0
DA:934,0
DA:941,0
LF:207
LH:0
BRDA:19,0,0,0
BRDA:20,1,0,0
BRDA:62,2,0,0
BRDA:62,2,1,0
BRDA:68,3,0,0
BRDA:68,3,1,0
BRDA:74,4,0,0
BRDA:74,4,1,0
BRDA:80,5,0,0
BRDA:80,5,1,0
BRDA:86,6,0,0
BRDA:86,6,1,0
BRDA:92,7,0,0
BRDA:92,7,1,0
BRDA:156,8,0,0
BRDA:156,8,1,0
BRDA:156,9,0,0
BRDA:156,9,1,0
BRDA:179,10,0,0
BRDA:179,10,1,0
BRDA:256,11,0,0
BRDA:256,11,1,0
BRDA:256,12,0,0
BRDA:256,12,1,0
BRDA:256,12,2,0
BRDA:256,12,3,0
BRDA:256,12,4,0
BRDA:256,12,5,0
BRDA:269,13,0,0
BRDA:269,13,1,0
BRDA:296,14,0,0
BRDA:296,14,1,0
BRDA:297,15,0,0
BRDA:297,15,1,0
BRDA:298,16,0,0
BRDA:298,16,1,0
BRDA:299,17,0,0
BRDA:299,17,1,0
BRDA:303,18,0,0
BRDA:303,18,1,0
BRDA:356,19,0,0
BRDA:356,19,1,0
BRDA:365,20,0,0
BRDA:365,20,1,0
BRDA:388,21,0,0
BRDA:388,21,1,0
BRDA:389,22,0,0
BRDA:389,22,1,0
BRDA:390,23,0,0
BRDA:390,23,1,0
BRDA:391,24,0,0
BRDA:391,24,1,0
BRDA:396,25,0,0
BRDA:396,25,1,0
BRDA:433,26,0,0
BRDA:433,26,1,0
BRDA:433,27,0,0
BRDA:433,27,1,0
BRDA:446,28,0,0
BRDA:446,28,1,0
BRDA:458,29,0,0
BRDA:458,29,1,0
BRDA:463,30,0,0
BRDA:463,30,1,0
BRDA:464,31,0,0
BRDA:464,31,1,0
BRDA:471,32,0,0
BRDA:471,32,1,0
BRDA:485,33,0,0
BRDA:485,33,1,0
BRDA:536,34,0,0
BRDA:536,34,1,0
BRDA:545,35,0,0
BRDA:545,35,1,0
BRDA:555,36,0,0
BRDA:555,36,1,0
BRDA:599,37,0,0
BRDA:599,37,1,0
BRDA:615,38,0,0
BRDA:615,38,1,0
BRDA:629,39,0,0
BRDA:629,39,1,0
BRDA:650,40,0,0
BRDA:650,40,1,0
BRDA:651,41,0,0
BRDA:651,41,1,0
BRDA:652,42,0,0
BRDA:652,42,1,0
BRDA:667,43,0,0
BRDA:667,43,1,0
BRDA:682,44,0,0
BRDA:682,44,1,0
BRDA:734,45,0,0
BRDA:734,45,1,0
BRDA:809,46,0,0
BRDA:809,46,1,0
BRDA:817,47,0,0
BRDA:817,47,1,0
BRDA:845,48,0,0
BRDA:845,48,1,0
BRDA:896,49,0,0
BRDA:896,49,1,0
BRDA:907,50,0,0
BRDA:907,50,1,0
BRF:104
BRH:0
end_of_record
TN:
SF:server\controllers\logs.controller.js
FN:15,getLogs
FN:42,getFileSystemLogs
FN:67,exportLogs
FN:102,downloadExportedLog
FN:133,getSecurityStats
FNF:5
FNH:0
FNDA:0,getLogs
FNDA:0,getFileSystemLogs
FNDA:0,exportLogs
FNDA:0,downloadExportedLog
FNDA:0,getSecurityStats
DA:6,0
DA:7,0
DA:8,0
DA:16,0
DA:17,0
DA:19,0
DA:27,0
DA:29,0
DA:30,0
DA:43,0
DA:44,0
DA:46,0
DA:52,0
DA:54,0
DA:55,0
DA:68,0
DA:69,0
DA:72,0
DA:73,0
DA:76,0
DA:84,0
DA:89,0
DA:90,0
DA:103,0
DA:104,0
DA:106,0
DA:107,0
DA:110,0
DA:113,0
DA:114,0
DA:115,0
DA:118,0
DA:120,0
DA:121,0
DA:134,0
DA:135,0
DA:137,0
DA:142,0
DA:144,0
DA:145,0
DA:153,0
LF:41
LH:0
BRDA:23,0,0,0
BRDA:23,0,1,0
BRDA:24,1,0,0
BRDA:24,1,1,0
BRDA:48,2,0,0
BRDA:48,2,1,0
BRDA:49,3,0,0
BRDA:49,3,1,0
BRDA:72,4,0,0
BRDA:72,4,1,0
BRDA:72,5,0,0
BRDA:72,5,1,0
BRDA:106,6,0,0
BRDA:106,6,1,0
BRF:14
BRH:0
end_of_record
TN:
SF:server\controllers\mesaPartes.controller.js
FN:8,(anonymous_0)
FN:11,(anonymous_1)
FN:14,(anonymous_2)
FN:17,(anonymous_3)
FN:20,(anonymous_4)
FN:23,(anonymous_5)
FN:26,(anonymous_6)
FNF:7
FNH:0
FNDA:0,(anonymous_0)
FNDA:0,(anonymous_1)
FNDA:0,(anonymous_2)
FNDA:0,(anonymous_3)
FNDA:0,(anonymous_4)
FNDA:0,(anonymous_5)
FNDA:0,(anonymous_6)
DA:7,0
DA:9,0
DA:12,0
DA:15,0
DA:18,0
DA:21,0
DA:24,0
DA:27,0
DA:31,0
LF:9
LH:0
BRF:0
BRH:0
end_of_record
TN:
SF:server\controllers\notification.controller.js
FN:8,(anonymous_0)
FN:11,(anonymous_1)
FN:14,(anonymous_2)
FN:17,(anonymous_3)
FN:20,(anonymous_4)
FN:23,(anonymous_5)
FN:26,(anonymous_6)
FNF:7
FNH:0
FNDA:0,(anonymous_0)
FNDA:0,(anonymous_1)
FNDA:0,(anonymous_2)
FNDA:0,(anonymous_3)
FNDA:0,(anonymous_4)
FNDA:0,(anonymous_5)
FNDA:0,(anonymous_6)
DA:7,0
DA:9,0
DA:12,0
DA:15,0
DA:18,0
DA:21,0
DA:24,0
DA:27,0
DA:31,0
LF:9
LH:0
BRF:0
BRH:0
end_of_record
TN:
SF:server\controllers\role.controller.js
FN:8,(anonymous_0)
FN:11,(anonymous_1)
FN:14,(anonymous_2)
FN:17,(anonymous_3)
FN:20,(anonymous_4)
FN:23,(anonymous_5)
FN:26,(anonymous_6)
FNF:7
FNH:0
FNDA:0,(anonymous_0)
FNDA:0,(anonymous_1)
FNDA:0,(anonymous_2)
FNDA:0,(anonymous_3)
FNDA:0,(anonymous_4)
FNDA:0,(anonymous_5)
FNDA:0,(anonymous_6)
DA:7,0
DA:9,0
DA:12,0
DA:15,0
DA:18,0
DA:21,0
DA:24,0
DA:27,0
DA:31,0
LF:9
LH:0
BRF:0
BRH:0
end_of_record
TN:
SF:server\controllers\security.controller.js
FN:8,(anonymous_0)
FN:11,(anonymous_1)
FN:14,(anonymous_2)
FN:17,(anonymous_3)
FN:20,(anonymous_4)
FN:23,(anonymous_5)
FN:26,(anonymous_6)
FNF:7
FNH:0
FNDA:0,(anonymous_0)
FNDA:0,(anonymous_1)
FNDA:0,(anonymous_2)
FNDA:0,(anonymous_3)
FNDA:0,(anonymous_4)
FNDA:0,(anonymous_5)
FNDA:0,(anonymous_6)
DA:7,0
DA:9,0
DA:12,0
DA:15,0
DA:18,0
DA:21,0
DA:24,0
DA:27,0
DA:31,0
LF:9
LH:0
BRF:0
BRH:0
end_of_record
TN:
SF:server\controllers\user.controller.js
FN:8,(anonymous_0)
FN:11,(anonymous_1)
FN:14,(anonymous_2)
FN:17,(anonymous_3)
FN:20,(anonymous_4)
FNF:5
FNH:0
FNDA:0,(anonymous_0)
FNDA:0,(anonymous_1)
FNDA:0,(anonymous_2)
FNDA:0,(anonymous_3)
FNDA:0,(anonymous_4)
DA:7,0
DA:9,0
DA:12,0
DA:15,0
DA:18,0
DA:21,0
DA:25,0
LF:7
LH:0
BRF:0
BRH:0
end_of_record
TN:
SF:server\docs\swagger.js
FNF:0
FNH:0
DA:7,0
DA:8,0
DA:11,0
DA:140,0
DA:143,0
DA:149,0
LF:6
LH:0
BRF:0
BRH:0
end_of_record
TN:
SF:server\docs\swagger-schemas\area.schema.js
FNF:0
FNH:0
LF:0
LH:0
BRF:0
BRH:0
end_of_record
TN:
SF:server\docs\swagger-schemas\auth.schema.js
FNF:0
FNH:0
LF:0
LH:0
BRF:0
BRH:0
end_of_record
TN:
SF:server\docs\swagger-schemas\auth.schemas.js
FNF:0
FNH:0
LF:0
LH:0
BRF:0
BRH:0
end_of_record
TN:
SF:server\docs\swagger-schemas\dashboard.schema.js
FNF:0
FNH:0
DA:45,0
LF:1
LH:0
BRF:0
BRH:0
end_of_record
TN:
SF:server\docs\swagger-schemas\document.schema.js
FNF:0
FNH:0
DA:171,0
LF:1
LH:0
BRF:0
BRH:0
end_of_record
TN:
SF:server\docs\swagger-schemas\role.schema.js
FNF:0
FNH:0
LF:0
LH:0
BRF:0
BRH:0
end_of_record
TN:
SF:server\docs\swagger-schemas\user.schema.js
FNF:0
FNH:0
LF:0
LH:0
BRF:0
BRH:0
end_of_record
TN:
SF:server\middleware\async-handler.js
FN:13,(anonymous_0)
FN:14,(anonymous_1)
FN:15,(anonymous_2)
FN:60,(anonymous_3)
FN:61,(anonymous_4)
FN:67,(anonymous_5)
FN:105,(anonymous_6)
FN:118,(anonymous_7)
FNF:8
FNH:0
FNDA:0,(anonymous_0)
FNDA:0,(anonymous_1)
FNDA:0,(anonymous_2)
FNDA:0,(anonymous_3)
FNDA:0,(anonymous_4)
FNDA:0,(anonymous_5)
FNDA:0,(anonymous_6)
FNDA:0,(anonymous_7)
DA:6,0
DA:13,0
DA:14,0
DA:15,0
DA:16,0
DA:26,0
DA:27,0
DA:29,0
DA:30,0
DA:31,0
DA:32,0
DA:33,0
DA:34,0
DA:35,0
DA:36,0
DA:37,0
DA:38,0
DA:39,0
DA:40,0
DA:41,0
DA:42,0
DA:43,0
DA:46,0
DA:60,0
DA:61,0
DA:67,0
DA:68,0
DA:78,0
DA:79,0
DA:85,0
DA:86,0
DA:92,0
DA:93,0
DA:99,0
DA:105,0
DA:106,0
DA:107,0
DA:115,0
DA:118,0
DA:125,0
DA:128,0
LF:41
LH:0
BRDA:29,0,0,0
BRDA:29,0,1,0
BRDA:32,1,0,0
BRDA:32,1,1,0
BRDA:35,2,0,0
BRDA:35,2,1,0
BRDA:38,3,0,0
BRDA:38,3,1,0
BRDA:41,4,0,0
BRDA:41,4,1,0
BRDA:49,5,0,0
BRDA:49,5,1,0
BRDA:78,6,0,0
BRDA:78,6,1,0
BRDA:85,7,0,0
BRDA:85,7,1,0
BRDA:92,8,0,0
BRDA:92,8,1,0
BRDA:106,9,0,0
BRDA:106,9,1,0
BRF:20
BRH:0
end_of_record
TN:
SF:server\middleware\audit.js
FN:30,(anonymous_0)
FN:31,(anonymous_1)
FN:74,(anonymous_2)
FN:110,(anonymous_3)
FN:149,(anonymous_4)
FNF:5
FNH:0
FNDA:0,(anonymous_0)
FNDA:0,(anonymous_1)
FNDA:0,(anonymous_2)
FNDA:0,(anonymous_3)
FNDA:0,(anonymous_4)
DA:6,0
DA:11,0
DA:30,0
DA:31,0
DA:32,0
DA:33,0
DA:52,0
DA:57,0
DA:59,0
DA:66,0
DA:74,0
DA:75,0
DA:76,0
DA:91,0
DA:96,0
DA:98,0
DA:103,0
DA:110,0
DA:111,0
DA:112,0
DA:130,0
DA:135,0
DA:137,0
DA:142,0
DA:149,0
DA:150,0
DA:151,0
DA:169,0
DA:174,0
DA:176,0
DA:181,0
DA:185,0
LF:32
LH:0
BRDA:37,0,0,0
BRDA:37,0,1,0
BRDA:116,1,0,0
BRDA:116,1,1,0
BRDA:155,2,0,0
BRDA:155,2,1,0
BRF:6
BRH:0
end_of_record
TN:
SF:server\middleware\auth.js
FN:19,(anonymous_0)
FN:55,(anonymous_1)
FN:86,(anonymous_2)
FN:87,(anonymous_3)
FN:133,(anonymous_4)
FN:134,(anonymous_5)
FN:143,(anonymous_6)
FN:184,(anonymous_7)
FN:185,(anonymous_8)
FN:248,(anonymous_9)
FNF:10
FNH:0
FNDA:0,(anonymous_0)
FNDA:0,(anonymous_1)
FNDA:0,(anonymous_2)
FNDA:0,(anonymous_3)
FNDA:0,(anonymous_4)
FNDA:0,(anonymous_5)
FNDA:0,(anonymous_6)
FNDA:0,(anonymous_7)
FNDA:0,(anonymous_8)
FNDA:0,(anonymous_9)
DA:6,0
DA:7,0
DA:12,0
DA:19,0
DA:21,0
DA:22,0
DA:26,0
DA:27,0
DA:28,0
DA:35,0
DA:37,0
DA:39,0
DA:40,0
DA:41,0
DA:43,0
DA:44,0
DA:55,0
DA:56,0
DA:58,0
DA:59,0
DA:60,0
DA:67,0
DA:70,0
DA:71,0
DA:72,0
DA:74,0
DA:75,0
DA:86,0
DA:87,0
DA:88,0
DA:89,0
DA:90,0
DA:96,0
DA:97,0
DA:106,0
DA:112,0
DA:114,0
DA:122,0
DA:133,0
DA:134,0
DA:135,0
DA:136,0
DA:137,0
DA:143,0
DA:144,0
DA:147,0
DA:148,0
DA:157,0
DA:163,0
DA:165,0
DA:173,0
DA:184,0
DA:185,0
DA:186,0
DA:187,0
DA:188,0
DA:194,0
DA:196,0
DA:197,0
DA:204,0
DA:205,0
DA:209,0
DA:210,0
DA:219,0
DA:225,0
DA:227,0
DA:237,0
DA:248,0
DA:252,0
DA:255,0
LF:70
LH:0
BRDA:13,0,0,0
BRDA:13,0,1,0
BRDA:21,1,0,0
BRDA:21,1,1,0
BRDA:21,2,0,0
BRDA:21,2,1,0
BRDA:21,2,2,0
BRDA:27,3,0,0
BRDA:27,3,1,0
BRDA:27,4,0,0
BRDA:27,4,1,0
BRDA:59,5,0,0
BRDA:59,5,1,0
BRDA:59,6,0,0
BRDA:59,6,1,0
BRDA:89,7,0,0
BRDA:89,7,1,0
BRDA:96,8,0,0
BRDA:96,8,1,0
BRDA:136,9,0,0
BRDA:136,9,1,0
BRDA:147,10,0,0
BRDA:147,10,1,0
BRDA:187,11,0,0
BRDA:187,11,1,0
BRDA:196,12,0,0
BRDA:196,12,1,0
BRDA:204,13,0,0
BRDA:204,13,1,0
BRDA:209,14,0,0
BRDA:209,14,1,0
BRF:31
BRH:0
end_of_record
TN:
SF:server\middleware\cache-handler.js
FN:16,(anonymous_0)
FN:30,(anonymous_1)
FN:31,(anonymous_2)
FN:54,(anonymous_3)
FN:60,(anonymous_4)
FN:87,(anonymous_5)
FN:88,(anonymous_6)
FN:129,(anonymous_7)
FN:155,(anonymous_8)
FN:156,(anonymous_9)
FN:179,(anonymous_10)
FN:183,(anonymous_11)
FNF:12
FNH:0
FNDA:0,(anonymous_0)
FNDA:0,(anonymous_1)
FNDA:0,(anonymous_2)
FNDA:0,(anonymous_3)
FNDA:0,(anonymous_4)
FNDA:0,(anonymous_5)
FNDA:0,(anonymous_6)
FNDA:0,(anonymous_7)
FNDA:0,(anonymous_8)
FNDA:0,(anonymous_9)
FNDA:0,(anonymous_10)
FNDA:0,(anonymous_11)
DA:6,0
DA:7,0
DA:12,0
DA:17,0
DA:18,0
DA:25,0
DA:30,0
DA:31,0
DA:32,0
DA:34,0
DA:35,0
DA:38,0
DA:41,0
DA:43,0
DA:44,0
DA:49,0
DA:53,0
DA:54,0
DA:56,0
DA:59,0
DA:61,0
DA:69,0
DA:72,0
DA:74,0
DA:79,0
DA:87,0
DA:88,0
DA:89,0
DA:90,0
DA:91,0
DA:94,0
DA:95,0
DA:97,0
DA:98,0
DA:99,0
DA:100,0
DA:101,0
DA:102,0
DA:107,0
DA:113,0
DA:115,0
DA:121,0
DA:129,0
DA:130,0
DA:131,0
DA:132,0
DA:133,0
DA:136,0
DA:141,0
DA:143,0
DA:148,0
DA:155,0
DA:156,0
DA:157,0
DA:158,0
DA:159,0
DA:163,0
DA:164,0
DA:166,0
DA:168,0
DA:169,0
DA:175,0
DA:178,0
DA:179,0
DA:180,0
DA:182,0
DA:184,0
DA:192,0
DA:195,0
DA:197,0
DA:202,0
DA:207,0
LF:72
LH:0
BRDA:13,0,0,0
BRDA:13,0,1,0
BRDA:14,1,0,0
BRDA:14,1,1,0
BRDA:30,2,0,0
BRDA:34,3,0,0
BRDA:34,3,1,0
BRDA:43,4,0,0
BRDA:43,4,1,0
BRDA:90,5,0,0
BRDA:90,5,1,0
BRDA:99,6,0,0
BRDA:99,6,1,0
BRDA:132,7,0,0
BRDA:132,7,1,0
BRDA:155,8,0,0
BRDA:158,9,0,0
BRDA:158,9,1,0
BRDA:164,10,0,0
BRDA:164,10,1,0
BRDA:168,11,0,0
BRDA:168,11,1,0
BRF:22
BRH:0
end_of_record
TN:
SF:server\middleware\cache.js
FN:17,(anonymous_0)
FN:36,(anonymous_1)
FN:39,(anonymous_2)
FN:49,(anonymous_3)
FN:50,(anonymous_4)
FN:77,(anonymous_5)
FN:92,(anonymous_6)
FN:93,(anonymous_7)
FN:114,(anonymous_8)
FN:117,(anonymous_9)
FNF:10
FNH:0
FNDA:0,(anonymous_0)
FNDA:0,(anonymous_1)
FNDA:0,(anonymous_2)
FNDA:0,(anonymous_3)
FNDA:0,(anonymous_4)
FNDA:0,(anonymous_5)
FNDA:0,(anonymous_6)
FNDA:0,(anonymous_7)
FNDA:0,(anonymous_8)
FNDA:0,(anonymous_9)
DA:6,0
DA:9,0
DA:12,0
DA:17,0
DA:19,0
DA:20,0
DA:23,0
DA:26,0
DA:27,0
DA:28,0
DA:29,0
DA:32,0
DA:35,0
DA:36,0
DA:37,0
DA:39,0
DA:40,0
DA:43,0
DA:49,0
DA:50,0
DA:51,0
DA:52,0
DA:55,0
DA:56,0
DA:57,0
DA:58,0
DA:62,0
DA:63,0
DA:66,0
DA:68,0
DA:69,0
DA:77,0
DA:78,0
DA:79,0
DA:80,0
DA:81,0
DA:82,0
DA:84,0
DA:85,0
DA:92,0
DA:93,0
DA:95,0
DA:96,0
DA:100,0
DA:101,0
DA:104,0
DA:105,0
DA:106,0
DA:107,0
DA:110,0
DA:113,0
DA:114,0
DA:115,0
DA:117,0
DA:118,0
DA:121,0
DA:125,0
LF:57
LH:0
BRDA:19,0,0,0
BRDA:19,0,1,0
BRDA:26,1,0,0
BRDA:26,1,1,0
BRDA:56,2,0,0
BRDA:56,2,1,0
BRDA:62,3,0,0
BRDA:62,3,1,0
BRDA:92,4,0,0
BRDA:95,5,0,0
BRDA:95,5,1,0
BRDA:101,6,0,0
BRDA:101,6,1,0
BRDA:104,7,0,0
BRDA:104,7,1,0
BRF:15
BRH:0
end_of_record
TN:
SF:server\middleware\compression.js
FN:15,(anonymous_0)
FN:31,(anonymous_1)
FN:35,(anonymous_2)
FN:59,(anonymous_3)
FN:66,(anonymous_4)
FN:77,(anonymous_5)
FN:92,(anonymous_6)
FNF:7
FNH:0
FNDA:0,(anonymous_0)
FNDA:0,(anonymous_1)
FNDA:0,(anonymous_2)
FNDA:0,(anonymous_3)
FNDA:0,(anonymous_4)
FNDA:0,(anonymous_5)
FNDA:0,(anonymous_6)
DA:6,0
DA:7,0
DA:12,0
DA:16,0
DA:17,0
DA:19,0
DA:26,0
DA:31,0
DA:32,0
DA:33,0
DA:35,0
DA:36,0
DA:37,0
DA:38,0
DA:42,0
DA:53,0
DA:59,0
DA:60,0
DA:66,0
DA:67,0
DA:68,0
DA:71,0
DA:77,0
DA:78,0
DA:79,0
DA:81,0
DA:82,0
DA:83,0
DA:86,0
DA:92,0
DA:93,0
DA:95,0
DA:96,0
DA:97,0
DA:100,0
DA:103,0
LF:36
LH:0
BRDA:16,0,0,0
BRDA:16,0,1,0
BRDA:38,1,0,0
BRDA:38,1,1,0
BRDA:38,2,0,0
BRDA:38,2,1,0
BRDA:47,3,0,0
BRDA:47,3,1,0
BRDA:66,4,0,0
BRDA:66,4,1,0
BRDA:79,5,0,0
BRDA:79,5,1,0
BRDA:81,6,0,0
BRDA:81,6,1,0
BRDA:95,7,0,0
BRDA:95,7,1,0
BRDA:95,8,0,0
BRDA:95,8,1,0
BRF:18
BRH:0
end_of_record
TN:
SF:server\middleware\db-cache.js
FN:24,(anonymous_0)
FN:25,(anonymous_1)
FN:43,(anonymous_2)
FN:73,(anonymous_3)
FN:74,(anonymous_4)
FN:79,(anonymous_5)
FN:80,(anonymous_6)
FN:110,(anonymous_7)
FN:130,(anonymous_8)
FN:131,(anonymous_9)
FN:153,(anonymous_10)
FNF:11
FNH:0
FNDA:0,(anonymous_0)
FNDA:0,(anonymous_1)
FNDA:0,(anonymous_2)
FNDA:0,(anonymous_3)
FNDA:0,(anonymous_4)
FNDA:0,(anonymous_5)
FNDA:0,(anonymous_6)
FNDA:0,(anonymous_7)
FNDA:0,(anonymous_8)
FNDA:0,(anonymous_9)
FNDA:0,(anonymous_10)
DA:6,0
DA:7,0
DA:12,0
DA:24,0
DA:25,0
DA:26,0
DA:28,0
DA:30,0
DA:31,0
DA:36,0
DA:40,0
DA:43,0
DA:44,0
DA:46,0
DA:52,0
DA:55,0
DA:57,0
DA:63,0
DA:73,0
DA:74,0
DA:75,0
DA:76,0
DA:77,0
DA:79,0
DA:80,0
DA:81,0
DA:82,0
DA:86,0
DA:87,0
DA:94,0
DA:96,0
DA:102,0
DA:110,0
DA:111,0
DA:112,0
DA:113,0
DA:117,0
DA:130,0
DA:131,0
DA:132,0
DA:133,0
DA:136,0
DA:138,0
DA:139,0
DA:146,0
DA:150,0
DA:153,0
DA:154,0
DA:156,0
DA:164,0
DA:167,0
DA:169,0
DA:176,0
DA:181,0
LF:54
LH:0
BRDA:30,0,0,0
BRDA:30,0,1,0
BRDA:80,1,0,0
BRDA:80,1,1,0
BRDA:86,2,0,0
BRDA:86,2,1,0
BRDA:138,3,0,0
BRDA:138,3,1,0
BRF:8
BRH:0
end_of_record
TN:
SF:server\middleware\error-handler.js
FN:11,(anonymous_0)
FN:36,(anonymous_1)
FN:59,(anonymous_2)
FN:82,(anonymous_3)
FN:136,(anonymous_4)
FN:182,(anonymous_5)
FN:197,(anonymous_6)
FN:208,(anonymous_7)
FNF:8
FNH:0
FNDA:0,(anonymous_0)
FNDA:0,(anonymous_1)
FNDA:0,(anonymous_2)
FNDA:0,(anonymous_3)
FNDA:0,(anonymous_4)
FNDA:0,(anonymous_5)
FNDA:0,(anonymous_6)
FNDA:0,(anonymous_7)
DA:6,0
DA:11,0
DA:13,0
DA:22,0
DA:25,0
DA:36,0
DA:37,0
DA:38,0
DA:41,0
DA:49,0
DA:59,0
DA:60,0
DA:61,0
DA:64,0
DA:72,0
DA:82,0
DA:83,0
DA:84,0
DA:87,0
DA:96,0
DA:97,0
DA:99,0
DA:101,0
DA:102,0
DA:103,0
DA:105,0
DA:106,0
DA:107,0
DA:109,0
DA:110,0
DA:111,0
DA:113,0
DA:114,0
DA:115,0
DA:117,0
DA:118,0
DA:119,0
DA:121,0
DA:122,0
DA:123,0
DA:126,0
DA:136,0
DA:137,0
DA:138,0
DA:141,0
DA:150,0
DA:151,0
DA:153,0
DA:155,0
DA:156,0
DA:157,0
DA:159,0
DA:160,0
DA:161,0
DA:163,0
DA:164,0
DA:165,0
DA:167,0
DA:168,0
DA:169,0
DA:172,0
DA:182,0
DA:183,0
DA:184,0
DA:187,0
DA:195,0
DA:197,0
DA:208,0
DA:209,0
DA:210,0
DA:213,0
DA:220,0
DA:227,0
LF:73
LH:0
BRDA:22,0,0,0
BRDA:22,0,1,0
BRDA:28,1,0,0
BRDA:28,1,1,0
BRDA:37,2,0,0
BRDA:37,2,1,0
BRDA:60,3,0,0
BRDA:60,3,1,0
BRDA:83,4,0,0
BRDA:83,4,1,0
BRDA:83,5,0,0
BRDA:83,5,1,0
BRDA:99,6,0,0
BRDA:99,6,1,0
BRDA:99,6,2,0
BRDA:99,6,3,0
BRDA:99,6,4,0
BRDA:99,6,5,0
BRDA:137,7,0,0
BRDA:137,7,1,0
BRDA:137,8,0,0
BRDA:137,8,1,0
BRDA:153,9,0,0
BRDA:153,9,1,0
BRDA:153,9,2,0
BRDA:153,9,3,0
BRDA:183,10,0,0
BRDA:183,10,1,0
BRDA:209,11,0,0
BRDA:209,11,1,0
BRDA:209,12,0,0
BRDA:209,12,1,0
BRF:32
BRH:0
end_of_record
TN:
SF:server\middleware\error.middleware.js
FN:8,(anonymous_0)
FNF:1
FNH:0
FNDA:0,(anonymous_0)
DA:6,0
DA:8,0
DA:10,0
DA:18,0
DA:21,0
LF:5
LH:0
BRDA:14,0,0,0
BRDA:14,0,1,0
BRDA:18,1,0,0
BRDA:18,1,1,0
BRDA:23,2,0,0
BRDA:23,2,1,0
BRDA:23,3,0,0
BRDA:23,3,1,0
BRDA:26,4,0,0
BRDA:26,4,1,0
BRF:10
BRH:0
end_of_record
TN:
SF:server\middleware\file-handler.js
FN:17,(anonymous_0)
FN:20,(anonymous_1)
FN:29,(anonymous_2)
FN:55,(anonymous_3)
FN:117,(anonymous_4)
FN:135,(anonymous_5)
FN:195,(anonymous_6)
FN:232,(anonymous_7)
FN:279,(anonymous_8)
FN:326,(anonymous_9)
FN:357,(anonymous_10)
FN:358,(anonymous_11)
FN:408,(anonymous_12)
FN:422,(anonymous_13)
FNF:14
FNH:0
FNDA:0,(anonymous_0)
FNDA:0,(anonymous_1)
FNDA:0,(anonymous_2)
FNDA:0,(anonymous_3)
FNDA:0,(anonymous_4)
FNDA:0,(anonymous_5)
FNDA:0,(anonymous_6)
FNDA:0,(anonymous_7)
FNDA:0,(anonymous_8)
FNDA:0,(anonymous_9)
FNDA:0,(anonymous_10)
FNDA:0,(anonymous_11)
FNDA:0,(anonymous_12)
FNDA:0,(anonymous_13)
DA:6,0
DA:7,0
DA:8,0
DA:9,0
DA:10,0
DA:11,0
DA:16,0
DA:18,0
DA:21,0
DA:22,0
DA:29,0
DA:30,0
DA:31,0
DA:32,0
DA:34,0
DA:41,0
DA:50,0
DA:55,0
DA:56,0
DA:58,0
DA:61,0
DA:71,0
DA:95,0
DA:97,0
DA:103,0
DA:105,0
DA:110,0
DA:117,0
DA:119,0
DA:120,0
DA:124,0
DA:125,0
DA:126,0
DA:129,0
DA:135,0
DA:136,0
DA:137,0
DA:138,0
DA:145,0
DA:146,0
DA:152,0
DA:153,0
DA:154,0
DA:157,0
DA:164,0
DA:165,0
DA:166,0
DA:172,0
DA:173,0
DA:174,0
DA:177,0
DA:183,0
DA:189,0
DA:195,0
DA:196,0
DA:197,0
DA:198,0
DA:201,0
DA:202,0
DA:203,0
DA:206,0
DA:211,0
DA:213,0
DA:220,0
DA:221,0
DA:222,0
DA:225,0
DA:232,0
DA:233,0
DA:234,0
DA:237,0
DA:240,0
DA:243,0
DA:246,0
DA:247,0
DA:248,0
DA:251,0
DA:257,0
DA:259,0
DA:267,0
DA:268,0
DA:269,0
DA:272,0
DA:279,0
DA:280,0
DA:281,0
DA:284,0
DA:287,0
DA:290,0
DA:293,0
DA:294,0
DA:295,0
DA:298,0
DA:304,0
DA:306,0
DA:314,0
DA:315,0
DA:316,0
DA:319,0
DA:326,0
DA:327,0
DA:328,0
DA:330,0
DA:331,0
DA:337,0
DA:339,0
DA:341,0
DA:343,0
DA:347,0
DA:357,0
DA:358,0
DA:359,0
DA:360,0
DA:363,0
DA:364,0
DA:365,0
DA:368,0
DA:374,0
DA:375,0
DA:378,0
DA:379,0
DA:380,0
DA:383,0
DA:392,0
DA:394,0
DA:395,0
DA:396,0
DA:400,0
DA:403,0
DA:408,0
DA:410,0
DA:411,0
DA:415,0
DA:418,0
DA:419,0
DA:422,0
DA:423,0
DA:424,0
DA:427,0
DA:428,0
DA:429,0
DA:432,0
DA:438,0
DA:439,0
DA:442,0
DA:443,0
DA:444,0
DA:447,0
DA:456,0
DA:457,0
DA:458,0
DA:461,0
DA:465,0
LF:153
LH:0
BRDA:18,0,0,0
BRDA:18,0,1,0
BRDA:31,1,0,0
BRDA:31,1,1,0
BRDA:55,2,0,0
BRDA:55,3,0,0
BRDA:75,4,0,0
BRDA:75,4,1,0
BRDA:76,5,0,0
BRDA:76,5,1,0
BRDA:77,6,0,0
BRDA:77,6,1,0
BRDA:78,7,0,0
BRDA:78,7,1,0
BRDA:79,8,0,0
BRDA:79,8,1,0
BRDA:80,9,0,0
BRDA:80,9,1,0
BRDA:81,10,0,0
BRDA:81,10,1,0
BRDA:82,11,0,0
BRDA:82,11,1,0
BRDA:83,12,0,0
BRDA:83,12,1,0
BRDA:84,13,0,0
BRDA:84,13,1,0
BRDA:85,14,0,0
BRDA:85,14,1,0
BRDA:86,15,0,0
BRDA:86,15,1,0
BRDA:87,16,0,0
BRDA:87,16,1,0
BRDA:88,17,0,0
BRDA:88,17,1,0
BRDA:89,18,0,0
BRDA:89,18,1,0
BRDA:90,19,0,0
BRDA:90,19,1,0
BRDA:119,20,0,0
BRDA:119,20,1,0
BRDA:119,21,0,0
BRDA:119,21,1,0
BRDA:119,21,2,0
BRDA:124,22,0,0
BRDA:124,22,1,0
BRDA:124,23,0,0
BRDA:124,23,1,0
BRDA:125,24,0,0
BRDA:125,24,1,0
BRDA:136,25,0,0
BRDA:136,25,1,0
BRDA:145,26,0,0
BRDA:145,26,1,0
BRDA:152,27,0,0
BRDA:152,27,1,0
BRDA:152,28,0,0
BRDA:152,28,1,0
BRDA:153,29,0,0
BRDA:153,29,1,0
BRDA:165,30,0,0
BRDA:165,30,1,0
BRDA:172,31,0,0
BRDA:172,31,1,0
BRDA:172,32,0,0
BRDA:172,32,1,0
BRDA:173,33,0,0
BRDA:173,33,1,0
BRDA:201,34,0,0
BRDA:201,34,1,0
BRDA:201,35,0,0
BRDA:201,35,1,0
BRDA:202,36,0,0
BRDA:202,36,1,0
BRDA:220,37,0,0
BRDA:220,37,1,0
BRDA:220,38,0,0
BRDA:220,38,1,0
BRDA:221,39,0,0
BRDA:221,39,1,0
BRDA:246,40,0,0
BRDA:246,40,1,0
BRDA:246,41,0,0
BRDA:246,41,1,0
BRDA:247,42,0,0
BRDA:247,42,1,0
BRDA:267,43,0,0
BRDA:267,43,1,0
BRDA:267,44,0,0
BRDA:267,44,1,0
BRDA:268,45,0,0
BRDA:268,45,1,0
BRDA:293,46,0,0
BRDA:293,46,1,0
BRDA:293,47,0,0
BRDA:293,47,1,0
BRDA:294,48,0,0
BRDA:294,48,1,0
BRDA:314,49,0,0
BRDA:314,49,1,0
BRDA:314,50,0,0
BRDA:314,50,1,0
BRDA:315,51,0,0
BRDA:315,51,1,0
BRDA:330,52,0,0
BRDA:330,52,1,0
BRDA:359,53,0,0
BRDA:359,53,1,0
BRDA:363,54,0,0
BRDA:363,54,1,0
BRDA:363,55,0,0
BRDA:363,55,1,0
BRDA:364,56,0,0
BRDA:364,56,1,0
BRDA:374,57,0,0
BRDA:374,57,1,0
BRDA:378,58,0,0
BRDA:378,58,1,0
BRDA:378,59,0,0
BRDA:378,59,1,0
BRDA:379,60,0,0
BRDA:379,60,1,0
BRDA:392,61,0,0
BRDA:392,61,1,0
BRDA:394,62,0,0
BRDA:394,62,1,0
BRDA:394,63,0,0
BRDA:394,63,1,0
BRDA:395,64,0,0
BRDA:395,64,1,0
BRDA:410,65,0,0
BRDA:410,65,1,0
BRDA:415,66,0,0
BRDA:415,66,1,0
BRDA:418,67,0,0
BRDA:418,67,1,0
BRDA:423,68,0,0
BRDA:423,68,1,0
BRDA:427,69,0,0
BRDA:427,69,1,0
BRDA:427,70,0,0
BRDA:427,70,1,0
BRDA:428,71,0,0
BRDA:428,71,1,0
BRDA:438,72,0,0
BRDA:438,72,1,0
BRDA:442,73,0,0
BRDA:442,73,1,0
BRDA:442,74,0,0
BRDA:442,74,1,0
BRDA:443,75,0,0
BRDA:443,75,1,0
BRDA:456,76,0,0
BRDA:456,76,1,0
BRDA:456,77,0,0
BRDA:456,77,1,0
BRDA:456,77,2,0
BRDA:457,78,0,0
BRDA:457,78,1,0
BRF:158
BRH:0
end_of_record
TN:
SF:server\middleware\input-validation.js
FN:90,(anonymous_0)
FN:91,(anonymous_1)
FN:100,(anonymous_2)
FN:143,(anonymous_3)
FN:147,(anonymous_4)
FN:156,(anonymous_5)
FN:165,(anonymous_6)
FN:189,(anonymous_7)
FN:190,(anonymous_8)
FNF:9
FNH:0
FNDA:0,(anonymous_0)
FNDA:0,(anonymous_1)
FNDA:0,(anonymous_2)
FNDA:0,(anonymous_3)
FNDA:0,(anonymous_4)
FNDA:0,(anonymous_5)
FNDA:0,(anonymous_6)
FNDA:0,(anonymous_7)
FNDA:0,(anonymous_8)
DA:6,0
DA:7,0
DA:12,0
DA:90,0
DA:91,0
DA:92,0
DA:93,0
DA:99,0
DA:100,0
DA:105,0
DA:114,0
DA:121,0
DA:123,0
DA:132,0
DA:143,0
DA:144,0
DA:146,0
DA:147,0
DA:148,0
DA:149,0
DA:155,0
DA:156,0
DA:157,0
DA:158,0
DA:164,0
DA:165,0
DA:166,0
DA:167,0
DA:172,0
DA:174,0
DA:182,0
DA:189,0
DA:190,0
DA:191,0
DA:192,0
DA:193,0
DA:196,0
DA:197,0
DA:206,0
DA:212,0
DA:214,0
DA:222,0
DA:227,0
LF:43
LH:0
BRDA:90,0,0,0
BRDA:99,1,0,0
BRDA:99,1,1,0
BRDA:146,2,0,0
BRDA:146,2,1,0
BRDA:148,3,0,0
BRDA:148,3,1,0
BRDA:155,4,0,0
BRDA:155,4,1,0
BRDA:157,5,0,0
BRDA:157,5,1,0
BRDA:164,6,0,0
BRDA:164,6,1,0
BRDA:166,7,0,0
BRDA:166,7,1,0
BRDA:192,8,0,0
BRDA:192,8,1,0
BRDA:196,9,0,0
BRDA:196,9,1,0
BRF:19
BRH:0
end_of_record
TN:
SF:server\middleware\logger.js
FN:11,(anonymous_0)
FN:25,(anonymous_1)
FN:69,(anonymous_2)
FN:88,(anonymous_3)
FN:91,(anonymous_4)
FN:122,(anonymous_5)
FN:125,(anonymous_6)
FN:159,(anonymous_7)
FN:162,(anonymous_8)
FNF:9
FNH:0
FNDA:0,(anonymous_0)
FNDA:0,(anonymous_1)
FNDA:0,(anonymous_2)
FNDA:0,(anonymous_3)
FNDA:0,(anonymous_4)
FNDA:0,(anonymous_5)
FNDA:0,(anonymous_6)
FNDA:0,(anonymous_7)
FNDA:0,(anonymous_8)
DA:6,0
DA:11,0
DA:12,0
DA:15,0
DA:25,0
DA:26,0
DA:27,0
DA:30,0
DA:40,0
DA:41,0
DA:52,0
DA:53,0
DA:63,0
DA:69,0
DA:70,0
DA:82,0
DA:88,0
DA:89,0
DA:91,0
DA:92,0
DA:93,0
DA:95,0
DA:96,0
DA:105,0
DA:106,0
DA:116,0
DA:122,0
DA:123,0
DA:125,0
DA:126,0
DA:127,0
DA:130,0
DA:131,0
DA:141,0
DA:142,0
DA:153,0
DA:159,0
DA:160,0
DA:162,0
DA:163,0
DA:164,0
DA:166,0
DA:167,0
DA:182,0
DA:185,0
LF:45
LH:0
BRDA:40,0,0,0
BRDA:40,0,1,0
BRDA:52,1,0,0
BRDA:52,1,1,0
BRDA:95,2,0,0
BRDA:95,2,1,0
BRDA:105,3,0,0
BRDA:105,3,1,0
BRDA:130,4,0,0
BRDA:130,4,1,0
BRDA:130,5,0,0
BRDA:130,5,1,0
BRDA:141,6,0,0
BRDA:141,6,1,0
BRDA:166,7,0,0
BRDA:166,7,1,0
BRF:16
BRH:0
end_of_record
TN:
SF:server\middleware\monitoring.js
FN:23,(anonymous_0)
FN:28,(anonymous_1)
FN:52,(anonymous_2)
FN:69,(anonymous_3)
FN:97,(anonymous_4)
FN:100,(anonymous_5)
FN:118,(anonymous_6)
FN:137,(anonymous_7)
FN:141,(anonymous_8)
FN:159,(anonymous_9)
FN:177,(anonymous_10)
FN:181,(anonymous_11)
FNF:12
FNH:0
FNDA:0,(anonymous_0)
FNDA:0,(anonymous_1)
FNDA:0,(anonymous_2)
FNDA:0,(anonymous_3)
FNDA:0,(anonymous_4)
FNDA:0,(anonymous_5)
FNDA:0,(anonymous_6)
FNDA:0,(anonymous_7)
FNDA:0,(anonymous_8)
FNDA:0,(anonymous_9)
FNDA:0,(anonymous_10)
FNDA:0,(anonymous_11)
DA:6,0
DA:7,0
DA:12,0
DA:23,0
DA:24,0
DA:25,0
DA:26,0
DA:28,0
DA:29,0
DA:30,0
DA:31,0
DA:34,0
DA:35,0
DA:36,0
DA:46,0
DA:52,0
DA:53,0
DA:55,0
DA:63,0
DA:69,0
DA:70,0
DA:86,0
DA:87,0
DA:88,0
DA:91,0
DA:97,0
DA:98,0
DA:100,0
DA:101,0
DA:102,0
DA:112,0
DA:118,0
DA:119,0
DA:120,0
DA:122,0
DA:123,0
DA:131,0
DA:137,0
DA:138,0
DA:139,0
DA:141,0
DA:142,0
DA:143,0
DA:144,0
DA:153,0
DA:159,0
DA:160,0
DA:169,0
DA:170,0
DA:173,0
DA:177,0
DA:178,0
DA:181,0
DA:182,0
DA:183,0
DA:191,0
DA:194,0
LF:57
LH:0
BRDA:34,0,0,0
BRDA:34,0,1,0
BRDA:86,1,0,0
BRDA:86,1,1,0
BRDA:122,2,0,0
BRDA:122,2,1,0
BRDA:143,3,0,0
BRDA:143,3,1,0
BRDA:169,4,0,0
BRDA:169,4,1,0
BRF:10
BRH:0
end_of_record
TN:
SF:server\middleware\permissions.js
FN:83,(anonymous_0)
FN:84,(anonymous_1)
FN:97,(anonymous_2)
FN:141,(anonymous_3)
FN:142,(anonymous_4)
FN:192,(anonymous_5)
FN:193,(anonymous_6)
FN:213,(anonymous_7)
FNF:8
FNH:0
FNDA:0,(anonymous_0)
FNDA:0,(anonymous_1)
FNDA:0,(anonymous_2)
FNDA:0,(anonymous_3)
FNDA:0,(anonymous_4)
FNDA:0,(anonymous_5)
FNDA:0,(anonymous_6)
FNDA:0,(anonymous_7)
DA:6,0
DA:11,0
DA:26,0
DA:37,0
DA:83,0
DA:84,0
DA:85,0
DA:86,0
DA:87,0
DA:93,0
DA:94,0
DA:97,0
DA:98,0
DA:101,0
DA:102,0
DA:112,0
DA:118,0
DA:120,0
DA:128,0
DA:141,0
DA:142,0
DA:143,0
DA:144,0
DA:145,0
DA:151,0
DA:153,0
DA:154,0
DA:163,0
DA:169,0
DA:171,0
DA:179,0
DA:192,0
DA:193,0
DA:194,0
DA:195,0
DA:196,0
DA:202,0
DA:203,0
DA:204,0
DA:206,0
DA:207,0
DA:210,0
DA:211,0
DA:213,0
DA:214,0
DA:217,0
DA:218,0
DA:229,0
DA:235,0
DA:237,0
DA:245,0
DA:253,0
LF:52
LH:0
BRDA:86,0,0,0
BRDA:86,0,1,0
BRDA:94,1,0,0
BRDA:94,1,1,0
BRDA:94,1,2,0
BRDA:101,2,0,0
BRDA:101,2,1,0
BRDA:122,3,0,0
BRDA:122,3,1,0
BRDA:144,4,0,0
BRDA:144,4,1,0
BRDA:153,5,0,0
BRDA:153,5,1,0
BRDA:173,6,0,0
BRDA:173,6,1,0
BRDA:195,7,0,0
BRDA:195,7,1,0
BRDA:202,8,0,0
BRDA:202,8,1,0
BRDA:204,9,0,0
BRDA:204,9,1,0
BRDA:206,10,0,0
BRDA:206,10,1,0
BRDA:211,11,0,0
BRDA:211,11,1,0
BRDA:211,11,2,0
BRDA:217,12,0,0
BRDA:217,12,1,0
BRDA:239,13,0,0
BRDA:239,13,1,0
BRF:30
BRH:0
end_of_record
TN:
SF:server\middleware\security.js
FN:36,(anonymous_0)
FN:58,(anonymous_1)
FN:93,(anonymous_2)
FN:97,(anonymous_3)
FN:106,(anonymous_4)
FN:115,(anonymous_5)
FN:138,(anonymous_6)
FN:176,(anonymous_7)
FN:199,(anonymous_8)
FNF:9
FNH:0
FNDA:0,(anonymous_0)
FNDA:0,(anonymous_1)
FNDA:0,(anonymous_2)
FNDA:0,(anonymous_3)
FNDA:0,(anonymous_4)
FNDA:0,(anonymous_5)
FNDA:0,(anonymous_6)
FNDA:0,(anonymous_7)
FNDA:0,(anonymous_8)
DA:6,0
DA:7,0
DA:8,0
DA:9,0
DA:10,0
DA:11,0
DA:16,0
DA:27,0
DA:37,0
DA:49,0
DA:59,0
DA:71,0
DA:93,0
DA:94,0
DA:96,0
DA:97,0
DA:98,0
DA:99,0
DA:105,0
DA:106,0
DA:107,0
DA:108,0
DA:114,0
DA:115,0
DA:116,0
DA:117,0
DA:122,0
DA:124,0
DA:131,0
DA:138,0
DA:139,0
DA:141,0
DA:142,0
DA:143,0
DA:144,0
DA:152,0
DA:153,0
DA:154,0
DA:160,0
DA:162,0
DA:169,0
DA:176,0
DA:177,0
DA:178,0
DA:179,0
DA:180,0
DA:185,0
DA:187,0
DA:194,0
DA:199,0
DA:201,0
DA:202,0
DA:203,0
DA:204,0
DA:206,0
DA:209,0
LF:56
LH:0
BRDA:17,0,0,0
BRDA:17,0,1,0
BRDA:96,1,0,0
BRDA:96,1,1,0
BRDA:98,2,0,0
BRDA:98,2,1,0
BRDA:105,3,0,0
BRDA:105,3,1,0
BRDA:107,4,0,0
BRDA:107,4,1,0
BRDA:114,5,0,0
BRDA:114,5,1,0
BRDA:116,6,0,0
BRDA:116,6,1,0
BRDA:141,7,0,0
BRDA:141,7,1,0
BRDA:143,8,0,0
BRDA:143,8,1,0
BRDA:143,9,0,0
BRDA:143,9,1,0
BRDA:153,10,0,0
BRDA:153,10,1,0
BRDA:153,11,0,0
BRDA:153,11,1,0
BRF:24
BRH:0
end_of_record
TN:
SF:server\middleware\session-handler.js
FN:33,(anonymous_0)
FN:54,(anonymous_1)
FN:59,(anonymous_2)
FN:81,(anonymous_3)
FN:86,(anonymous_4)
FN:109,(anonymous_5)
FN:124,(anonymous_6)
FNF:7
FNH:0
FNDA:0,(anonymous_0)
FNDA:0,(anonymous_1)
FNDA:0,(anonymous_2)
FNDA:0,(anonymous_3)
FNDA:0,(anonymous_4)
FNDA:0,(anonymous_5)
FNDA:0,(anonymous_6)
DA:6,0
DA:7,0
DA:12,0
DA:28,0
DA:33,0
DA:34,0
DA:35,0
DA:42,0
DA:48,0
DA:54,0
DA:55,0
DA:56,0
DA:59,0
DA:60,0
DA:61,0
DA:66,0
DA:69,0
DA:74,0
DA:81,0
DA:82,0
DA:83,0
DA:86,0
DA:87,0
DA:88,0
DA:93,0
DA:96,0
DA:98,0
DA:102,0
DA:109,0
DA:110,0
DA:111,0
DA:114,0
DA:115,0
DA:117,0
DA:118,0
DA:124,0
DA:125,0
DA:126,0
DA:134,0
DA:140,0
DA:143,0
LF:41
LH:0
BRDA:13,0,0,0
BRDA:13,0,1,0
BRDA:14,1,0,0
BRDA:14,1,1,0
BRDA:20,2,0,0
BRDA:20,2,1,0
BRDA:34,3,0,0
BRDA:34,3,1,0
BRDA:34,4,0,0
BRDA:34,4,1,0
BRDA:55,5,0,0
BRDA:55,5,1,0
BRDA:60,6,0,0
BRDA:60,6,1,0
BRDA:82,7,0,0
BRDA:82,7,1,0
BRDA:87,8,0,0
BRDA:87,8,1,0
BRDA:110,9,0,0
BRDA:110,9,1,0
BRDA:110,10,0,0
BRDA:110,10,1,0
BRDA:117,11,0,0
BRDA:117,11,1,0
BRDA:125,12,0,0
BRDA:125,12,1,0
BRF:26
BRH:0
end_of_record
TN:
SF:server\middleware\session.js
FN:18,(anonymous_0)
FN:44,(anonymous_1)
FN:54,(anonymous_2)
FN:93,(anonymous_3)
FN:99,(anonymous_4)
FN:127,(anonymous_5)
FN:133,(anonymous_6)
FN:163,(anonymous_7)
FN:173,(anonymous_8)
FN:187,(anonymous_9)
FN:188,(anonymous_10)
FNF:11
FNH:0
FNDA:0,(anonymous_0)
FNDA:0,(anonymous_1)
FNDA:0,(anonymous_2)
FNDA:0,(anonymous_3)
FNDA:0,(anonymous_4)
FNDA:0,(anonymous_5)
FNDA:0,(anonymous_6)
FNDA:0,(anonymous_7)
FNDA:0,(anonymous_8)
FNDA:0,(anonymous_9)
FNDA:0,(anonymous_10)
DA:6,0
DA:7,0
DA:8,0
DA:9,0
DA:14,0
DA:19,0
DA:20,0
DA:27,0
DA:44,0
DA:45,0
DA:46,0
DA:47,0
DA:54,0
DA:55,0
DA:56,0
DA:62,0
DA:68,0
DA:69,0
DA:75,0
DA:78,0
DA:83,0
DA:93,0
DA:94,0
DA:95,0
DA:96,0
DA:99,0
DA:100,0
DA:101,0
DA:106,0
DA:112,0
DA:115,0
DA:120,0
DA:127,0
DA:128,0
DA:129,0
DA:130,0
DA:133,0
DA:134,0
DA:135,0
DA:141,0
DA:147,0
DA:148,0
DA:151,0
DA:156,0
DA:163,0
DA:164,0
DA:165,0
DA:166,0
DA:169,0
DA:170,0
DA:173,0
DA:174,0
DA:175,0
DA:181,0
DA:184,0
DA:187,0
DA:188,0
DA:189,0
DA:191,0
DA:192,0
DA:193,0
DA:194,0
DA:197,0
DA:207,0
DA:208,0
DA:215,0
DA:221,0
DA:224,0
DA:229,0
DA:233,0
LF:70
LH:0
BRDA:15,0,0,0
BRDA:15,0,1,0
BRDA:16,1,0,0
BRDA:16,1,1,0
BRDA:29,2,0,0
BRDA:29,2,1,0
BRDA:46,3,0,0
BRDA:46,3,1,0
BRDA:46,4,0,0
BRDA:46,4,1,0
BRDA:55,5,0,0
BRDA:55,5,1,0
BRDA:68,6,0,0
BRDA:68,6,1,0
BRDA:95,7,0,0
BRDA:95,7,1,0
BRDA:100,8,0,0
BRDA:100,8,1,0
BRDA:129,9,0,0
BRDA:129,9,1,0
BRDA:134,10,0,0
BRDA:134,10,1,0
BRDA:165,11,0,0
BRDA:165,11,1,0
BRDA:165,12,0,0
BRDA:165,12,1,0
BRDA:174,13,0,0
BRDA:174,13,1,0
BRDA:189,14,0,0
BRDA:189,14,1,0
BRDA:193,15,0,0
BRDA:193,15,1,0
BRDA:193,16,0,0
BRDA:193,16,1,0
BRDA:207,17,0,0
BRDA:207,17,1,0
BRF:36
BRH:0
end_of_record
TN:
SF:server\middleware\swagger.js
FN:88,(anonymous_0)
FN:118,(anonymous_1)
FNF:2
FNH:0
FNDA:0,(anonymous_0)
FNDA:0,(anonymous_1)
DA:6,0
DA:7,0
DA:8,0
DA:13,0
DA:53,0
DA:58,0
DA:63,0
DA:88,0
DA:89,0
DA:90,0
DA:92,0
DA:93,0
DA:98,0
DA:104,0
DA:106,0
DA:111,0
DA:118,0
DA:119,0
DA:127,0
DA:130,0
LF:20
LH:0
BRDA:27,0,0,0
BRDA:27,0,1,0
BRDA:92,1,0,0
BRDA:92,1,1,0
BRF:4
BRH:0
end_of_record
TN:
SF:server\middleware\validator.js
FN:79,(anonymous_0)
FN:80,(anonymous_1)
FN:89,(anonymous_2)
FN:130,(anonymous_3)
FN:134,(anonymous_4)
FN:143,(anonymous_5)
FN:152,(anonymous_6)
FN:175,(anonymous_7)
FN:176,(anonymous_8)
FN:218,(anonymous_9)
FNF:10
FNH:0
FNDA:0,(anonymous_0)
FNDA:0,(anonymous_1)
FNDA:0,(anonymous_2)
FNDA:0,(anonymous_3)
FNDA:0,(anonymous_4)
FNDA:0,(anonymous_5)
FNDA:0,(anonymous_6)
FNDA:0,(anonymous_7)
FNDA:0,(anonymous_8)
FNDA:0,(anonymous_9)
DA:6,0
DA:7,0
DA:12,0
DA:79,0
DA:80,0
DA:81,0
DA:82,0
DA:88,0
DA:89,0
DA:94,0
DA:102,0
DA:109,0
DA:111,0
DA:119,0
DA:130,0
DA:131,0
DA:133,0
DA:134,0
DA:135,0
DA:136,0
DA:142,0
DA:143,0
DA:144,0
DA:145,0
DA:151,0
DA:152,0
DA:153,0
DA:154,0
DA:159,0
DA:161,0
DA:168,0
DA:175,0
DA:176,0
DA:177,0
DA:178,0
DA:179,0
DA:185,0
DA:186,0
DA:194,0
DA:200,0
DA:202,0
DA:209,0
DA:218,0
DA:220,0
DA:221,0
DA:228,0
DA:231,0
LF:47
LH:0
BRDA:79,0,0,0
BRDA:88,1,0,0
BRDA:88,1,1,0
BRDA:133,2,0,0
BRDA:133,2,1,0
BRDA:135,3,0,0
BRDA:135,3,1,0
BRDA:142,4,0,0
BRDA:142,4,1,0
BRDA:144,5,0,0
BRDA:144,5,1,0
BRDA:151,6,0,0
BRDA:151,6,1,0
BRDA:153,7,0,0
BRDA:153,7,1,0
BRDA:178,8,0,0
BRDA:178,8,1,0
BRDA:185,9,0,0
BRDA:185,9,1,0
BRDA:220,10,0,0
BRDA:220,10,1,0
BRDA:220,11,0,0
BRDA:220,11,1,0
BRF:23
BRH:0
end_of_record
TN:
SF:server\middleware\auth\index.js
FN:10,(anonymous_0)
FN:47,(anonymous_1)
FN:48,(anonymous_2)
FNF:3
FNH:0
FNDA:0,(anonymous_0)
FNDA:0,(anonymous_1)
FNDA:0,(anonymous_2)
DA:6,0
DA:7,0
DA:10,0
DA:12,0
DA:13,0
DA:15,0
DA:16,0
DA:22,0
DA:24,0
DA:27,0
DA:29,0
DA:32,0
DA:39,0
DA:47,0
DA:48,0
DA:50,0
DA:51,0
DA:58,0
DA:60,0
DA:68,0
DA:74,0
DA:79,0
LF:22
LH:0
BRDA:13,0,0,0
BRDA:13,0,1,0
BRDA:15,1,0,0
BRDA:15,1,1,0
BRDA:50,2,0,0
BRDA:50,2,1,0
BRDA:58,3,0,0
BRDA:58,3,1,0
BRF:8
BRH:0
end_of_record
TN:
SF:server\middleware\file-handler\index.js
FN:18,(anonymous_0)
FN:48,(anonymous_1)
FN:60,(anonymous_2)
FN:76,(anonymous_3)
FN:103,(anonymous_4)
FN:141,(anonymous_5)
FN:145,(anonymous_6)
FNF:7
FNH:0
FNDA:0,(anonymous_0)
FNDA:0,(anonymous_1)
FNDA:0,(anonymous_2)
FNDA:0,(anonymous_3)
FNDA:0,(anonymous_4)
FNDA:0,(anonymous_5)
FNDA:0,(anonymous_6)
DA:7,0
DA:8,0
DA:9,0
DA:10,0
DA:11,0
DA:14,0
DA:15,0
DA:18,0
DA:19,0
DA:20,0
DA:21,0
DA:26,0
DA:27,0
DA:30,0
DA:42,0
DA:47,0
DA:50,0
DA:53,0
DA:54,0
DA:55,0
DA:58,0
DA:62,0
DA:63,0
DA:66,0
DA:69,0
DA:71,0
DA:76,0
DA:78,0
DA:79,0
DA:83,0
DA:84,0
DA:85,0
DA:89,0
DA:93,0
DA:103,0
DA:104,0
DA:106,0
DA:107,0
DA:113,0
DA:114,0
DA:120,0
DA:126,0
DA:128,0
DA:130,0
DA:137,0
DA:141,0
DA:143,0
DA:145,0
DA:146,0
DA:147,0
DA:149,0
DA:155,0
DA:158,0
LF:53
LH:0
BRDA:19,0,0,0
BRDA:19,0,1,0
BRDA:54,1,0,0
BRDA:54,1,1,0
BRDA:78,2,0,0
BRDA:78,2,1,0
BRDA:84,3,0,0
BRDA:84,3,1,0
BRDA:104,4,0,0
BRDA:104,4,1,0
BRDA:106,5,0,0
BRDA:106,5,1,0
BRDA:113,6,0,0
BRDA:113,6,1,0
BRDA:126,7,0,0
BRDA:126,7,1,0
BRDA:132,8,0,0
BRDA:132,8,1,0
BRDA:143,9,0,0
BRDA:143,9,1,0
BRDA:143,10,0,0
BRDA:143,10,1,0
BRDA:146,11,0,0
BRDA:146,11,1,0
BRF:24
BRH:0
end_of_record
TN:
SF:server\middleware\security\csrf.middleware.js
FN:12,(anonymous_0)
FN:62,(anonymous_1)
FN:75,(anonymous_2)
FNF:3
FNH:0
FNDA:0,(anonymous_0)
FNDA:0,(anonymous_1)
FNDA:0,(anonymous_2)
DA:6,0
DA:7,0
DA:12,0
DA:14,0
DA:15,0
DA:19,0
DA:22,0
DA:24,0
DA:25,0
DA:31,0
DA:39,0
DA:41,0
DA:42,0
DA:48,0
DA:54,0
DA:62,0
DA:64,0
DA:65,0
DA:66,0
DA:75,0
DA:78,0
DA:81,0
LF:22
LH:0
BRDA:14,0,0,0
BRDA:14,0,1,0
BRDA:24,1,0,0
BRDA:24,1,1,0
BRDA:41,2,0,0
BRDA:41,2,1,0
BRDA:78,3,0,0
BRDA:78,3,1,0
BRF:8
BRH:0
end_of_record
TN:
SF:server\middleware\security\index.js
FN:15,(anonymous_0)
FN:34,(anonymous_1)
FN:53,(anonymous_2)
FNF:3
FNH:0
FNDA:0,(anonymous_0)
FNDA:0,(anonymous_1)
FNDA:0,(anonymous_2)
DA:6,0
DA:7,0
DA:10,0
DA:16,0
DA:21,0
DA:29,0
DA:35,0
DA:40,0
DA:48,0
DA:54,0
DA:59,0
DA:67,0
DA:73,0
LF:13
LH:0
BRF:0
BRH:0
end_of_record
TN:
SF:server\middleware\validation\auth.validator.js
FNF:0
FNH:0
DA:6,0
DA:9,0
DA:20,0
LF:3
LH:0
BRF:0
BRH:0
end_of_record
TN:
SF:server\middleware\validation\document.validator.js
FNF:0
FNH:0
DA:7,0
DA:12,0
DA:61,0
DA:97,0
DA:116,0
DA:136,0
LF:6
LH:0
BRF:0
BRH:0
end_of_record
TN:
SF:server\middleware\validation\index.js
FN:13,(anonymous_0)
FN:14,(anonymous_1)
FNF:2
FNH:0
FNDA:0,(anonymous_0)
FNDA:0,(anonymous_1)
DA:6,0
DA:13,0
DA:14,0
DA:16,0
DA:17,0
DA:21,0
DA:22,0
DA:23,0
DA:27,0
DA:35,0
LF:10
LH:0
BRDA:22,0,0,0
BRDA:22,0,1,0
BRF:2
BRH:0
end_of_record
TN:
SF:server\models\base.model.js
FN:15,(anonymous_0)
FN:33,(anonymous_1)
FN:58,(anonymous_2)
FN:75,(anonymous_3)
FN:105,(anonymous_4)
FN:122,(anonymous_5)
FN:143,(anonymous_6)
FN:144,(anonymous_7)
FN:175,(anonymous_8)
FN:200,(anonymous_9)
FN:203,(anonymous_10)
FN:233,(anonymous_11)
FN:267,(anonymous_12)
FN:277,(anonymous_13)
FN:311,(anonymous_14)
FN:316,(anonymous_15)
FN:329,(anonymous_16)
FN:334,(anonymous_17)
FN:347,(anonymous_18)
FN:352,(anonymous_19)
FN:367,(anonymous_20)
FN:368,(anonymous_21)
FN:387,(anonymous_22)
FN:388,(anonymous_23)
FNF:24
FNH:0
FNDA:0,(anonymous_0)
FNDA:0,(anonymous_1)
FNDA:0,(anonymous_2)
FNDA:0,(anonymous_3)
FNDA:0,(anonymous_4)
FNDA:0,(anonymous_5)
FNDA:0,(anonymous_6)
FNDA:0,(anonymous_7)
FNDA:0,(anonymous_8)
FNDA:0,(anonymous_9)
FNDA:0,(anonymous_10)
FNDA:0,(anonymous_11)
FNDA:0,(anonymous_12)
FNDA:0,(anonymous_13)
FNDA:0,(anonymous_14)
FNDA:0,(anonymous_15)
FNDA:0,(anonymous_16)
FNDA:0,(anonymous_17)
FNDA:0,(anonymous_18)
FNDA:0,(anonymous_19)
FNDA:0,(anonymous_20)
FNDA:0,(anonymous_21)
FNDA:0,(anonymous_22)
FNDA:0,(anonymous_23)
DA:7,0
DA:8,0
DA:16,0
DA:17,0
DA:18,0
DA:19,0
DA:20,0
DA:21,0
DA:22,0
DA:23,0
DA:24,0
DA:34,0
DA:35,0
DA:37,0
DA:40,0
DA:41,0
DA:44,0
DA:45,0
DA:47,0
DA:48,0
DA:59,0
DA:60,0
DA:61,0
DA:62,0
DA:63,0
DA:64,0
DA:67,0
DA:68,0
DA:71,0
DA:72,0
DA:75,0
DA:76,0
DA:77,0
DA:78,0
DA:83,0
DA:84,0
DA:87,0
DA:88,0
DA:93,0
DA:96,0
DA:97,0
DA:99,0
DA:100,0
DA:104,0
DA:105,0
DA:107,0
DA:112,0
DA:123,0
DA:125,0
DA:128,0
DA:129,0
DA:133,0
DA:139,0
DA:142,0
DA:143,0
DA:144,0
DA:146,0
DA:151,0
DA:154,0
DA:155,0
DA:158,0
DA:160,0
DA:164,0
DA:176,0
DA:178,0
DA:179,0
DA:180,0
DA:181,0
DA:182,0
DA:186,0
DA:187,0
DA:191,0
DA:194,0
DA:195,0
DA:199,0
DA:200,0
DA:202,0
DA:203,0
DA:207,0
DA:213,0
DA:216,0
DA:218,0
DA:223,0
DA:234,0
DA:236,0
DA:237,0
DA:238,0
DA:239,0
DA:240,0
DA:244,0
DA:247,0
DA:248,0
DA:250,0
DA:253,0
DA:254,0
DA:256,0
DA:257,0
DA:268,0
DA:269,0
DA:270,0
DA:273,0
DA:274,0
DA:277,0
DA:278,0
DA:279,0
DA:280,0
DA:285,0
DA:286,0
DA:289,0
DA:290,0
DA:294,0
DA:295,0
DA:297,0
DA:301,0
DA:313,0
DA:316,0
DA:317,0
DA:320,0
DA:331,0
DA:334,0
DA:335,0
DA:338,0
DA:349,0
DA:352,0
DA:353,0
DA:354,0
DA:358,0
DA:368,0
DA:369,0
DA:372,0
DA:373,0
DA:374,0
DA:375,0
DA:388,0
DA:390,0
DA:391,0
DA:397,0
DA:398,0
DA:399,0
DA:402,0
DA:404,0
DA:405,0
DA:406,0
DA:407,0
DA:413,0
LF:145
LH:0
BRDA:15,0,0,0
BRDA:17,1,0,0
BRDA:17,1,1,0
BRDA:18,2,0,0
BRDA:18,2,1,0
BRDA:20,3,0,0
BRDA:20,3,1,0
BRDA:21,4,0,0
BRDA:21,4,1,0
BRDA:22,5,0,0
BRDA:22,5,1,0
BRDA:23,6,0,0
BRDA:23,6,1,0
BRDA:24,7,0,0
BRDA:24,7,1,0
BRDA:33,8,0,0
BRDA:35,9,0,0
BRDA:35,9,1,0
BRDA:40,10,0,0
BRDA:40,10,1,0
BRDA:40,11,0,0
BRDA:40,11,1,0
BRDA:45,12,0,0
BRDA:45,12,1,0
BRDA:58,13,0,0
BRDA:58,14,0,0
BRDA:60,15,0,0
BRDA:60,15,1,0
BRDA:61,16,0,0
BRDA:61,16,1,0
BRDA:62,17,0,0
BRDA:62,17,1,0
BRDA:63,18,0,0
BRDA:63,18,1,0
BRDA:64,19,0,0
BRDA:64,19,1,0
BRDA:71,20,0,0
BRDA:71,20,1,0
BRDA:71,21,0,0
BRDA:71,21,1,0
BRDA:71,21,2,0
BRDA:76,22,0,0
BRDA:76,22,1,0
BRDA:83,23,0,0
BRDA:83,23,1,0
BRDA:83,24,0,0
BRDA:83,24,1,0
BRDA:87,25,0,0
BRDA:87,25,1,0
BRDA:96,26,0,0
BRDA:96,26,1,0
BRDA:99,27,0,0
BRDA:99,27,1,0
BRDA:122,28,0,0
BRDA:128,29,0,0
BRDA:128,29,1,0
BRDA:154,30,0,0
BRDA:154,30,1,0
BRDA:175,31,0,0
BRDA:179,32,0,0
BRDA:179,32,1,0
BRDA:186,33,0,0
BRDA:186,33,1,0
BRDA:194,34,0,0
BRDA:194,34,1,0
BRDA:233,35,0,0
BRDA:237,36,0,0
BRDA:237,36,1,0
BRDA:247,37,0,0
BRDA:247,37,1,0
BRDA:267,38,0,0
BRDA:267,39,0,0
BRDA:273,40,0,0
BRDA:273,40,1,0
BRDA:273,41,0,0
BRDA:273,41,1,0
BRDA:273,41,2,0
BRDA:278,42,0,0
BRDA:278,42,1,0
BRDA:285,43,0,0
BRDA:285,43,1,0
BRDA:285,44,0,0
BRDA:285,44,1,0
BRDA:289,45,0,0
BRDA:289,45,1,0
BRDA:353,46,0,0
BRDA:353,46,1,0
BRDA:369,47,0,0
BRDA:369,47,1,0
BRDA:369,47,2,0
BRDA:372,48,0,0
BRDA:372,48,1,0
BRDA:387,49,0,0
BRDA:394,50,0,0
BRDA:394,50,1,0
BRDA:398,51,0,0
BRDA:398,51,1,0
BRDA:404,52,0,0
BRDA:404,52,1,0
BRF:99
BRH:0
end_of_record
TN:
SF:server\routes\area.routes.js
FNF:0
FNH:0
DA:7,0
DA:8,0
DA:11,0
DA:14,0
DA:21,0
DA:31,0
DA:41,0
DA:51,0
DA:61,0
DA:71,0
DA:81,0
DA:91,0
DA:101,0
DA:107,0
LF:14
LH:0
BRF:0
BRH:0
end_of_record
TN:
SF:server\routes\auth.routes.js
FNF:0
FNH:0
DA:7,0
DA:8,0
DA:11,0
DA:14,0
DA:15,0
DA:16,0
DA:21,0
DA:70,0
DA:96,0
DA:155,0
DA:209,0
DA:211,0
LF:12
LH:0
BRF:0
BRH:0
end_of_record
TN:
SF:server\routes\dashboard.routes.js
FN:11,(anonymous_0)
FN:14,(anonymous_1)
FN:17,(anonymous_2)
FN:20,(anonymous_3)
FN:23,(anonymous_4)
FNF:5
FNH:0
FNDA:0,(anonymous_0)
FNDA:0,(anonymous_1)
FNDA:0,(anonymous_2)
FNDA:0,(anonymous_3)
FNDA:0,(anonymous_4)
DA:6,0
DA:7,0
DA:10,0
DA:12,0
DA:15,0
DA:18,0
DA:21,0
DA:24,0
DA:29,0
DA:36,0
DA:47,0
DA:58,0
DA:69,0
DA:80,0
DA:86,0
LF:15
LH:0
BRF:0
BRH:0
end_of_record
TN:
SF:server\routes\document.routes.js
FNF:0
FNH:0
DA:7,0
DA:8,0
DA:11,0
DA:14,0
DA:15,0
DA:16,0
DA:24,0
DA:84,0
DA:121,0
DA:165,0
DA:208,0
DA:248,0
DA:287,0
DA:330,0
DA:356,0
DA:391,0
DA:428,0
DA:433,0
LF:18
LH:0
BRF:0
BRH:0
end_of_record
TN:
SF:server\routes\index.js
FN:28,(anonymous_0)
FN:35,(anonymous_1)
FN:67,(anonymous_2)
FNF:3
FNH:0
FNDA:0,(anonymous_0)
FNDA:0,(anonymous_1)
FNDA:0,(anonymous_2)
DA:7,0
DA:8,0
DA:11,0
DA:12,0
DA:13,0
DA:14,0
DA:15,0
DA:16,0
DA:17,0
DA:18,0
DA:19,0
DA:20,0
DA:23,0
DA:24,0
DA:25,0
DA:28,0
DA:30,0
DA:31,0
DA:35,0
DA:36,0
DA:45,0
DA:46,0
DA:47,0
DA:48,0
DA:49,0
DA:50,0
DA:51,0
DA:52,0
DA:53,0
DA:54,0
DA:57,0
DA:58,0
DA:59,0
DA:60,0
DA:61,0
DA:62,0
DA:63,0
DA:64,0
DA:67,0
DA:69,0
DA:70,0
DA:78,0
DA:85,0
LF:43
LH:0
BRDA:30,0,0,0
BRDA:30,0,1,0
BRDA:40,1,0,0
BRDA:40,1,1,0
BRDA:69,2,0,0
BRDA:69,2,1,0
BRDA:74,3,0,0
BRDA:74,3,1,0
BRF:8
BRH:0
end_of_record
TN:
SF:server\routes\logs.routes.js
FNF:0
FNH:0
DA:6,0
DA:7,0
DA:8,0
DA:9,0
DA:12,0
DA:15,0
DA:18,0
DA:21,0
DA:24,0
DA:27,0
DA:30,0
DA:32,0
LF:12
LH:0
BRF:0
BRH:0
end_of_record
TN:
SF:server\routes\mesaPartes.routes.js
FNF:0
FNH:0
DA:7,0
DA:8,0
DA:11,0
DA:14,0
DA:21,0
DA:31,0
DA:41,0
DA:51,0
DA:61,0
DA:71,0
DA:81,0
DA:86,0
LF:12
LH:0
BRF:0
BRH:0
end_of_record
TN:
SF:server\routes\notification.routes.js
FNF:0
FNH:0
DA:7,0
DA:8,0
DA:11,0
DA:14,0
DA:21,0
DA:31,0
DA:41,0
DA:51,0
DA:61,0
DA:71,0
DA:81,0
DA:86,0
LF:12
LH:0
BRF:0
BRH:0
end_of_record
TN:
SF:server\routes\role.routes.js
FNF:0
FNH:0
DA:7,0
DA:8,0
DA:11,0
DA:14,0
DA:21,0
DA:31,0
DA:41,0
DA:51,0
DA:61,0
DA:71,0
DA:81,0
DA:86,0
LF:12
LH:0
BRF:0
BRH:0
end_of_record
TN:
SF:server\routes\security.routes.js
FNF:0
FNH:0
DA:7,0
DA:8,0
DA:11,0
DA:14,0
DA:21,0
DA:31,0
DA:41,0
DA:51,0
DA:61,0
DA:71,0
DA:81,0
DA:86,0
LF:12
LH:0
BRF:0
BRH:0
end_of_record
TN:
SF:server\routes\user.routes.js
FNF:0
FNH:0
DA:7,0
DA:8,0
DA:11,0
DA:14,0
DA:21,0
DA:31,0
DA:41,0
DA:51,0
DA:61,0
DA:66,0
LF:10
LH:0
BRF:0
BRH:0
end_of_record
TN:
SF:server\scripts\check-database.js
FN:14,executeQuery
FN:30,checkDatabase
FN:49,(anonymous_2)
FN:57,(anonymous_3)
FN:65,(anonymous_4)
FN:78,(anonymous_5)
FNF:6
FNH:0
FNDA:0,executeQuery
FNDA:0,checkDatabase
FNDA:0,(anonymous_2)
FNDA:0,(anonymous_3)
FNDA:0,(anonymous_4)
FNDA:0,(anonymous_5)
DA:6,0
DA:7,0
DA:8,0
DA:11,0
DA:15,0
DA:22,0
DA:23,0
DA:24,0
DA:26,0
DA:31,0
DA:33,0
DA:35,0
DA:36,0
DA:40,0
DA:41,0
DA:42,0
DA:46,0
DA:47,0
DA:48,0
DA:49,0
DA:50,0
DA:54,0
DA:55,0
DA:56,0
DA:57,0
DA:58,0
DA:62,0
DA:63,0
DA:64,0
DA:65,0
DA:66,0
DA:70,0
DA:71,0
DA:77,0
DA:78,0
DA:79,0
DA:83,0
DA:85,0
DA:90,0
LF:39
LH:0
BRDA:14,0,0,0
BRDA:40,1,0,0
BRDA:40,1,1,0
BRDA:41,2,0,0
BRDA:41,2,1,0
BRDA:79,3,0,0
BRDA:79,3,1,0
BRDA:79,4,0,0
BRDA:79,4,1,0
BRDA:79,5,0,0
BRDA:79,5,1,0
BRF:11
BRH:0
end_of_record
TN:
SF:server\scripts\check-tables.js
FN:13,executeQuery
FN:29,checkTables
FN:44,(anonymous_2)
FNF:3
FNH:0
FNDA:0,executeQuery
FNDA:0,checkTables
FNDA:0,(anonymous_2)
DA:5,0
DA:6,0
DA:7,0
DA:10,0
DA:14,0
DA:21,0
DA:22,0
DA:23,0
DA:25,0
DA:30,0
DA:32,0
DA:34,0
DA:36,0
DA:37,0
DA:38,0
DA:40,0
DA:43,0
DA:44,0
DA:45,0
DA:50,0
DA:52,0
DA:57,0
LF:22
LH:0
BRDA:13,0,0,0
BRDA:45,1,0,0
BRDA:45,1,1,0
BRDA:45,2,0,0
BRDA:45,2,1,0
BRDA:45,3,0,0
BRDA:45,3,1,0
BRF:7
BRH:0
end_of_record
TN:
SF:server\scripts\check-usuario.js
FN:13,executeQuery
FN:29,checkUsuarioTable
FN:46,(anonymous_2)
FN:58,(anonymous_3)
FN:60,(anonymous_4)
FNF:5
FNH:0
FNDA:0,executeQuery
FNDA:0,checkUsuarioTable
FNDA:0,(anonymous_2)
FNDA:0,(anonymous_3)
FNDA:0,(anonymous_4)
DA:5,0
DA:6,0
DA:7,0
DA:10,0
DA:14,0
DA:21,0
DA:22,0
DA:23,0
DA:25,0
DA:30,0
DA:32,0
DA:34,0
DA:36,0
DA:37,0
DA:38,0
DA:42,0
DA:43,0
DA:45,0
DA:46,0
DA:47,0
DA:51,0
DA:52,0
DA:54,0
DA:55,0
DA:57,0
DA:58,0
DA:59,0
DA:60,0
DA:62,0
DA:63,0
DA:65,0
DA:72,0
DA:74,0
DA:79,0
LF:34
LH:0
BRDA:13,0,0,0
BRDA:36,1,0,0
BRDA:36,1,1,0
BRDA:47,2,0,0
BRDA:47,2,1,0
BRDA:47,3,0,0
BRDA:47,3,1,0
BRDA:47,4,0,0
BRDA:47,4,1,0
BRDA:54,5,0,0
BRDA:54,5,1,0
BRDA:62,6,0,0
BRDA:62,6,1,0
BRF:13
BRH:0
end_of_record
TN:
SF:server\scripts\crear-admin.js
FN:41,(anonymous_0)
FN:51,main
FN:127,crearRolAdministrador
FN:144,(anonymous_3)
FN:163,crearAreaAdministrativa
FN:180,(anonymous_5)
FN:199,(anonymous_6)
FNF:7
FNH:0
FNDA:0,(anonymous_0)
FNDA:0,main
FNDA:0,crearRolAdministrador
FNDA:0,(anonymous_3)
FNDA:0,crearAreaAdministrativa
FNDA:0,(anonymous_5)
FNDA:0,(anonymous_6)
DA:7,0
DA:8,0
DA:19,0
DA:22,0
DA:25,0
DA:41,0
DA:52,0
DA:53,0
DA:56,0
DA:58,0
DA:60,0
DA:61,0
DA:64,0
DA:65,0
DA:68,0
DA:71,0
DA:78,0
DA:79,0
DA:80,0
DA:83,0
DA:86,0
DA:103,0
DA:104,0
DA:107,0
DA:108,0
DA:109,0
DA:110,0
DA:111,0
DA:112,0
DA:115,0
DA:118,0
DA:119,0
DA:128,0
DA:129,0
DA:132,0
DA:137,0
DA:138,0
DA:139,0
DA:143,0
DA:144,0
DA:146,0
DA:151,0
DA:152,0
DA:154,0
DA:155,0
DA:164,0
DA:165,0
DA:168,0
DA:173,0
DA:174,0
DA:175,0
DA:179,0
DA:180,0
DA:182,0
DA:189,0
DA:190,0
DA:192,0
DA:193,0
DA:198,0
DA:199,0
DA:200,0
DA:201,0
DA:206,0
LF:63
LH:0
BRDA:78,0,0,0
BRDA:78,0,1,0
BRDA:137,1,0,0
BRDA:137,1,1,0
BRDA:173,2,0,0
BRDA:173,2,1,0
BRDA:198,3,0,0
BRDA:198,3,1,0
BRF:8
BRH:0
end_of_record
TN:
SF:server\scripts\init-database.js
FN:36,(anonymous_0)
FN:45,(anonymous_1)
FN:55,initializeAreas
FN:88,initializeRoles
FN:124,initializeMesaPartes
FN:151,createDefaultAdmin
FN:205,initializeSecurity
FN:262,initializeDatabase
FN:296,(anonymous_8)
FN:300,(anonymous_9)
FNF:10
FNH:0
FNDA:0,(anonymous_0)
FNDA:0,(anonymous_1)
FNDA:0,initializeAreas
FNDA:0,initializeRoles
FNDA:0,initializeMesaPartes
FNDA:0,createDefaultAdmin
FNDA:0,initializeSecurity
FNDA:0,initializeDatabase
FNDA:0,(anonymous_8)
FNDA:0,(anonymous_9)
DA:7,0
DA:8,0
DA:9,0
DA:21,0
DA:24,0
DA:27,0
DA:36,0
DA:45,0
DA:56,0
DA:57,0
DA:59,0
DA:61,0
DA:62,0
DA:67,0
DA:68,0
DA:74,0
DA:76,0
DA:80,0
DA:81,0
DA:89,0
DA:90,0
DA:92,0
DA:94,0
DA:95,0
DA:100,0
DA:101,0
DA:105,0
DA:108,0
DA:112,0
DA:116,0
DA:117,0
DA:125,0
DA:126,0
DA:128,0
DA:133,0
DA:134,0
DA:138,0
DA:140,0
DA:143,0
DA:144,0
DA:152,0
DA:153,0
DA:156,0
DA:161,0
DA:162,0
DA:163,0
DA:167,0
DA:168,0
DA:171,0
DA:174,0
DA:190,0
DA:191,0
DA:192,0
DA:193,0
DA:195,0
DA:197,0
DA:198,0
DA:206,0
DA:207,0
DA:210,0
DA:212,0
DA:213,0
DA:218,0
DA:219,0
DA:223,0
DA:228,0
DA:233,0
DA:234,0
DA:236,0
DA:238,0
DA:243,0
DA:244,0
DA:251,0
DA:254,0
DA:255,0
DA:263,0
DA:264,0
DA:268,0
DA:269,0
DA:271,0
DA:274,0
DA:275,0
DA:276,0
DA:277,0
DA:278,0
DA:280,0
DA:281,0
DA:284,0
DA:285,0
DA:288,0
DA:289,0
DA:294,0
DA:295,0
DA:297,0
DA:298,0
DA:301,0
DA:302,0
DA:306,0
LF:98
LH:0
BRDA:36,0,0,0
BRDA:36,0,1,0
BRDA:45,1,0,0
BRDA:45,1,1,0
BRDA:67,2,0,0
BRDA:67,2,1,0
BRDA:100,3,0,0
BRDA:100,3,1,0
BRDA:133,4,0,0
BRDA:133,4,1,0
BRDA:161,5,0,0
BRDA:161,5,1,0
BRDA:218,6,0,0
BRDA:218,6,1,0
BRDA:233,7,0,0
BRDA:233,7,1,0
BRDA:243,8,0,0
BRDA:243,8,1,0
BRDA:294,9,0,0
BRDA:294,9,1,0
BRF:20
BRH:0
end_of_record
TN:
SF:server\scripts\limpiar-db.js
FN:14,executeQuery
FN:34,eliminarTriggers
FN:63,limpiarRolLog
FN:100,limpiarBaseDatos
FN:132,(anonymous_4)
FN:141,(anonymous_5)
FNF:6
FNH:0
FNDA:0,executeQuery
FNDA:0,eliminarTriggers
FNDA:0,limpiarRolLog
FNDA:0,limpiarBaseDatos
FNDA:0,(anonymous_4)
FNDA:0,(anonymous_5)
DA:7,0
DA:8,0
DA:9,0
DA:12,0
DA:15,0
DA:23,0
DA:24,0
DA:25,0
DA:27,0
DA:35,0
DA:36,0
DA:38,0
DA:45,0
DA:47,0
DA:48,0
DA:49,0
DA:52,0
DA:53,0
DA:55,0
DA:56,0
DA:64,0
DA:65,0
DA:68,0
DA:69,0
DA:70,0
DA:75,0
DA:80,0
DA:85,0
DA:87,0
DA:90,0
DA:92,0
DA:93,0
DA:101,0
DA:103,0
DA:105,0
DA:106,0
DA:108,0
DA:110,0
DA:113,0
DA:115,0
DA:116,0
DA:119,0
DA:120,0
DA:123,0
DA:124,0
DA:125,0
DA:130,0
DA:131,0
DA:133,0
DA:134,0
DA:135,0
DA:137,0
DA:138,0
DA:142,0
DA:143,0
LF:55
LH:0
BRDA:14,0,0,0
BRDA:130,1,0,0
BRDA:130,1,1,0
BRDA:133,2,0,0
BRDA:133,2,1,0
BRF:5
BRH:0
end_of_record
TN:
SF:server\scripts\run-entity-tests.js
FN:22,getEntityTests
FN:30,(anonymous_1)
FN:31,(anonymous_2)
FN:35,runTests
FN:46,(anonymous_4)
FN:63,(anonymous_5)
FNF:6
FNH:0
FNDA:0,getEntityTests
FNDA:0,(anonymous_1)
FNDA:0,(anonymous_2)
FNDA:0,runTests
FNDA:0,(anonymous_4)
FNDA:0,(anonymous_5)
DA:9,0
DA:11,0
DA:12,0
DA:13,0
DA:16,0
DA:19,0
DA:23,0
DA:24,0
DA:25,0
DA:29,0
DA:30,0
DA:31,0
DA:36,0
DA:38,0
DA:40,0
DA:41,0
DA:43,0
DA:44,0
DA:45,0
DA:46,0
DA:47,0
DA:50,0
DA:51,0
DA:53,0
DA:54,0
DA:56,0
DA:57,0
DA:61,0
DA:62,0
DA:63,0
DA:64,0
DA:66,0
DA:67,0
DA:69,0
DA:70,0
DA:76,0
DA:77,0
DA:81,0
LF:38
LH:0
BRDA:23,0,0,0
BRDA:23,0,1,0
BRDA:38,1,0,0
BRDA:38,1,1,0
BRDA:43,2,0,0
BRDA:43,2,1,0
BRDA:76,3,0,0
BRDA:76,3,1,0
BRF:8
BRH:0
end_of_record
TN:
SF:server\scripts\run-sql-file.js
FN:35,showHelp
FN:72,splitSqlQueries
FN:81,(anonymous_2)
FN:88,(anonymous_3)
FN:100,executeBatch
FN:139,runSqlFile
FN:210,(anonymous_6)
FN:219,(anonymous_7)
FNF:8
FNH:0
FNDA:0,showHelp
FNDA:0,splitSqlQueries
FNDA:0,(anonymous_2)
FNDA:0,(anonymous_3)
FNDA:0,executeBatch
FNDA:0,runSqlFile
FNDA:0,(anonymous_6)
FNDA:0,(anonymous_7)
DA:8,0
DA:11,0
DA:12,0
DA:13,0
DA:14,0
DA:17,0
DA:18,0
DA:19,0
DA:22,0
DA:23,0
DA:24,0
DA:25,0
DA:26,0
DA:27,0
DA:28,0
DA:29,0
DA:30,0
DA:36,0
DA:52,0
DA:53,0
DA:54,0
DA:55,0
DA:59,0
DA:62,0
DA:63,0
DA:64,0
DA:74,0
DA:78,0
DA:81,0
DA:82,0
DA:84,0
DA:88,0
DA:90,0
DA:101,0
DA:103,0
DA:104,0
DA:106,0
DA:107,0
DA:108,0
DA:111,0
DA:112,0
DA:114,0
DA:115,0
DA:116,0
DA:119,0
DA:120,0
DA:123,0
DA:124,0
DA:125,0
DA:126,0
DA:128,0
DA:129,0
DA:135,0
DA:140,0
DA:144,0
DA:146,0
DA:148,0
DA:149,0
DA:154,0
DA:164,0
DA:165,0
DA:168,0
DA:169,0
DA:172,0
DA:174,0
DA:175,0
DA:176,0
DA:180,0
DA:182,0
DA:183,0
DA:187,0
DA:189,0
DA:190,0
DA:192,0
DA:194,0
DA:195,0
DA:196,0
DA:197,0
DA:199,0
DA:200,0
DA:201,0
DA:202,0
DA:209,0
DA:211,0
DA:212,0
DA:213,0
DA:214,0
DA:216,0
DA:220,0
DA:221,0
LF:90
LH:0
BRDA:23,0,0,0
BRDA:23,0,1,0
BRDA:23,1,0,0
BRDA:23,1,1,0
BRDA:26,2,0,0
BRDA:26,2,1,0
BRDA:26,3,0,0
BRDA:26,3,1,0
BRDA:28,4,0,0
BRDA:28,4,1,0
BRDA:28,5,0,0
BRDA:28,5,1,0
BRDA:52,6,0,0
BRDA:52,6,1,0
BRDA:62,7,0,0
BRDA:62,7,1,0
BRDA:107,8,0,0
BRDA:107,8,1,0
BRDA:116,9,0,0
BRDA:116,9,1,0
BRDA:119,10,0,0
BRDA:119,10,1,0
BRDA:119,11,0,0
BRDA:119,11,1,0
BRDA:148,12,0,0
BRDA:148,12,1,0
BRDA:164,13,0,0
BRDA:164,13,1,0
BRDA:168,14,0,0
BRDA:168,14,1,0
BRDA:174,15,0,0
BRDA:174,15,1,0
BRDA:182,16,0,0
BRDA:182,16,1,0
BRDA:199,17,0,0
BRDA:199,17,1,0
BRDA:201,18,0,0
BRDA:201,18,1,0
BRDA:211,19,0,0
BRDA:211,19,1,0
BRF:40
BRH:0
end_of_record
TN:
SF:server\scripts\run-tests.js
FN:44,showHelp
FN:120,(anonymous_1)
FN:126,(anonymous_2)
FNF:3
FNH:0
FNDA:0,showHelp
FNDA:0,(anonymous_1)
FNDA:0,(anonymous_2)
DA:6,0
DA:7,0
DA:10,0
DA:11,0
DA:12,0
DA:13,0
DA:14,0
DA:17,0
DA:18,0
DA:21,0
DA:22,0
DA:25,0
DA:26,0
DA:29,0
DA:30,0
DA:33,0
DA:34,0
DA:37,0
DA:38,0
DA:39,0
DA:45,0
DA:64,0
DA:65,0
DA:68,0
DA:69,0
DA:77,0
DA:79,0
DA:80,0
DA:82,0
DA:83,0
DA:88,0
DA:89,0
DA:93,0
DA:94,0
DA:98,0
DA:99,0
DA:103,0
DA:106,0
DA:112,0
DA:113,0
DA:120,0
DA:121,0
DA:122,0
DA:126,0
DA:127,0
DA:128,0
LF:46
LH:0
BRDA:18,0,0,0
BRDA:18,0,1,0
BRDA:18,0,2,0
BRDA:18,0,3,0
BRDA:18,0,4,0
BRDA:18,0,5,0
BRDA:18,0,6,0
BRDA:18,0,7,0
BRDA:18,0,8,0
BRDA:18,0,9,0
BRDA:21,1,0,0
BRDA:21,1,1,0
BRDA:25,2,0,0
BRDA:25,2,1,0
BRDA:68,3,0,0
BRDA:68,3,1,0
BRDA:79,4,0,0
BRDA:79,4,1,0
BRDA:88,5,0,0
BRDA:88,5,1,0
BRDA:93,6,0,0
BRDA:93,6,1,0
BRDA:98,7,0,0
BRDA:98,7,1,0
BRF:24
BRH:0
end_of_record
TN:
SF:server\scripts\setup-system.js
FN:30,(anonymous_0)
FN:48,checkEnvironment
FN:54,(anonymous_2)
FN:68,testDatabaseConnection
FN:83,checkDatabaseSchema
FN:96,(anonymous_5)
FN:99,(anonymous_6)
FN:100,(anonymous_7)
FN:119,checkAdminUser
FN:142,setupSystem
FN:188,(anonymous_10)
FN:209,(anonymous_11)
FNF:12
FNH:0
FNDA:0,(anonymous_0)
FNDA:0,checkEnvironment
FNDA:0,(anonymous_2)
FNDA:0,testDatabaseConnection
FNDA:0,checkDatabaseSchema
FNDA:0,(anonymous_5)
FNDA:0,(anonymous_6)
FNDA:0,(anonymous_7)
FNDA:0,checkAdminUser
FNDA:0,setupSystem
FNDA:0,(anonymous_10)
FNDA:0,(anonymous_11)
DA:7,0
DA:8,0
DA:14,0
DA:15,0
DA:18,0
DA:21,0
DA:30,0
DA:49,0
DA:54,0
DA:56,0
DA:57,0
DA:60,0
DA:61,0
DA:69,0
DA:70,0
DA:71,0
DA:72,0
DA:74,0
DA:75,0
DA:84,0
DA:90,0
DA:92,0
DA:96,0
DA:99,0
DA:100,0
DA:102,0
DA:103,0
DA:104,0
DA:107,0
DA:108,0
DA:110,0
DA:111,0
DA:120,0
DA:121,0
DA:126,0
DA:127,0
DA:128,0
DA:131,0
DA:132,0
DA:134,0
DA:135,0
DA:143,0
DA:145,0
DA:147,0
DA:148,0
DA:151,0
DA:152,0
DA:155,0
DA:156,0
DA:158,0
DA:159,0
DA:160,0
DA:161,0
DA:165,0
DA:166,0
DA:169,0
DA:170,0
DA:171,0
DA:173,0
DA:176,0
DA:177,0
DA:179,0
DA:180,0
DA:181,0
DA:186,0
DA:187,0
DA:189,0
DA:190,0
DA:191,0
DA:192,0
DA:193,0
DA:194,0
DA:195,0
DA:196,0
DA:197,0
DA:199,0
DA:200,0
DA:201,0
DA:202,0
DA:203,0
DA:204,0
DA:205,0
DA:206,0
DA:210,0
DA:211,0
DA:212,0
DA:213,0
DA:214,0
DA:215,0
DA:216,0
DA:217,0
DA:221,0
LF:92
LH:0
BRDA:30,0,0,0
BRDA:30,0,1,0
BRDA:56,1,0,0
BRDA:56,1,1,0
BRDA:102,2,0,0
BRDA:102,2,1,0
BRDA:126,3,0,0
BRDA:126,3,1,0
BRDA:158,4,0,0
BRDA:158,4,1,0
BRDA:169,5,0,0
BRDA:169,5,1,0
BRDA:186,6,0,0
BRDA:186,6,1,0
BRDA:189,7,0,0
BRDA:189,7,1,0
BRF:16
BRH:0
end_of_record
TN:
SF:server\scripts\setup-test-data.js
FN:14,setupTestData
FN:101,(anonymous_1)
FN:105,(anonymous_2)
FNF:3
FNH:0
FNDA:0,setupTestData
FNDA:0,(anonymous_1)
FNDA:0,(anonymous_2)
DA:8,0
DA:10,0
DA:11,0
DA:12,0
DA:15,0
DA:17,0
DA:18,0
DA:21,0
DA:22,0
DA:25,0
DA:26,0
DA:30,0
DA:33,0
DA:34,0
DA:38,0
DA:41,0
DA:42,0
DA:46,0
DA:49,0
DA:50,0
DA:51,0
DA:55,0
DA:59,0
DA:62,0
DA:63,0
DA:82,0
DA:85,0
DA:86,0
DA:88,0
DA:91,0
DA:94,0
DA:99,0
DA:100,0
DA:102,0
DA:103,0
DA:106,0
DA:107,0
DA:111,0
LF:38
LH:0
BRDA:99,0,0,0
BRDA:99,0,1,0
BRF:2
BRH:0
end_of_record
TN:
SF:server\scripts\setup.js
FN:32,checkEnvironment
FN:40,(anonymous_1)
FN:44,(anonymous_2)
FN:57,checkDatabaseSchema
FN:81,setupSystem
FNF:5
FNH:0
FNDA:0,checkEnvironment
FNDA:0,(anonymous_1)
FNDA:0,(anonymous_2)
FNDA:0,checkDatabaseSchema
FNDA:0,setupSystem
DA:8,0
DA:11,0
DA:12,0
DA:13,0
DA:14,0
DA:15,0
DA:18,0
DA:33,0
DA:40,0
DA:42,0
DA:43,0
DA:44,0
DA:45,0
DA:47,0
DA:48,0
DA:51,0
DA:58,0
DA:59,0
DA:60,0
DA:62,0
DA:63,0
DA:65,0
DA:66,0
DA:67,0
DA:68,0
DA:69,0
DA:70,0
DA:71,0
DA:74,0
DA:82,0
DA:83,0
DA:84,0
DA:87,0
DA:88,0
DA:91,0
DA:94,0
DA:95,0
DA:97,0
DA:98,0
DA:101,0
DA:104,0
DA:106,0
DA:107,0
DA:109,0
DA:110,0
DA:111,0
DA:112,0
DA:114,0
DA:115,0
DA:116,0
DA:117,0
DA:118,0
DA:120,0
DA:122,0
DA:123,0
DA:124,0
DA:125,0
DA:130,0
LF:58
LH:0
BRDA:42,0,0,0
BRDA:42,0,1,0
BRDA:65,1,0,0
BRDA:65,1,1,0
BRDA:87,2,0,0
BRDA:87,2,1,0
BRDA:97,3,0,0
BRDA:97,3,1,0
BRF:8
BRH:0
end_of_record
TN:
SF:server\scripts\start-with-setup.js
FN:21,(anonymous_0)
FN:36,runCommand
FN:58,main
FN:95,(anonymous_3)
FNF:4
FNH:0
FNDA:0,(anonymous_0)
FNDA:0,runCommand
FNDA:0,main
FNDA:0,(anonymous_3)
DA:7,0
DA:8,0
DA:9,0
DA:12,0
DA:21,0
DA:29,0
DA:37,0
DA:39,0
DA:40,0
DA:46,0
DA:47,0
DA:49,0
DA:50,0
DA:51,0
DA:59,0
DA:62,0
DA:63,0
DA:64,0
DA:68,0
DA:71,0
DA:72,0
DA:73,0
DA:77,0
DA:78,0
DA:79,0
DA:83,0
DA:85,0
DA:87,0
DA:89,0
DA:90,0
DA:95,0
DA:96,0
DA:97,0
LF:33
LH:0
BRDA:62,0,0,0
BRDA:62,0,1,0
BRDA:71,1,0,0
BRDA:71,1,1,0
BRDA:77,2,0,0
BRDA:77,2,1,0
BRF:6
BRH:0
end_of_record
TN:
SF:server\scripts\test-connection.js
FN:12,testConnection
FN:37,(anonymous_1)
FNF:2
FNH:0
FNDA:0,testConnection
FNDA:0,(anonymous_1)
DA:5,0
DA:6,0
DA:7,0
DA:10,0
DA:13,0
DA:14,0
DA:15,0
DA:16,0
DA:17,0
DA:19,0
DA:21,0
DA:28,0
DA:31,0
DA:32,0
DA:35,0
DA:36,0
DA:37,0
DA:38,0
DA:41,0
DA:42,0
DA:44,0
DA:45,0
DA:46,0
DA:47,0
DA:48,0
DA:49,0
DA:50,0
DA:55,0
LF:28
LH:0
BRDA:45,0,0,0
BRDA:45,0,1,0
BRDA:47,1,0,0
BRDA:47,1,1,0
BRDA:49,2,0,0
BRDA:49,2,1,0
BRF:6
BRH:0
end_of_record
TN:
SF:server\services\auth\auth.service.js
FN:19,login
FN:209,logout
FN:268,refreshToken
FN:352,verifyToken
FN:424,requestPasswordReset
FN:492,resetPassword
FN:532,changePassword
FN:573,validatePassword
FN:607,getUserByCIP
FN:634,updatePassword
FNF:10
FNH:0
FNDA:0,login
FNDA:0,logout
FNDA:0,refreshToken
FNDA:0,verifyToken
FNDA:0,requestPasswordReset
FNDA:0,resetPassword
FNDA:0,changePassword
FNDA:0,validatePassword
FNDA:0,getUserByCIP
FNDA:0,updatePassword
DA:6,0
DA:7,0
DA:8,0
DA:9,0
DA:10,0
DA:11,0
DA:20,0
DA:22,0
DA:23,0
DA:24,0
DA:25,0
DA:29,0
DA:42,0
DA:43,0
DA:50,0
DA:51,0
DA:52,0
DA:55,0
DA:58,0
DA:59,0
DA:60,0
DA:61,0
DA:64,0
DA:65,0
DA:67,0
DA:73,0
DA:74,0
DA:75,0
DA:79,0
DA:85,0
DA:86,0
DA:90,0
DA:93,0
DA:95,0
DA:96,0
DA:98,0
DA:107,0
DA:115,0
DA:116,0
DA:117,0
DA:118,0
DA:120,0
DA:121,0
DA:122,0
DA:123,0
DA:128,0
DA:135,0
DA:142,0
DA:149,0
DA:150,0
DA:151,0
DA:154,0
DA:167,0
DA:174,0
DA:194,0
DA:199,0
DA:210,0
DA:211,0
DA:212,0
DA:215,0
DA:218,0
DA:219,0
DA:220,0
DA:221,0
DA:224,0
DA:229,0
DA:230,0
DA:234,0
DA:235,0
DA:240,0
DA:241,0
DA:245,0
DA:249,0
DA:250,0
DA:253,0
DA:258,0
DA:259,0
DA:269,0
DA:270,0
DA:271,0
DA:272,0
DA:273,0
DA:277,0
DA:288,0
DA:289,0
DA:293,0
DA:294,0
DA:295,0
DA:298,0
DA:301,0
DA:308,0
DA:315,0
DA:316,0
DA:317,0
DA:320,0
DA:330,0
DA:335,0
DA:342,0
DA:343,0
DA:353,0
DA:354,0
DA:355,0
DA:356,0
DA:357,0
DA:361,0
DA:364,0
DA:374,0
DA:375,0
DA:380,0
DA:381,0
DA:382,0
DA:385,0
DA:388,0
DA:403,0
DA:404,0
DA:409,0
DA:410,0
DA:411,0
DA:414,0
DA:415,0
DA:425,0
DA:427,0
DA:434,0
DA:436,0
DA:441,0
DA:447,0
DA:450,0
DA:451,0
DA:452,0
DA:455,0
DA:462,0
DA:470,0
DA:481,0
DA:482,0
DA:493,0
DA:495,0
DA:496,0
DA:497,0
DA:498,0
DA:502,0
DA:505,0
DA:512,0
DA:514,0
DA:518,0
DA:520,0
DA:521,0
DA:533,0
DA:535,0
DA:537,0
DA:538,0
DA:539,0
DA:543,0
DA:545,0
DA:546,0
DA:547,0
DA:551,0
DA:554,0
DA:560,0
DA:561,0
DA:563,0
DA:564,0
DA:575,0
DA:576,0
DA:577,0
DA:578,0
DA:582,0
DA:584,0
DA:585,0
DA:588,0
DA:589,0
DA:592,0
DA:593,0
DA:596,0
DA:597,0
DA:600,0
DA:601,0
DA:602,0
DA:603,0
DA:608,0
DA:609,0
DA:621,0
DA:623,0
DA:624,0
DA:635,0
DA:637,0
DA:640,0
DA:646,0
DA:648,0
DA:649,0
DA:653,0
LF:190
LH:0
BRDA:22,0,0,0
BRDA:22,0,1,0
BRDA:22,1,0,0
BRDA:22,1,1,0
BRDA:42,2,0,0
BRDA:42,2,1,0
BRDA:58,3,0,0
BRDA:58,3,1,0
BRDA:64,4,0,0
BRDA:64,4,1,0
BRDA:93,5,0,0
BRDA:93,5,1,0
BRDA:95,6,0,0
BRDA:95,6,1,0
BRDA:103,7,0,0
BRDA:103,7,1,0
BRDA:115,8,0,0
BRDA:115,8,1,0
BRDA:211,9,0,0
BRDA:211,9,1,0
BRDA:211,10,0,0
BRDA:211,10,1,0
BRDA:218,11,0,0
BRDA:218,11,1,0
BRDA:229,12,0,0
BRDA:229,12,1,0
BRDA:234,13,0,0
BRDA:234,13,1,0
BRDA:240,14,0,0
BRDA:240,14,1,0
BRDA:240,15,0,0
BRDA:240,15,1,0
BRDA:249,16,0,0
BRDA:249,16,1,0
BRDA:270,17,0,0
BRDA:270,17,1,0
BRDA:288,18,0,0
BRDA:288,18,1,0
BRDA:354,19,0,0
BRDA:354,19,1,0
BRDA:374,20,0,0
BRDA:374,20,1,0
BRDA:403,21,0,0
BRDA:403,21,1,0
BRDA:403,22,0,0
BRDA:403,22,1,0
BRDA:434,23,0,0
BRDA:434,23,1,0
BRDA:473,24,0,0
BRDA:473,24,1,0
BRDA:496,25,0,0
BRDA:496,25,1,0
BRDA:537,26,0,0
BRDA:537,26,1,0
BRDA:545,27,0,0
BRDA:545,27,1,0
BRDA:575,28,0,0
BRDA:575,28,1,0
BRDA:575,29,0,0
BRDA:575,29,1,0
BRDA:584,30,0,0
BRDA:584,30,1,0
BRDA:584,31,0,0
BRDA:584,31,1,0
BRDA:588,32,0,0
BRDA:588,32,1,0
BRDA:588,33,0,0
BRDA:588,33,1,0
BRDA:592,34,0,0
BRDA:592,34,1,0
BRDA:592,35,0,0
BRDA:592,35,1,0
BRDA:596,36,0,0
BRDA:596,36,1,0
BRDA:596,37,0,0
BRDA:596,37,1,0
BRDA:600,38,0,0
BRDA:600,38,1,0
BRDA:621,39,0,0
BRDA:621,39,1,0
BRF:80
BRH:0
end_of_record
TN:
SF:server\services\logs\logs.service.js
FN:32,getLogs
FN:160,getFileSystemLogs
FN:200,(anonymous_2)
FN:210,(anonymous_3)
FN:243,exportLogs
FN:266,(anonymous_5)
FN:267,(anonymous_6)
FN:324,downloadExportedLog
FN:359,getSecurityStats
FN:395,(anonymous_9)
FN:423,(anonymous_10)
FNF:11
FNH:0
FNDA:0,getLogs
FNDA:0,getFileSystemLogs
FNDA:0,(anonymous_2)
FNDA:0,(anonymous_3)
FNDA:0,exportLogs
FNDA:0,(anonymous_5)
FNDA:0,(anonymous_6)
FNDA:0,downloadExportedLog
FNDA:0,getSecurityStats
FNDA:0,(anonymous_9)
FNDA:0,(anonymous_10)
DA:7,0
DA:8,0
DA:9,0
DA:10,0
DA:11,0
DA:12,0
DA:13,0
DA:14,0
DA:17,0
DA:20,0
DA:33,0
DA:34,0
DA:38,0
DA:40,0
DA:41,0
DA:43,0
DA:44,0
DA:46,0
DA:47,0
DA:49,0
DA:50,0
DA:52,0
DA:53,0
DA:55,0
DA:56,0
DA:58,0
DA:59,0
DA:61,0
DA:62,0
DA:64,0
DA:65,0
DA:67,0
DA:68,0
DA:70,0
DA:71,0
DA:74,0
DA:78,0
DA:79,0
DA:82,0
DA:83,0
DA:85,0
DA:86,0
DA:87,0
DA:90,0
DA:91,0
DA:92,0
DA:95,0
DA:96,0
DA:101,0
DA:104,0
DA:105,0
DA:106,0
DA:109,0
DA:112,0
DA:113,0
DA:116,0
DA:117,0
DA:119,0
DA:120,0
DA:121,0
DA:124,0
DA:125,0
DA:126,0
DA:129,0
DA:130,0
DA:134,0
DA:135,0
DA:137,0
DA:147,0
DA:148,0
DA:161,0
DA:162,0
DA:166,0
DA:168,0
DA:169,0
DA:171,0
DA:172,0
DA:174,0
DA:175,0
DA:177,0
DA:178,0
DA:180,0
DA:183,0
DA:186,0
DA:187,0
DA:199,0
DA:200,0
DA:203,0
DA:204,0
DA:205,0
DA:208,0
DA:211,0
DA:212,0
DA:214,0
DA:218,0
DA:228,0
DA:229,0
DA:244,0
DA:245,0
DA:248,0
DA:251,0
DA:252,0
DA:253,0
DA:256,0
DA:259,0
DA:260,0
DA:261,0
DA:264,0
DA:266,0
DA:267,0
DA:268,0
DA:273,0
DA:277,0
DA:281,0
DA:282,0
DA:284,0
DA:285,0
DA:286,0
DA:288,0
DA:291,0
DA:294,0
DA:307,0
DA:314,0
DA:315,0
DA:325,0
DA:327,0
DA:330,0
DA:331,0
DA:332,0
DA:336,0
DA:338,0
DA:349,0
DA:350,0
DA:360,0
DA:361,0
DA:363,0
DA:370,0
DA:372,0
DA:373,0
DA:374,0
DA:377,0
DA:378,0
DA:379,0
DA:382,0
DA:384,0
DA:387,0
DA:394,0
DA:396,0
DA:397,0
DA:399,0
DA:400,0
DA:401,0
DA:404,0
DA:405,0
DA:406,0
DA:407,0
DA:408,0
DA:409,0
DA:412,0
DA:413,0
DA:420,0
DA:423,0
DA:426,0
DA:427,0
DA:432,0
LF:165
LH:0
BRDA:32,0,0,0
BRDA:34,1,0,0
BRDA:34,2,0,0
BRDA:38,3,0,0
BRDA:38,3,1,0
BRDA:38,3,2,0
BRDA:38,3,3,0
BRDA:38,3,4,0
BRDA:38,3,5,0
BRDA:38,3,6,0
BRDA:38,3,7,0
BRDA:38,3,8,0
BRDA:38,3,9,0
BRDA:38,3,10,0
BRDA:38,3,11,0
BRDA:82,4,0,0
BRDA:82,4,1,0
BRDA:82,5,0,0
BRDA:82,5,1,0
BRDA:85,6,0,0
BRDA:85,6,1,0
BRDA:90,7,0,0
BRDA:90,7,1,0
BRDA:95,8,0,0
BRDA:95,8,1,0
BRDA:116,9,0,0
BRDA:116,9,1,0
BRDA:116,10,0,0
BRDA:116,10,1,0
BRDA:119,11,0,0
BRDA:119,11,1,0
BRDA:124,12,0,0
BRDA:124,12,1,0
BRDA:129,13,0,0
BRDA:129,13,1,0
BRDA:135,14,0,0
BRDA:135,14,1,0
BRDA:160,15,0,0
BRDA:162,16,0,0
BRDA:162,17,0,0
BRDA:162,18,0,0
BRDA:166,19,0,0
BRDA:166,19,1,0
BRDA:166,19,2,0
BRDA:166,19,3,0
BRDA:166,19,4,0
BRDA:186,20,0,0
BRDA:186,20,1,0
BRDA:245,21,0,0
BRDA:252,22,0,0
BRDA:252,22,1,0
BRDA:252,23,0,0
BRDA:252,23,1,0
BRDA:259,24,0,0
BRDA:259,24,1,0
BRDA:260,25,0,0
BRDA:260,25,1,0
BRDA:268,26,0,0
BRDA:268,26,1,0
BRDA:300,27,0,0
BRDA:300,27,1,0
BRDA:301,28,0,0
BRDA:301,28,1,0
BRDA:302,29,0,0
BRDA:302,29,1,0
BRDA:331,30,0,0
BRDA:331,30,1,0
BRDA:342,31,0,0
BRDA:342,31,1,0
BRDA:344,32,0,0
BRDA:344,32,1,0
BRDA:359,33,0,0
BRDA:372,34,0,0
BRDA:372,34,1,0
BRDA:377,35,0,0
BRDA:377,35,1,0
BRDA:399,36,0,0
BRDA:399,36,1,0
BRDA:404,37,0,0
BRDA:404,37,1,0
BRDA:404,38,0,0
BRDA:404,38,1,0
BRDA:407,39,0,0
BRDA:407,39,1,0
BRDA:415,40,0,0
BRDA:415,40,1,0
BRF:86
BRH:0
end_of_record
TN:
SF:server\utils\database-helpers.js
FN:14,loadEnv
FN:34,executeQuery
FN:57,disableConstraints
FN:91,enableConstraints
FN:109,getDefaultRoles
FN:142,getDefaultAreas
FN:183,hashPassword
FN:197,verifyPassword
FN:205,getDefaultPermissions
FNF:9
FNH:0
FNDA:0,loadEnv
FNDA:0,executeQuery
FNDA:0,disableConstraints
FNDA:0,enableConstraints
FNDA:0,getDefaultRoles
FNDA:0,getDefaultAreas
FNDA:0,hashPassword
FNDA:0,verifyPassword
FNDA:0,getDefaultPermissions
DA:7,0
DA:8,0
DA:9,0
DA:10,0
DA:11,0
DA:15,0
DA:16,0
DA:19,0
DA:20,0
DA:25,0
DA:35,0
DA:43,0
DA:45,0
DA:46,0
DA:47,0
DA:49,0
DA:58,0
DA:59,0
DA:60,0
DA:63,0
DA:65,0
DA:74,0
DA:77,0
DA:79,0
DA:83,0
DA:92,0
DA:93,0
DA:94,0
DA:95,0
DA:97,0
DA:101,0
DA:110,0
DA:143,0
DA:186,0
DA:187,0
DA:188,0
DA:198,0
DA:206,0
DA:218,0
LF:39
LH:0
BRDA:14,0,0,0
BRDA:15,1,0,0
BRDA:15,1,1,0
BRDA:19,2,0,0
BRDA:19,2,1,0
BRDA:34,3,0,0
BRDA:34,4,0,0
BRDA:40,5,0,0
BRDA:40,5,1,0
BRF:9
BRH:0
end_of_record
TN:
SF:server\utils\logger.js
FNF:0
FNH:0
DA:1,1
DA:2,1
DA:5,1
DA:11,1
DA:21,1
DA:22,1
DA:31,1
DA:37,1
LF:8
LH:8
BRDA:21,0,0,1
BRDA:21,0,1,0
BRDA:32,1,0,1
BRDA:32,1,1,0
BRF:4
BRH:2
end_of_record
TN:
SF:server\utils\logger\index.js
FN:45,(anonymous_0)
FN:57,(anonymous_1)
FN:65,(anonymous_2)
FN:68,(anonymous_3)
FN:70,(anonymous_4)
FN:169,(anonymous_5)
FN:179,(anonymous_6)
FN:201,(anonymous_7)
FNF:8
FNH:0
FNDA:0,(anonymous_0)
FNDA:0,(anonymous_1)
FNDA:0,(anonymous_2)
FNDA:0,(anonymous_3)
FNDA:0,(anonymous_4)
FNDA:0,(anonymous_5)
FNDA:0,(anonymous_6)
FNDA:0,(anonymous_7)
DA:7,0
DA:8,0
DA:9,0
DA:12,0
DA:13,0
DA:14,0
DA:18,0
DA:28,0
DA:38,0
DA:41,0
DA:45,0
DA:54,0
DA:59,0
DA:62,0
DA:65,0
DA:66,0
DA:68,0
DA:69,0
DA:70,0
DA:71,0
DA:72,0
DA:73,0
DA:79,0
DA:81,0
DA:87,0
DA:90,0
DA:91,0
DA:94,0
DA:97,0
DA:98,0
DA:107,0
DA:109,0
DA:120,0
DA:131,0
DA:143,0
DA:169,0
DA:170,0
DA:179,0
DA:180,0
DA:186,0
DA:193,0
DA:194,0
DA:197,0
DA:201,0
DA:202,0
DA:203,0
DA:213,0
DA:217,0
LF:48
LH:0
BRDA:13,0,0,0
BRDA:13,0,1,0
BRDA:46,1,0,0
BRDA:46,1,1,0
BRDA:48,2,0,0
BRDA:48,2,1,0
BRDA:66,3,0,0
BRDA:66,3,1,0
BRDA:66,4,0,0
BRDA:66,4,1,0
BRDA:70,5,0,0
BRDA:70,5,1,0
BRDA:72,6,0,0
BRDA:72,6,1,0
BRDA:87,7,0,0
BRDA:87,7,1,0
BRDA:97,8,0,0
BRDA:97,8,1,0
BRDA:100,9,0,0
BRDA:100,9,1,0
BRDA:107,10,0,0
BRDA:107,10,1,0
BRDA:111,11,0,0
BRDA:111,11,1,0
BRDA:114,12,0,0
BRDA:114,12,1,0
BRDA:115,13,0,0
BRDA:115,13,1,0
BRDA:125,14,0,0
BRDA:125,14,1,0
BRDA:126,15,0,0
BRDA:126,15,1,0
BRDA:136,16,0,0
BRDA:136,16,1,0
BRDA:137,17,0,0
BRDA:137,17,1,0
BRDA:169,18,0,0
BRDA:169,19,0,0
BRDA:179,20,0,0
BRDA:193,21,0,0
BRDA:193,21,1,0
BRDA:202,22,0,0
BRDA:202,22,1,0
BRDA:205,23,0,0
BRDA:205,23,1,0
BRDA:208,24,0,0
BRDA:208,24,1,0
BRDA:209,25,0,0
BRDA:209,25,1,0
BRDA:210,26,0,0
BRDA:210,26,1,0
BRDA:213,27,0,0
BRDA:213,27,1,0
BRF:53
BRH:0
end_of_record
